<?xml version="1.0" encoding="UTF-8"?>
<coverage generated="1703675921451" clover="3.2.0">
  <project timestamp="1703675921451" name="All files">
    <metrics statements="4424" coveredstatements="3486" conditionals="2708" coveredconditionals="1868" methods="888" coveredmethods="677" elements="8020" coveredelements="6031" complexity="0" loc="4424" ncloc="4424" packages="28" files="120" classes="120"/>
    <package name="scripts.__tests__.HorizonXTest.StoreFunctionality">
      <metrics statements="6" coveredstatements="3" conditionals="0" coveredconditionals="0" methods="6" coveredmethods="2"/>
      <file name="store.ts" path="/Users/tangzhihao/Documents/Code/inula/packages/inula/scripts/__tests__/HorizonXTest/StoreFunctionality/store.ts">
        <metrics statements="6" coveredstatements="3" conditionals="0" coveredconditionals="0" methods="6" coveredmethods="2"/>
        <line num="18" count="2" type="stmt"/>
        <line num="25" count="2" type="stmt"/>
        <line num="28" count="0" type="stmt"/>
        <line num="31" count="0" type="stmt"/>
        <line num="36" count="6" type="stmt"/>
        <line num="38" count="0" type="stmt"/>
      </file>
    </package>
    <package name="scripts.__tests__.jest">
      <metrics statements="50" coveredstatements="40" conditionals="16" coveredconditionals="11" methods="14" coveredmethods="11"/>
      <file name="commonComponents.js" path="/Users/tangzhihao/Documents/Code/inula/packages/inula/scripts/__tests__/jest/commonComponents.js">
        <metrics statements="10" coveredstatements="10" conditionals="0" coveredconditionals="0" methods="3" coveredmethods="3"/>
        <line num="20" count="26" type="stmt"/>
        <line num="21" count="33" type="stmt"/>
        <line num="22" count="33" type="stmt"/>
        <line num="24" count="33" type="stmt"/>
        <line num="33" count="26" type="stmt"/>
        <line num="34" count="329" type="stmt"/>
        <line num="35" count="329" type="stmt"/>
        <line num="36" count="329" type="stmt"/>
        <line num="40" count="94" type="stmt"/>
        <line num="43" count="94" type="stmt"/>
      </file>
      <file name="logUtils.js" path="/Users/tangzhihao/Documents/Code/inula/packages/inula/scripts/__tests__/jest/logUtils.js">
        <metrics statements="16" coveredstatements="8" conditionals="6" coveredconditionals="1" methods="3" coveredmethods="1"/>
        <line num="16" count="11" type="stmt"/>
        <line num="18" count="11" type="stmt"/>
        <line num="19" count="0" type="cond" truecount="0" falsecount="2"/>
        <line num="20" count="0" type="stmt"/>
        <line num="22" count="0" type="stmt"/>
        <line num="26" count="11" type="stmt"/>
        <line num="27" count="0" type="cond" truecount="0" falsecount="2"/>
        <line num="28" count="0" type="stmt"/>
        <line num="30" count="0" type="stmt"/>
        <line num="31" count="0" type="stmt"/>
        <line num="32" count="0" type="stmt"/>
        <line num="35" count="11" type="stmt"/>
        <line num="36" count="34" type="cond" truecount="1" falsecount="1"/>
        <line num="39" count="11" type="stmt"/>
        <line num="40" count="11" type="stmt"/>
        <line num="41" count="11" type="stmt"/>
      </file>
      <file name="testUtils.js" path="/Users/tangzhihao/Documents/Code/inula/packages/inula/scripts/__tests__/jest/testUtils.js">
        <metrics statements="24" coveredstatements="22" conditionals="10" coveredconditionals="10" methods="8" coveredmethods="7"/>
        <line num="16" count="59" type="stmt"/>
        <line num="17" count="2" type="stmt"/>
        <line num="18" count="2" type="stmt"/>
        <line num="19" count="2" type="stmt"/>
        <line num="23" count="0" type="stmt"/>
        <line num="26" count="0" type="stmt"/>
        <line num="31" count="59" type="stmt"/>
        <line num="34" count="59" type="stmt"/>
        <line num="35" count="592" type="cond" truecount="2" falsecount="0"/>
        <line num="36" count="189" type="stmt"/>
        <line num="38" count="403" type="stmt"/>
        <line num="42" count="59" type="stmt"/>
        <line num="43" count="171" type="cond" truecount="2" falsecount="0"/>
        <line num="44" count="27" type="stmt"/>
        <line num="46" count="144" type="stmt"/>
        <line num="47" count="144" type="stmt"/>
        <line num="48" count="144" type="stmt"/>
        <line num="51" count="59" type="stmt"/>
        <line num="52" count="27" type="cond" truecount="2" falsecount="0"/>
        <line num="55" count="59" type="stmt"/>
        <line num="56" count="574" type="cond" truecount="2" falsecount="0"/>
        <line num="62" count="411" type="cond" truecount="2" falsecount="0"/>
        <line num="63" count="59" type="stmt"/>
        <line num="65" count="411" type="stmt"/>
      </file>
    </package>
    <package name="scripts.__tests__.utils">
      <metrics statements="3" coveredstatements="3" conditionals="0" coveredconditionals="0" methods="1" coveredmethods="1"/>
      <file name="dispatchChangeEvent.js" path="/Users/tangzhihao/Documents/Code/inula/packages/inula/scripts/__tests__/utils/dispatchChangeEvent.js">
        <metrics statements="3" coveredstatements="3" conditionals="0" coveredconditionals="0" methods="1" coveredmethods="1"/>
        <line num="16" count="2" type="stmt"/>
        <line num="17" count="2" type="stmt"/>
        <line num="19" count="2" type="stmt"/>
      </file>
    </package>
    <package name="src">
      <metrics statements="2" coveredstatements="2" conditionals="0" coveredconditionals="0" methods="0" coveredmethods="0"/>
      <file name="index.ts" path="/Users/tangzhihao/Documents/Code/inula/packages/inula/src/index.ts">
        <metrics statements="2" coveredstatements="2" conditionals="0" coveredconditionals="0" methods="0" coveredmethods="0"/>
        <line num="75" count="55" type="stmt"/>
        <line num="127" count="55" type="stmt"/>
      </file>
      <file name="types.ts" path="/Users/tangzhihao/Documents/Code/inula/packages/inula/src/types.ts">
        <metrics statements="0" coveredstatements="0" conditionals="0" coveredconditionals="0" methods="0" coveredmethods="0"/>
      </file>
    </package>
    <package name="src.dom">
      <metrics statements="207" coveredstatements="132" conditionals="150" coveredconditionals="70" methods="45" coveredmethods="33"/>
      <file name="DOMExternal.ts" path="/Users/tangzhihao/Documents/Code/inula/packages/inula/src/dom/DOMExternal.ts">
        <metrics statements="47" coveredstatements="37" conditionals="18" coveredconditionals="10" methods="14" coveredmethods="10"/>
        <line num="28" count="265" type="stmt"/>
        <line num="29" count="265" type="stmt"/>
        <line num="30" count="0" type="stmt"/>
        <line num="31" count="0" type="stmt"/>
        <line num="35" count="265" type="stmt"/>
        <line num="36" count="265" type="stmt"/>
        <line num="37" count="265" type="stmt"/>
        <line num="40" count="265" type="cond" truecount="2" falsecount="0"/>
        <line num="41" count="18" type="stmt"/>
        <line num="42" count="18" type="stmt"/>
        <line num="43" count="18" type="stmt"/>
        <line num="44" count="18" type="stmt"/>
        <line num="49" count="265" type="stmt"/>
        <line num="50" count="265" type="stmt"/>
        <line num="53" count="259" type="stmt"/>
        <line num="57" count="628" type="stmt"/>
        <line num="59" count="628" type="cond" truecount="2" falsecount="0"/>
        <line num="60" count="265" type="stmt"/>
        <line num="63" count="363" type="cond" truecount="2" falsecount="0"/>
        <line num="64" count="262" type="stmt"/>
        <line num="65" count="262" type="stmt"/>
        <line num="66" count="262" type="stmt"/>
        <line num="67" count="262" type="stmt"/>
        <line num="71" count="363" type="stmt"/>
        <line num="74" count="621" type="stmt"/>
        <line num="78" count="0" type="cond" truecount="0" falsecount="4"/>
        <line num="79" count="0" type="stmt"/>
        <line num="83" count="0" type="cond" truecount="0" falsecount="2"/>
        <line num="84" count="0" type="stmt"/>
        <line num="88" count="0" type="stmt"/>
        <line num="93" count="243" type="stmt"/>
        <line num="94" count="243" type="cond" truecount="1" falsecount="1"/>
        <line num="95" count="243" type="stmt"/>
        <line num="96" count="628" type="stmt"/>
        <line num="98" count="628" type="cond" truecount="1" falsecount="1"/>
        <line num="99" count="628" type="stmt"/>
        <line num="100" count="628" type="stmt"/>
        <line num="109" count="358" type="cond" truecount="2" falsecount="0"/>
        <line num="110" count="243" type="stmt"/>
        <line num="111" count="243" type="stmt"/>
        <line num="112" count="243" type="stmt"/>
        <line num="113" count="243" type="stmt"/>
        <line num="117" count="243" type="stmt"/>
        <line num="120" count="115" type="stmt"/>
        <line num="130" count="0" type="stmt"/>
        <line num="132" count="0" type="stmt"/>
        <line num="135" count="0" type="stmt"/>
      </file>
      <file name="DOMInternalKeys.ts" path="/Users/tangzhihao/Documents/Code/inula/packages/inula/src/dom/DOMInternalKeys.ts">
        <metrics statements="31" coveredstatements="24" conditionals="19" coveredconditionals="7" methods="7" coveredmethods="6"/>
        <line num="25" count="59" type="stmt"/>
        <line num="26" count="59" type="stmt"/>
        <line num="27" count="59" type="stmt"/>
        <line num="28" count="59" type="stmt"/>
        <line num="29" count="59" type="stmt"/>
        <line num="30" count="59" type="stmt"/>
        <line num="34" count="146" type="stmt"/>
        <line num="35" count="146" type="cond" truecount="2" falsecount="2"/>
        <line num="36" count="146" type="stmt"/>
        <line num="38" count="0" type="stmt"/>
        <line num="43" count="996" type="stmt"/>
        <line num="48" count="0" type="cond" truecount="0" falsecount="2"/>
        <line num="49" count="0" type="cond" truecount="0" falsecount="2"/>
        <line num="50" count="0" type="stmt"/>
        <line num="51" count="0" type="cond" truecount="0" falsecount="5"/>
        <line num="52" count="0" type="stmt"/>
        <line num="55" count="0" type="stmt"/>
        <line num="60" count="221" type="stmt"/>
        <line num="62" count="221" type="stmt"/>
        <line num="63" count="230" type="stmt"/>
        <line num="64" count="230" type="cond" truecount="2" falsecount="0"/>
        <line num="65" count="218" type="stmt"/>
        <line num="67" count="12" type="stmt"/>
        <line num="70" count="3" type="stmt"/>
        <line num="75" count="9" type="cond" truecount="1" falsecount="1"/>
        <line num="80" count="962" type="stmt"/>
        <line num="84" count="2" type="stmt"/>
        <line num="85" count="2" type="cond" truecount="2" falsecount="0"/>
        <line num="86" count="1" type="stmt"/>
        <line num="87" count="1" type="stmt"/>
        <line num="89" count="2" type="stmt"/>
      </file>
      <file name="DOMOperator.ts" path="/Users/tangzhihao/Documents/Code/inula/packages/inula/src/dom/DOMOperator.ts">
        <metrics statements="67" coveredstatements="58" conditionals="63" coveredconditionals="44" methods="16" coveredmethods="14"/>
        <line num="42" count="59" type="stmt"/>
        <line num="45" count="2230" type="cond" truecount="2" falsecount="2"/>
        <line num="46" count="0" type="stmt"/>
        <line num="49" count="2230" type="cond" truecount="3" falsecount="1"/>
        <line num="51" count="2230" type="cond" truecount="2" falsecount="0"/>
        <line num="55" count="0" type="stmt"/>
        <line num="60" count="2230" type="cond" truecount="3" falsecount="1"/>
        <line num="64" count="856" type="stmt"/>
        <line num="68" count="856" type="stmt"/>
        <line num="69" count="856" type="stmt"/>
        <line num="76" count="650" type="stmt"/>
        <line num="77" count="650" type="cond" truecount="1" falsecount="1"/>
        <line num="79" count="650" type="stmt"/>
        <line num="81" count="650" type="stmt"/>
        <line num="83" count="650" type="stmt"/>
        <line num="85" count="650" type="stmt"/>
        <line num="90" count="650" type="stmt"/>
        <line num="93" count="650" type="stmt"/>
        <line num="96" count="650" type="stmt"/>
        <line num="97" count="650" type="stmt"/>
        <line num="99" count="650" type="cond" truecount="4" falsecount="0"/>
        <line num="101" count="63" type="stmt"/>
        <line num="105" count="650" type="stmt"/>
        <line num="107" count="650" type="stmt"/>
        <line num="118" count="654" type="stmt"/>
        <line num="121" count="654" type="stmt"/>
        <line num="122" count="654" type="stmt"/>
        <line num="124" count="654" type="stmt"/>
        <line num="128" count="1570" type="cond" truecount="5" falsecount="0"/>
        <line num="129" count="75" type="stmt"/>
        <line num="131" count="1495" type="stmt"/>
        <line num="132" count="1495" type="cond" truecount="4" falsecount="0"/>
        <line num="133" count="647" type="stmt"/>
        <line num="135" count="848" type="stmt"/>
        <line num="145" count="34" type="stmt"/>
        <line num="146" count="34" type="stmt"/>
        <line num="147" count="34" type="stmt"/>
        <line num="152" count="325" type="stmt"/>
        <line num="153" count="325" type="stmt"/>
        <line num="155" count="325" type="cond" truecount="2" falsecount="0"/>
        <line num="157" count="312" type="cond" truecount="3" falsecount="1"/>
        <line num="158" count="312" type="stmt"/>
        <line num="159" count="312" type="stmt"/>
        <line num="160" count="312" type="stmt"/>
        <line num="162" count="312" type="cond" truecount="1" falsecount="1"/>
        <line num="163" count="312" type="stmt"/>
        <line num="164" count="312" type="stmt"/>
        <line num="167" count="312" type="cond" truecount="2" falsecount="0"/>
        <line num="175" count="2" type="stmt"/>
        <line num="177" count="312" type="stmt"/>
        <line num="178" count="312" type="stmt"/>
        <line num="179" count="312" type="stmt"/>
        <line num="182" count="13" type="cond" truecount="1" falsecount="1"/>
        <line num="183" count="13" type="cond" truecount="1" falsecount="1"/>
        <line num="185" count="13" type="stmt"/>
        <line num="191" count="0" type="stmt"/>
        <line num="196" count="682" type="stmt"/>
        <line num="201" count="2" type="stmt"/>
        <line num="205" count="311" type="stmt"/>
        <line num="210" count="0" type="cond" truecount="0" falsecount="2"/>
        <line num="211" count="0" type="stmt"/>
        <line num="212" count="0" type="cond" truecount="0" falsecount="2"/>
        <line num="213" count="0" type="stmt"/>
        <line num="219" count="6" type="cond" truecount="1" falsecount="1"/>
        <line num="220" count="6" type="cond" truecount="2" falsecount="0"/>
        <line num="221" count="0" type="cond" truecount="0" falsecount="2"/>
        <line num="222" count="0" type="stmt"/>
      </file>
      <file name="SelectionRangeHandler.ts" path="/Users/tangzhihao/Documents/Code/inula/packages/inula/src/dom/SelectionRangeHandler.ts">
        <metrics statements="62" coveredstatements="13" conditionals="50" coveredconditionals="9" methods="8" coveredmethods="3"/>
        <line num="34" count="0" type="stmt"/>
        <line num="35" count="0" type="stmt"/>
        <line num="37" count="0" type="cond" truecount="0" falsecount="4"/>
        <line num="38" count="0" type="stmt"/>
        <line num="41" count="0" type="cond" truecount="0" falsecount="2"/>
        <line num="42" count="0" type="stmt"/>
        <line num="52" count="0" type="stmt"/>
        <line num="54" count="0" type="cond" truecount="0" falsecount="2"/>
        <line num="55" count="0" type="stmt"/>
        <line num="57" count="0" type="cond" truecount="0" falsecount="2"/>
        <line num="59" count="0" type="stmt"/>
        <line num="60" count="0" type="stmt"/>
        <line num="63" count="0" type="stmt"/>
        <line num="68" count="0" type="cond" truecount="0" falsecount="4"/>
        <line num="69" count="0" type="stmt"/>
        <line num="71" count="0" type="cond" truecount="0" falsecount="2"/>
        <line num="72" count="0" type="stmt"/>
        <line num="74" count="0" type="cond" truecount="0" falsecount="2"/>
        <line num="75" count="0" type="stmt"/>
        <line num="77" count="0" type="cond" truecount="0" falsecount="2"/>
        <line num="78" count="0" type="stmt"/>
        <line num="80" count="0" type="cond" truecount="0" falsecount="2"/>
        <line num="81" count="0" type="stmt"/>
        <line num="83" count="0" type="cond" truecount="0" falsecount="2"/>
        <line num="85" count="0" type="stmt"/>
        <line num="87" count="0" type="stmt"/>
        <line num="89" count="0" type="stmt"/>
        <line num="93" count="0" type="cond" truecount="0" falsecount="4"/>
        <line num="94" count="0" type="stmt"/>
        <line num="96" count="0" type="stmt"/>
        <line num="103" count="856" type="cond" truecount="3" falsecount="1"/>
        <line num="104" count="856" type="stmt"/>
        <line num="105" count="856" type="stmt"/>
        <line num="107" count="856" type="cond" truecount="1" falsecount="1"/>
        <line num="108" count="0" type="stmt"/>
        <line num="109" count="856" type="cond" truecount="1" falsecount="1"/>
        <line num="110" count="0" type="stmt"/>
        <line num="112" count="856" type="stmt"/>
        <line num="115" count="0" type="stmt"/>
        <line num="121" count="856" type="stmt"/>
        <line num="122" count="856" type="stmt"/>
        <line num="139" count="856" type="stmt"/>
        <line num="142" count="856" type="stmt"/>
        <line num="144" count="856" type="cond" truecount="1" falsecount="1"/>
        <line num="145" count="0" type="stmt"/>
        <line num="149" count="856" type="stmt"/>
        <line num="151" count="856" type="cond" truecount="2" falsecount="2"/>
        <line num="152" count="0" type="cond" truecount="0" falsecount="2"/>
        <line num="153" count="0" type="stmt"/>
        <line num="157" count="0" type="stmt"/>
        <line num="158" count="0" type="stmt"/>
        <line num="160" count="0" type="stmt"/>
        <line num="161" count="0" type="cond" truecount="0" falsecount="2"/>
        <line num="163" count="0" type="stmt"/>
        <line num="164" count="0" type="stmt"/>
        <line num="170" count="0" type="stmt"/>
        <line num="174" count="0" type="cond" truecount="0" falsecount="2"/>
        <line num="175" count="0" type="stmt"/>
        <line num="178" count="0" type="stmt"/>
        <line num="179" count="0" type="stmt"/>
        <line num="180" count="0" type="stmt"/>
        <line num="181" count="0" type="stmt"/>
      </file>
    </package>
    <package name="src.dom.DOMPropertiesHandler">
      <metrics statements="136" coveredstatements="109" conditionals="141" coveredconditionals="110" methods="10" coveredmethods="8"/>
      <file name="DOMPropertiesHandler.ts" path="/Users/tangzhihao/Documents/Code/inula/packages/inula/src/dom/DOMPropertiesHandler/DOMPropertiesHandler.ts">
        <metrics statements="82" coveredstatements="61" conditionals="92" coveredconditionals="66" methods="2" coveredmethods="2"/>
        <line num="25" count="962" type="stmt"/>
        <line num="28" count="962" type="stmt"/>
        <line num="29" count="962" type="stmt"/>
        <line num="30" count="1607" type="stmt"/>
        <line num="31" count="1607" type="stmt"/>
        <line num="33" count="1607" type="cond" truecount="2" falsecount="0"/>
        <line num="34" count="5" type="stmt"/>
        <line num="35" count="1602" type="cond" truecount="2" falsecount="0"/>
        <line num="37" count="207" type="stmt"/>
        <line num="38" count="207" type="cond" truecount="2" falsecount="0"/>
        <line num="39" count="2" type="stmt"/>
        <line num="40" count="205" type="cond" truecount="4" falsecount="0"/>
        <line num="41" count="118" type="stmt"/>
        <line num="43" count="1395" type="cond" truecount="2" falsecount="0"/>
        <line num="45" count="791" type="stmt"/>
        <line num="46" count="791" type="cond" truecount="4" falsecount="0"/>
        <line num="47" count="577" type="stmt"/>
        <line num="49" count="604" type="cond" truecount="1" falsecount="1"/>
        <line num="50" count="0" type="stmt"/>
        <line num="51" count="604" type="cond" truecount="5" falsecount="0"/>
        <line num="52" count="340" type="stmt"/>
        <line num="59" count="654" type="stmt"/>
        <line num="60" count="654" type="stmt"/>
        <line num="61" count="654" type="stmt"/>
        <line num="62" count="654" type="stmt"/>
        <line num="64" count="654" type="stmt"/>
        <line num="70" count="654" type="stmt"/>
        <line num="71" count="1157" type="stmt"/>
        <line num="73" count="1157" type="cond" truecount="5" falsecount="0"/>
        <line num="74" count="1154" type="stmt"/>
        <line num="77" count="3" type="cond" truecount="1" falsecount="1"/>
        <line num="78" count="0" type="stmt"/>
        <line num="79" count="0" type="stmt"/>
        <line num="80" count="0" type="stmt"/>
        <line num="81" count="0" type="stmt"/>
        <line num="82" count="0" type="stmt"/>
        <line num="84" count="3" type="cond" truecount="4" falsecount="1"/>
        <line num="85" count="0" type="stmt"/>
        <line num="86" count="3" type="cond" truecount="1" falsecount="1"/>
        <line num="87" count="0" type="cond" truecount="0" falsecount="2"/>
        <line num="88" count="0" type="stmt"/>
        <line num="92" count="3" type="stmt"/>
        <line num="103" count="654" type="stmt"/>
        <line num="104" count="1161" type="stmt"/>
        <line num="105" count="1161" type="stmt"/>
        <line num="106" count="1161" type="cond" truecount="3" falsecount="1"/>
        <line num="108" count="1161" type="cond" truecount="2" falsecount="0"/>
        <line num="113" count="603" type="stmt"/>
        <line num="116" count="558" type="cond" truecount="2" falsecount="0"/>
        <line num="117" count="3" type="cond" truecount="1" falsecount="1"/>
        <line num="120" count="3" type="stmt"/>
        <line num="121" count="3" type="stmt"/>
        <line num="122" count="3" type="stmt"/>
        <line num="123" count="3" type="cond" truecount="3" falsecount="1"/>
        <line num="124" count="0" type="stmt"/>
        <line num="129" count="3" type="cond" truecount="1" falsecount="1"/>
        <line num="130" count="3" type="stmt"/>
        <line num="131" count="3" type="stmt"/>
        <line num="132" count="3" type="cond" truecount="1" falsecount="1"/>
        <line num="133" count="0" type="stmt"/>
        <line num="138" count="0" type="cond" truecount="0" falsecount="2"/>
        <line num="139" count="0" type="stmt"/>
        <line num="141" count="0" type="stmt"/>
        <line num="143" count="555" type="cond" truecount="1" falsecount="1"/>
        <line num="144" count="0" type="cond" truecount="0" falsecount="2"/>
        <line num="145" count="0" type="cond" truecount="0" falsecount="2"/>
        <line num="146" count="0" type="cond" truecount="0" falsecount="4"/>
        <line num="147" count="0" type="cond" truecount="0" falsecount="2"/>
        <line num="148" count="0" type="stmt"/>
        <line num="151" count="555" type="cond" truecount="2" falsecount="0"/>
        <line num="152" count="480" type="cond" truecount="4" falsecount="0"/>
        <line num="153" count="253" type="stmt"/>
        <line num="155" count="75" type="cond" truecount="2" falsecount="0"/>
        <line num="156" count="59" type="stmt"/>
        <line num="157" count="59" type="cond" truecount="1" falsecount="1"/>
        <line num="158" count="0" type="stmt"/>
        <line num="159" count="59" type="cond" truecount="4" falsecount="0"/>
        <line num="160" count="4" type="stmt"/>
        <line num="163" count="16" type="stmt"/>
        <line num="168" count="654" type="cond" truecount="1" falsecount="1"/>
        <line num="169" count="0" type="stmt"/>
        <line num="172" count="654" type="stmt"/>
      </file>
      <file name="StyleHandler.ts" path="/Users/tangzhihao/Documents/Code/inula/packages/inula/src/dom/DOMPropertiesHandler/StyleHandler.ts">
        <metrics statements="23" coveredstatements="22" conditionals="23" coveredconditionals="22" methods="4" coveredmethods="4"/>
        <line num="19" count="59" type="stmt"/>
        <line num="36" count="59" type="stmt"/>
        <line num="37" count="59" type="stmt"/>
        <line num="38" count="826" type="stmt"/>
        <line num="39" count="826" type="stmt"/>
        <line num="42" count="826" type="stmt"/>
        <line num="43" count="826" type="stmt"/>
        <line num="44" count="826" type="stmt"/>
        <line num="48" count="3" type="stmt"/>
        <line num="66" count="11" type="stmt"/>
        <line num="68" count="11" type="cond" truecount="5" falsecount="0"/>
        <line num="69" count="2" type="stmt"/>
        <line num="70" count="9" type="cond" truecount="6" falsecount="0"/>
        <line num="71" count="6" type="stmt"/>
        <line num="74" count="11" type="stmt"/>
        <line num="81" count="5" type="cond" truecount="1" falsecount="1"/>
        <line num="82" count="0" type="stmt"/>
        <line num="85" count="5" type="stmt"/>
        <line num="86" count="5" type="stmt"/>
        <line num="87" count="6" type="stmt"/>
        <line num="89" count="6" type="cond" truecount="2" falsecount="0"/>
        <line num="90" count="1" type="stmt"/>
        <line num="93" count="5" type="stmt"/>
      </file>
      <file name="UpdateCommonProp.ts" path="/Users/tangzhihao/Documents/Code/inula/packages/inula/src/dom/DOMPropertiesHandler/UpdateCommonProp.ts">
        <metrics statements="31" coveredstatements="26" conditionals="26" coveredconditionals="22" methods="4" coveredmethods="2"/>
        <line num="23" count="59" type="stmt"/>
        <line num="24" count="59" type="stmt"/>
        <line num="88" count="3717" type="stmt"/>
        <line num="92" count="0" type="stmt"/>
        <line num="93" count="0" type="stmt"/>
        <line num="102" count="345" type="stmt"/>
        <line num="104" count="345" type="cond" truecount="2" falsecount="0"/>
        <line num="105" count="10" type="stmt"/>
        <line num="108" count="345" type="cond" truecount="2" falsecount="0"/>
        <line num="109" count="1" type="stmt"/>
        <line num="112" count="344" type="cond" truecount="4" falsecount="0"/>
        <line num="114" count="262" type="cond" truecount="3" falsecount="1"/>
        <line num="115" count="0" type="cond" truecount="0" falsecount="2"/>
        <line num="116" count="0" type="stmt"/>
        <line num="120" count="262" type="cond" truecount="2" falsecount="0"/>
        <line num="121" count="1" type="stmt"/>
        <line num="123" count="261" type="stmt"/>
        <line num="125" count="82" type="cond" truecount="2" falsecount="0"/>
        <line num="126" count="21" type="cond" truecount="2" falsecount="0"/>
        <line num="128" count="7" type="stmt"/>
        <line num="130" count="14" type="stmt"/>
        <line num="134" count="61" type="cond" truecount="2" falsecount="0"/>
        <line num="135" count="2" type="stmt"/>
        <line num="137" count="59" type="stmt"/>
        <line num="138" count="59" type="stmt"/>
        <line num="140" count="59" type="cond" truecount="2" falsecount="0"/>
        <line num="142" count="5" type="stmt"/>
        <line num="144" count="54" type="stmt"/>
        <line num="147" count="59" type="cond" truecount="1" falsecount="1"/>
        <line num="148" count="0" type="stmt"/>
        <line num="150" count="59" type="stmt"/>
      </file>
    </package>
    <package name="src.dom.utils">
      <metrics statements="28" coveredstatements="17" conditionals="16" coveredconditionals="11" methods="12" coveredmethods="7"/>
      <file name="Common.ts" path="/Users/tangzhihao/Documents/Code/inula/packages/inula/src/dom/utils/Common.ts">
        <metrics statements="21" coveredstatements="11" conditionals="10" coveredconditionals="7" methods="11" coveredmethods="6"/>
        <line num="24" count="1712" type="cond" truecount="2" falsecount="0"/>
        <line num="26" count="1712" type="cond" truecount="1" falsecount="1"/>
        <line num="32" count="1712" type="stmt"/>
        <line num="33" count="1712" type="stmt"/>
        <line num="35" count="1712" type="stmt"/>
        <line num="36" count="0" type="stmt"/>
        <line num="38" count="0" type="cond" truecount="0" falsecount="2"/>
        <line num="40" count="0" type="stmt"/>
        <line num="43" count="0" type="stmt"/>
        <line num="47" count="0" type="stmt"/>
        <line num="50" count="1712" type="stmt"/>
        <line num="54" count="0" type="stmt"/>
        <line num="58" count="0" type="stmt"/>
        <line num="62" count="0" type="stmt"/>
        <line num="66" count="650" type="stmt"/>
        <line num="70" count="0" type="stmt"/>
        <line num="74" count="417" type="stmt"/>
        <line num="78" count="0" type="stmt"/>
        <line num="81" count="59" type="stmt"/>
        <line num="85" count="650" type="cond" truecount="2" falsecount="0"/>
        <line num="89" count="24" type="cond" truecount="2" falsecount="0"/>
      </file>
      <file name="DomCreator.ts" path="/Users/tangzhihao/Documents/Code/inula/packages/inula/src/dom/utils/DomCreator.ts">
        <metrics statements="7" coveredstatements="6" conditionals="6" coveredconditionals="4" methods="1" coveredmethods="1"/>
        <line num="16" count="59" type="stmt"/>
        <line num="25" count="650" type="cond" truecount="2" falsecount="0"/>
        <line num="26" count="650" type="cond" truecount="1" falsecount="1"/>
        <line num="28" count="650" type="cond" truecount="1" falsecount="1"/>
        <line num="29" count="0" type="stmt"/>
        <line num="31" count="650" type="stmt"/>
        <line num="33" count="650" type="stmt"/>
      </file>
    </package>
    <package name="src.dom.validators">
      <metrics statements="52" coveredstatements="34" conditionals="56" coveredconditionals="37" methods="10" coveredmethods="7"/>
      <file name="PropertiesData.ts" path="/Users/tangzhihao/Documents/Code/inula/packages/inula/src/dom/validators/PropertiesData.ts">
        <metrics statements="13" coveredstatements="13" conditionals="8" coveredconditionals="8" methods="2" coveredmethods="2"/>
        <line num="40" count="59" type="stmt"/>
        <line num="114" count="59" type="stmt"/>
        <line num="116" count="59" type="stmt"/>
        <line num="117" count="3422" type="stmt"/>
        <line num="118" count="3422" type="stmt"/>
        <line num="120" count="3422" type="cond" truecount="2" falsecount="0"/>
        <line num="121" count="1003" type="stmt"/>
        <line num="124" count="3422" type="cond" truecount="2" falsecount="0"/>
        <line num="125" count="1652" type="stmt"/>
        <line num="128" count="3422" type="cond" truecount="2" falsecount="0"/>
        <line num="129" count="2832" type="stmt"/>
        <line num="132" count="3422" type="stmt"/>
        <line num="141" count="345" type="cond" truecount="2" falsecount="0"/>
      </file>
      <file name="ValidateProps.ts" path="/Users/tangzhihao/Documents/Code/inula/packages/inula/src/dom/validators/ValidateProps.ts">
        <metrics statements="39" coveredstatements="21" conditionals="48" coveredconditionals="29" methods="8" coveredmethods="5"/>
        <line num="18" count="59" type="stmt"/>
        <line num="22" count="2266" type="cond" truecount="2" falsecount="0"/>
        <line num="26" count="78" type="cond" truecount="2" falsecount="0"/>
        <line num="27" count="19" type="stmt"/>
        <line num="31" count="59" type="cond" truecount="2" falsecount="0"/>
        <line num="32" count="17" type="cond" truecount="2" falsecount="0"/>
        <line num="34" count="17" type="cond" truecount="2" falsecount="3"/>
        <line num="35" count="17" type="stmt"/>
        <line num="39" count="0" type="stmt"/>
        <line num="42" count="42" type="stmt"/>
        <line num="47" count="1680" type="stmt"/>
        <line num="52" count="0" type="cond" truecount="0" falsecount="2"/>
        <line num="54" count="0" type="cond" truecount="0" falsecount="2"/>
        <line num="55" count="0" type="stmt"/>
        <line num="57" count="0" type="stmt"/>
        <line num="60" count="0" type="stmt"/>
        <line num="63" count="0" type="cond" truecount="0" falsecount="4"/>
        <line num="64" count="0" type="stmt"/>
        <line num="67" count="0" type="stmt"/>
        <line num="76" count="345" type="cond" truecount="4" falsecount="0"/>
        <line num="77" count="5" type="stmt"/>
        <line num="80" count="340" type="cond" truecount="1" falsecount="1"/>
        <line num="81" count="0" type="stmt"/>
        <line num="84" count="340" type="cond" truecount="3" falsecount="1"/>
        <line num="85" count="0" type="stmt"/>
        <line num="88" count="340" type="cond" truecount="4" falsecount="0"/>
        <line num="89" count="24" type="stmt"/>
        <line num="92" count="316" type="stmt"/>
        <line num="97" count="1304" type="cond" truecount="1" falsecount="1"/>
        <line num="98" count="0" type="stmt"/>
        <line num="102" count="1304" type="cond" truecount="1" falsecount="1"/>
        <line num="103" count="0" type="stmt"/>
        <line num="107" count="1304" type="cond" truecount="4" falsecount="1"/>
        <line num="108" count="0" type="stmt"/>
        <line num="111" count="1304" type="cond" truecount="1" falsecount="1"/>
        <line num="113" count="0" type="stmt"/>
        <line num="115" count="0" type="stmt"/>
        <line num="117" count="0" type="cond" truecount="0" falsecount="2"/>
        <line num="118" count="0" type="stmt"/>
      </file>
    </package>
    <package name="src.dom.valueHandler">
      <metrics statements="126" coveredstatements="123" conditionals="106" coveredconditionals="94" methods="25" coveredmethods="25"/>
      <file name="InputValueHandler.ts" path="/Users/tangzhihao/Documents/Code/inula/packages/inula/src/dom/valueHandler/InputValueHandler.ts">
        <metrics statements="22" coveredstatements="22" conditionals="24" coveredconditionals="23" methods="4" coveredmethods="4"/>
        <line num="20" count="137" type="stmt"/>
        <line num="22" count="137" type="cond" truecount="4" falsecount="0"/>
        <line num="23" count="137" type="cond" truecount="4" falsecount="0"/>
        <line num="24" count="137" type="cond" truecount="4" falsecount="0"/>
        <line num="26" count="137" type="stmt"/>
        <line num="31" count="92" type="stmt"/>
        <line num="32" count="92" type="cond" truecount="2" falsecount="0"/>
        <line num="33" count="85" type="stmt"/>
        <line num="36" count="92" type="stmt"/>
        <line num="46" count="26" type="stmt"/>
        <line num="48" count="26" type="cond" truecount="2" falsecount="0"/>
        <line num="50" count="12" type="cond" truecount="1" falsecount="1"/>
        <line num="51" count="12" type="stmt"/>
        <line num="53" count="14" type="cond" truecount="2" falsecount="0"/>
        <line num="54" count="3" type="stmt"/>
        <line num="60" count="52" type="stmt"/>
        <line num="61" count="52" type="stmt"/>
        <line num="63" count="52" type="cond" truecount="4" falsecount="0"/>
        <line num="65" count="22" type="stmt"/>
        <line num="67" count="22" type="stmt"/>
        <line num="69" count="22" type="stmt"/>
        <line num="73" count="52" type="stmt"/>
      </file>
      <file name="OptionValueHandler.ts" path="/Users/tangzhihao/Documents/Code/inula/packages/inula/src/dom/valueHandler/OptionValueHandler.ts">
        <metrics statements="6" coveredstatements="6" conditionals="2" coveredconditionals="1" methods="3" coveredmethods="3"/>
        <line num="21" count="78" type="stmt"/>
        <line num="22" count="78" type="stmt"/>
        <line num="23" count="78" type="stmt"/>
        <line num="26" count="78" type="stmt"/>
        <line num="30" count="78" type="stmt"/>
        <line num="32" count="78" type="stmt"/>
      </file>
      <file name="SelectValueHandler.ts" path="/Users/tangzhihao/Documents/Code/inula/packages/inula/src/dom/valueHandler/SelectValueHandler.ts">
        <metrics statements="29" coveredstatements="28" conditionals="26" coveredconditionals="23" methods="6" coveredmethods="6"/>
        <line num="19" count="6" type="stmt"/>
        <line num="21" count="6" type="stmt"/>
        <line num="22" count="10" type="stmt"/>
        <line num="26" count="6" type="stmt"/>
        <line num="27" count="18" type="stmt"/>
        <line num="28" count="18" type="stmt"/>
        <line num="30" count="18" type="cond" truecount="2" falsecount="0"/>
        <line num="31" count="17" type="stmt"/>
        <line num="38" count="8" type="stmt"/>
        <line num="39" count="13" type="stmt"/>
        <line num="41" count="13" type="cond" truecount="2" falsecount="0"/>
        <line num="42" count="8" type="stmt"/>
        <line num="43" count="8" type="stmt"/>
        <line num="50" count="14" type="cond" truecount="2" falsecount="0"/>
        <line num="51" count="6" type="stmt"/>
        <line num="53" count="8" type="stmt"/>
        <line num="58" count="27" type="stmt"/>
        <line num="65" count="19" type="stmt"/>
        <line num="67" count="19" type="cond" truecount="2" falsecount="0"/>
        <line num="68" count="19" type="stmt"/>
        <line num="69" count="19" type="stmt"/>
        <line num="72" count="19" type="cond" truecount="4" falsecount="0"/>
        <line num="73" count="6" type="stmt"/>
        <line num="74" count="13" type="cond" truecount="2" falsecount="0"/>
        <line num="77" count="2" type="cond" truecount="3" falsecount="1"/>
        <line num="78" count="2" type="stmt"/>
        <line num="81" count="0" type="cond" truecount="0" falsecount="2"/>
        <line num="83" count="11" type="cond" truecount="5" falsecount="0"/>
        <line num="85" count="6" type="stmt"/>
      </file>
      <file name="TextareaValueHandler.ts" path="/Users/tangzhihao/Documents/Code/inula/packages/inula/src/dom/valueHandler/TextareaValueHandler.ts">
        <metrics statements="19" coveredstatements="19" conditionals="21" coveredconditionals="17" methods="3" coveredmethods="3"/>
        <line num="20" count="11" type="stmt"/>
        <line num="22" count="11" type="cond" truecount="2" falsecount="0"/>
        <line num="23" count="8" type="stmt"/>
        <line num="24" count="8" type="stmt"/>
        <line num="27" count="8" type="cond" truecount="4" falsecount="0"/>
        <line num="29" count="1" type="cond" truecount="1" falsecount="1"/>
        <line num="33" count="8" type="cond" truecount="1" falsecount="1"/>
        <line num="34" count="8" type="stmt"/>
        <line num="36" count="3" type="stmt"/>
        <line num="41" count="27" type="stmt"/>
        <line num="48" count="19" type="cond" truecount="2" falsecount="0"/>
        <line num="49" count="11" type="stmt"/>
        <line num="50" count="11" type="cond" truecount="1" falsecount="1"/>
        <line num="51" count="11" type="stmt"/>
        <line num="55" count="8" type="stmt"/>
        <line num="56" count="8" type="cond" truecount="4" falsecount="0"/>
        <line num="57" count="5" type="stmt"/>
        <line num="59" count="5" type="cond" truecount="1" falsecount="1"/>
        <line num="60" count="5" type="stmt"/>
      </file>
      <file name="ValueChangeHandler.ts" path="/Users/tangzhihao/Documents/Code/inula/packages/inula/src/dom/valueHandler/ValueChangeHandler.ts">
        <metrics statements="28" coveredstatements="26" conditionals="20" coveredconditionals="17" methods="6" coveredmethods="6"/>
        <line num="25" count="75" type="stmt"/>
        <line num="26" count="75" type="cond" truecount="4" falsecount="0"/>
        <line num="27" count="64" type="cond" truecount="2" falsecount="0"/>
        <line num="30" count="11" type="stmt"/>
        <line num="39" count="63" type="cond" truecount="1" falsecount="1"/>
        <line num="41" count="63" type="cond" truecount="2" falsecount="0"/>
        <line num="43" count="63" type="stmt"/>
        <line num="45" count="63" type="cond" truecount="1" falsecount="1"/>
        <line num="46" count="0" type="stmt"/>
        <line num="50" count="63" type="stmt"/>
        <line num="52" count="63" type="stmt"/>
        <line num="53" count="63" type="stmt"/>
        <line num="56" count="53" type="stmt"/>
        <line num="57" count="53" type="stmt"/>
        <line num="61" count="63" type="stmt"/>
        <line num="63" count="12" type="stmt"/>
        <line num="66" count="11" type="stmt"/>
        <line num="74" count="12" type="stmt"/>
        <line num="75" count="12" type="cond" truecount="1" falsecount="1"/>
        <line num="76" count="0" type="stmt"/>
        <line num="80" count="12" type="cond" truecount="2" falsecount="0"/>
        <line num="81" count="6" type="cond" truecount="2" falsecount="0"/>
        <line num="83" count="6" type="stmt"/>
        <line num="86" count="12" type="stmt"/>
        <line num="87" count="12" type="cond" truecount="2" falsecount="0"/>
        <line num="88" count="11" type="stmt"/>
        <line num="89" count="11" type="stmt"/>
        <line num="92" count="1" type="stmt"/>
      </file>
      <file name="index.ts" path="/Users/tangzhihao/Documents/Code/inula/packages/inula/src/dom/valueHandler/index.ts">
        <metrics statements="22" coveredstatements="22" conditionals="13" coveredconditionals="13" methods="3" coveredmethods="3"/>
        <line num="29" count="1958" type="cond" truecount="5" falsecount="0"/>
        <line num="31" count="92" type="stmt"/>
        <line num="33" count="78" type="stmt"/>
        <line num="35" count="27" type="stmt"/>
        <line num="37" count="27" type="stmt"/>
        <line num="39" count="1734" type="stmt"/>
        <line num="45" count="650" type="cond" truecount="4" falsecount="0"/>
        <line num="47" count="52" type="stmt"/>
        <line num="48" count="52" type="stmt"/>
        <line num="50" count="11" type="stmt"/>
        <line num="51" count="11" type="stmt"/>
        <line num="53" count="11" type="stmt"/>
        <line num="54" count="11" type="stmt"/>
        <line num="56" count="576" type="stmt"/>
        <line num="62" count="312" type="cond" truecount="4" falsecount="0"/>
        <line num="64" count="20" type="stmt"/>
        <line num="65" count="20" type="stmt"/>
        <line num="67" count="8" type="stmt"/>
        <line num="68" count="8" type="stmt"/>
        <line num="70" count="8" type="stmt"/>
        <line num="71" count="8" type="stmt"/>
        <line num="73" count="276" type="stmt"/>
      </file>
    </package>
    <package name="src.event">
      <metrics statements="295" coveredstatements="267" conditionals="203" coveredconditionals="167" methods="50" coveredmethods="49"/>
      <file name="EventBinding.ts" path="/Users/tangzhihao/Documents/Code/inula/packages/inula/src/event/EventBinding.ts">
        <metrics statements="48" coveredstatements="42" conditionals="24" coveredconditionals="17" methods="12" coveredmethods="12"/>
        <line num="35" count="193" type="stmt"/>
        <line num="37" count="193" type="cond" truecount="1" falsecount="1"/>
        <line num="38" count="193" type="stmt"/>
        <line num="40" count="193" type="stmt"/>
        <line num="45" count="808" type="stmt"/>
        <line num="47" count="808" type="cond" truecount="2" falsecount="2"/>
        <line num="48" count="0" type="stmt"/>
        <line num="51" count="808" type="stmt"/>
        <line num="52" count="808" type="stmt"/>
        <line num="54" count="808" type="stmt"/>
        <line num="59" count="816" type="cond" truecount="3" falsecount="1"/>
        <line num="60" count="0" type="stmt"/>
        <line num="62" count="816" type="stmt"/>
        <line num="67" count="814" type="stmt"/>
        <line num="69" count="814" type="stmt"/>
        <line num="70" count="814" type="stmt"/>
        <line num="72" count="814" type="stmt"/>
        <line num="73" count="1426" type="cond" truecount="2" falsecount="0"/>
        <line num="76" count="1426" type="cond" truecount="2" falsecount="0"/>
        <line num="77" count="1426" type="stmt"/>
        <line num="79" count="1426" type="cond" truecount="2" falsecount="0"/>
        <line num="80" count="808" type="stmt"/>
        <line num="87" count="283" type="stmt"/>
        <line num="88" count="566" type="stmt"/>
        <line num="94" count="18" type="stmt"/>
        <line num="95" count="126" type="stmt"/>
        <line num="102" count="2" type="cond" truecount="2" falsecount="0"/>
        <line num="103" count="1" type="stmt"/>
        <line num="105" count="1" type="stmt"/>
        <line num="107" count="2" type="cond" truecount="1" falsecount="1"/>
        <line num="108" count="0" type="stmt"/>
        <line num="110" count="2" type="stmt"/>
        <line num="115" count="2" type="stmt"/>
        <line num="116" count="4" type="stmt"/>
        <line num="117" count="4" type="stmt"/>
        <line num="118" count="4" type="stmt"/>
        <line num="125" count="2" type="stmt"/>
        <line num="126" count="2" type="stmt"/>
        <line num="129" count="2" type="stmt"/>
        <line num="130" count="2" type="stmt"/>
        <line num="131" count="2" type="cond" truecount="1" falsecount="1"/>
        <line num="132" count="0" type="stmt"/>
        <line num="133" count="0" type="stmt"/>
        <line num="136" count="2" type="cond" truecount="1" falsecount="1"/>
        <line num="137" count="0" type="stmt"/>
        <line num="141" count="2" type="stmt"/>
        <line num="143" count="2" type="stmt"/>
        <line num="144" count="2" type="stmt"/>
      </file>
      <file name="EventHub.ts" path="/Users/tangzhihao/Documents/Code/inula/packages/inula/src/event/EventHub.ts">
        <metrics statements="17" coveredstatements="17" conditionals="2" coveredconditionals="2" methods="3" coveredmethods="3"/>
        <line num="17" count="59" type="stmt"/>
        <line num="24" count="59" type="stmt"/>
        <line num="27" count="59" type="stmt"/>
        <line num="29" count="59" type="stmt"/>
        <line num="32" count="59" type="stmt"/>
        <line num="70" count="59" type="stmt"/>
        <line num="104" count="59" type="stmt"/>
        <line num="105" count="59" type="stmt"/>
        <line num="106" count="59" type="stmt"/>
        <line num="107" count="59" type="stmt"/>
        <line num="109" count="59" type="stmt"/>
        <line num="110" count="2006" type="stmt"/>
        <line num="111" count="2006" type="stmt"/>
        <line num="113" count="2006" type="stmt"/>
        <line num="114" count="2301" type="stmt"/>
        <line num="119" count="192" type="stmt"/>
        <line num="121" count="192" type="cond" truecount="2" falsecount="0"/>
      </file>
      <file name="EventWrapper.ts" path="/Users/tangzhihao/Documents/Code/inula/packages/inula/src/event/EventWrapper.ts">
        <metrics statements="26" coveredstatements="26" conditionals="6" coveredconditionals="6" methods="8" coveredmethods="8"/>
        <line num="19" count="59" type="stmt"/>
        <line num="29" count="59" type="stmt"/>
        <line num="38" count="232" type="stmt"/>
        <line num="46" count="232" type="stmt"/>
        <line num="47" count="232" type="stmt"/>
        <line num="49" count="232" type="stmt"/>
        <line num="54" count="232" type="stmt"/>
        <line num="57" count="232" type="stmt"/>
        <line num="58" count="8755" type="stmt"/>
        <line num="59" count="8755" type="cond" truecount="2" falsecount="0"/>
        <line num="60" count="211" type="stmt"/>
        <line num="61" count="211" type="stmt"/>
        <line num="65" count="232" type="stmt"/>
        <line num="66" count="6" type="stmt"/>
        <line num="67" count="6" type="stmt"/>
        <line num="70" count="232" type="stmt"/>
        <line num="71" count="4" type="stmt"/>
        <line num="72" count="4" type="stmt"/>
        <line num="76" count="232" type="stmt"/>
        <line num="77" count="232" type="stmt"/>
        <line num="79" count="232" type="stmt"/>
        <line num="81" count="232" type="stmt"/>
        <line num="84" count="232" type="cond" truecount="2" falsecount="0"/>
        <line num="85" count="232" type="cond" truecount="2" falsecount="0"/>
        <line num="89" count="8" type="stmt"/>
        <line num="99" count="202" type="stmt"/>
      </file>
      <file name="FormValueController.ts" path="/Users/tangzhihao/Documents/Code/inula/packages/inula/src/event/FormValueController.ts">
        <metrics statements="30" coveredstatements="24" conditionals="22" coveredconditionals="14" methods="6" coveredmethods="6"/>
        <line num="24" count="59" type="stmt"/>
        <line num="28" count="9" type="cond" truecount="1" falsecount="1"/>
        <line num="29" count="0" type="stmt"/>
        <line num="31" count="9" type="stmt"/>
        <line num="37" count="192" type="cond" truecount="2" falsecount="0"/>
        <line num="41" count="9" type="stmt"/>
        <line num="44" count="9" type="cond" truecount="4" falsecount="0"/>
        <line num="45" count="3" type="stmt"/>
        <line num="46" count="3" type="stmt"/>
        <line num="47" count="6" type="stmt"/>
        <line num="48" count="6" type="cond" truecount="2" falsecount="0"/>
        <line num="49" count="3" type="stmt"/>
        <line num="51" count="3" type="cond" truecount="2" falsecount="3"/>
        <line num="52" count="0" type="stmt"/>
        <line num="55" count="3" type="stmt"/>
        <line num="58" count="6" type="stmt"/>
        <line num="64" count="9" type="stmt"/>
        <line num="65" count="9" type="cond" truecount="1" falsecount="1"/>
        <line num="66" count="9" type="stmt"/>
        <line num="67" count="9" type="cond" truecount="1" falsecount="2"/>
        <line num="69" count="9" type="stmt"/>
        <line num="70" count="9" type="stmt"/>
        <line num="72" count="0" type="stmt"/>
        <line num="73" count="0" type="stmt"/>
        <line num="75" count="0" type="stmt"/>
        <line num="82" count="9" type="cond" truecount="1" falsecount="1"/>
        <line num="83" count="0" type="stmt"/>
        <line num="85" count="9" type="stmt"/>
        <line num="86" count="9" type="stmt"/>
        <line num="88" count="9" type="stmt"/>
      </file>
      <file name="InulaEventMain.ts" path="/Users/tangzhihao/Documents/Code/inula/packages/inula/src/event/InulaEventMain.ts">
        <metrics statements="64" coveredstatements="59" conditionals="53" coveredconditionals="47" methods="8" coveredmethods="8"/>
        <line num="37" count="59" type="stmt"/>
        <line num="46" count="146" type="stmt"/>
        <line num="47" count="146" type="stmt"/>
        <line num="49" count="146" type="cond" truecount="4" falsecount="1"/>
        <line num="50" count="0" type="stmt"/>
        <line num="51" count="146" type="cond" truecount="5" falsecount="0"/>
        <line num="52" count="9" type="cond" truecount="2" falsecount="0"/>
        <line num="53" count="3" type="stmt"/>
        <line num="55" count="137" type="cond" truecount="2" falsecount="0"/>
        <line num="56" count="9" type="cond" truecount="4" falsecount="0"/>
        <line num="57" count="6" type="stmt"/>
        <line num="60" count="137" type="stmt"/>
        <line num="73" count="146" type="cond" truecount="1" falsecount="1"/>
        <line num="74" count="0" type="stmt"/>
        <line num="76" count="146" type="stmt"/>
        <line num="79" count="146" type="cond" truecount="2" falsecount="0"/>
        <line num="80" count="9" type="stmt"/>
        <line num="82" count="9" type="stmt"/>
        <line num="83" count="9" type="stmt"/>
        <line num="86" count="137" type="stmt"/>
        <line num="97" count="192" type="stmt"/>
        <line num="99" count="192" type="cond" truecount="2" falsecount="0"/>
        <line num="100" count="3" type="stmt"/>
        <line num="104" count="189" type="cond" truecount="4" falsecount="1"/>
        <line num="105" count="0" type="stmt"/>
        <line num="108" count="189" type="cond" truecount="2" falsecount="0"/>
        <line num="109" count="2" type="stmt"/>
        <line num="112" count="189" type="cond" truecount="2" falsecount="0"/>
        <line num="113" count="2" type="stmt"/>
        <line num="116" count="189" type="stmt"/>
        <line num="117" count="189" type="cond" truecount="2" falsecount="0"/>
        <line num="122" count="192" type="stmt"/>
        <line num="123" count="192" type="stmt"/>
        <line num="124" count="192" type="cond" truecount="2" falsecount="0"/>
        <line num="125" count="4" type="stmt"/>
        <line num="128" count="188" type="stmt"/>
        <line num="129" count="188" type="stmt"/>
        <line num="130" count="188" type="stmt"/>
        <line num="131" count="188" type="stmt"/>
        <line num="142" count="192" type="cond" truecount="1" falsecount="1"/>
        <line num="145" count="192" type="stmt"/>
        <line num="153" count="192" type="stmt"/>
        <line num="154" count="192" type="cond" truecount="2" falsecount="0"/>
        <line num="155" count="17" type="stmt"/>
        <line num="158" count="192" type="stmt"/>
        <line num="160" count="192" type="cond" truecount="4" falsecount="0"/>
        <line num="161" count="146" type="stmt"/>
        <line num="165" count="192" type="stmt"/>
        <line num="169" count="59" type="stmt"/>
        <line num="179" count="193" type="stmt"/>
        <line num="180" count="193" type="cond" truecount="1" falsecount="1"/>
        <line num="181" count="193" type="stmt"/>
        <line num="182" count="193" type="cond" truecount="2" falsecount="0"/>
        <line num="183" count="1" type="stmt"/>
        <line num="188" count="192" type="cond" truecount="1" falsecount="1"/>
        <line num="189" count="0" type="stmt"/>
        <line num="190" count="0" type="stmt"/>
        <line num="194" count="192" type="stmt"/>
        <line num="195" count="192" type="stmt"/>
        <line num="196" count="192" type="stmt"/>
        <line num="198" count="192" type="stmt"/>
        <line num="199" count="192" type="cond" truecount="2" falsecount="0"/>
        <line num="200" count="9" type="stmt"/>
        <line num="201" count="9" type="stmt"/>
      </file>
      <file name="ListenerGetter.ts" path="/Users/tangzhihao/Documents/Code/inula/packages/inula/src/event/ListenerGetter.ts">
        <metrics statements="60" coveredstatements="58" conditionals="51" coveredconditionals="49" methods="6" coveredmethods="6"/>
        <line num="24" count="412" type="stmt"/>
        <line num="25" count="412" type="stmt"/>
        <line num="26" count="412" type="stmt"/>
        <line num="30" count="412" type="cond" truecount="3" falsecount="0"/>
        <line num="32" count="412" type="stmt"/>
        <line num="33" count="412" type="cond" truecount="2" falsecount="0"/>
        <line num="34" count="1" type="stmt"/>
        <line num="36" count="411" type="stmt"/>
        <line num="47" count="198" type="cond" truecount="1" falsecount="1"/>
        <line num="48" count="0" type="stmt"/>
        <line num="51" count="198" type="stmt"/>
        <line num="53" count="198" type="stmt"/>
        <line num="56" count="198" type="stmt"/>
        <line num="57" count="853" type="stmt"/>
        <line num="58" count="853" type="cond" truecount="4" falsecount="0"/>
        <line num="59" count="383" type="cond" truecount="4" falsecount="0"/>
        <line num="60" count="32" type="stmt"/>
        <line num="61" count="32" type="stmt"/>
        <line num="62" count="32" type="cond" truecount="2" falsecount="0"/>
        <line num="63" count="20" type="stmt"/>
        <line num="72" count="383" type="cond" truecount="4" falsecount="0"/>
        <line num="73" count="363" type="stmt"/>
        <line num="74" count="363" type="cond" truecount="2" falsecount="0"/>
        <line num="75" count="164" type="stmt"/>
        <line num="84" count="853" type="stmt"/>
        <line num="87" count="198" type="stmt"/>
        <line num="92" count="13" type="cond" truecount="1" falsecount="1"/>
        <line num="93" count="0" type="stmt"/>
        <line num="95" count="13" type="stmt"/>
        <line num="96" count="32" type="stmt"/>
        <line num="98" count="13" type="cond" truecount="2" falsecount="0"/>
        <line num="103" count="6" type="stmt"/>
        <line num="104" count="6" type="stmt"/>
        <line num="105" count="6" type="stmt"/>
        <line num="107" count="6" type="stmt"/>
        <line num="108" count="10" type="cond" truecount="2" falsecount="0"/>
        <line num="109" count="3" type="stmt"/>
        <line num="112" count="3" type="stmt"/>
        <line num="116" count="19" type="stmt"/>
        <line num="117" count="19" type="stmt"/>
        <line num="119" count="19" type="stmt"/>
        <line num="120" count="19" type="stmt"/>
        <line num="122" count="41" type="cond" truecount="2" falsecount="0"/>
        <line num="123" count="6" type="stmt"/>
        <line num="125" count="35" type="stmt"/>
        <line num="126" count="35" type="cond" truecount="4" falsecount="0"/>
        <line num="127" count="17" type="stmt"/>
        <line num="128" count="17" type="stmt"/>
        <line num="129" count="17" type="cond" truecount="2" falsecount="0"/>
        <line num="130" count="8" type="stmt"/>
        <line num="138" count="35" type="stmt"/>
        <line num="140" count="19" type="stmt"/>
        <line num="151" count="17" type="cond" truecount="4" falsecount="0"/>
        <line num="152" count="17" type="stmt"/>
        <line num="153" count="17" type="cond" truecount="4" falsecount="0"/>
        <line num="155" count="10" type="stmt"/>
        <line num="157" count="17" type="stmt"/>
        <line num="158" count="17" type="cond" truecount="4" falsecount="0"/>
        <line num="160" count="9" type="stmt"/>
        <line num="162" count="17" type="stmt"/>
      </file>
      <file name="MouseEvent.ts" path="/Users/tangzhihao/Documents/Code/inula/packages/inula/src/event/MouseEvent.ts">
        <metrics statements="37" coveredstatements="31" conditionals="35" coveredconditionals="25" methods="4" coveredmethods="3"/>
        <line num="44" count="17" type="cond" truecount="1" falsecount="1"/>
        <line num="47" count="17" type="cond" truecount="2" falsecount="0"/>
        <line num="48" count="17" type="cond" truecount="2" falsecount="0"/>
        <line num="49" count="17" type="stmt"/>
        <line num="50" count="17" type="stmt"/>
        <line num="51" count="17" type="stmt"/>
        <line num="54" count="17" type="cond" truecount="2" falsecount="0"/>
        <line num="55" count="15" type="stmt"/>
        <line num="56" count="15" type="stmt"/>
        <line num="57" count="15" type="stmt"/>
        <line num="59" count="15" type="stmt"/>
        <line num="60" count="15" type="stmt"/>
        <line num="61" count="15" type="stmt"/>
        <line num="63" count="17" type="stmt"/>
        <line num="73" count="17" type="cond" truecount="2" falsecount="0"/>
        <line num="74" count="5" type="stmt"/>
        <line num="75" count="5" type="stmt"/>
        <line num="77" count="12" type="cond" truecount="2" falsecount="0"/>
        <line num="78" count="12" type="stmt"/>
        <line num="79" count="12" type="cond" truecount="2" falsecount="0"/>
        <line num="80" count="12" type="cond" truecount="2" falsecount="0"/>
        <line num="81" count="6" type="stmt"/>
        <line num="82" count="6" type="cond" truecount="3" falsecount="2"/>
        <line num="83" count="0" type="stmt"/>
        <line num="87" count="17" type="stmt"/>
        <line num="91" count="0" type="cond" truecount="0" falsecount="4"/>
        <line num="92" count="0" type="stmt"/>
        <line num="94" count="0" type="stmt"/>
        <line num="104" count="17" type="cond" truecount="2" falsecount="0"/>
        <line num="107" count="5" type="cond" truecount="2" falsecount="0"/>
        <line num="108" count="5" type="cond" truecount="2" falsecount="2"/>
        <line num="109" count="0" type="stmt"/>
        <line num="114" count="17" type="stmt"/>
        <line num="115" count="17" type="cond" truecount="1" falsecount="1"/>
        <line num="116" count="0" type="stmt"/>
        <line num="120" count="17" type="stmt"/>
        <line num="123" count="17" type="stmt"/>
      </file>
      <file name="utils.ts" path="/Users/tangzhihao/Documents/Code/inula/packages/inula/src/event/utils.ts">
        <metrics statements="13" coveredstatements="10" conditionals="10" coveredconditionals="7" methods="3" coveredmethods="3"/>
        <line num="21" count="137" type="cond" truecount="2" falsecount="0"/>
        <line num="25" count="188" type="stmt"/>
        <line num="26" count="188" type="cond" truecount="3" falsecount="1"/>
        <line num="27" count="0" type="stmt"/>
        <line num="33" count="6" type="stmt"/>
        <line num="34" count="6" type="stmt"/>
        <line num="36" count="6" type="stmt"/>
        <line num="38" count="17" type="cond" truecount="1" falsecount="1"/>
        <line num="39" count="0" type="stmt"/>
        <line num="41" count="17" type="stmt"/>
        <line num="44" count="6" type="cond" truecount="1" falsecount="1"/>
        <line num="45" count="6" type="stmt"/>
        <line num="48" count="0" type="stmt"/>
      </file>
    </package>
    <package name="src.external">
      <metrics statements="204" coveredstatements="88" conditionals="157" coveredconditionals="52" methods="55" coveredmethods="23"/>
      <file name="ChildrenUtil.ts" path="/Users/tangzhihao/Documents/Code/inula/packages/inula/src/external/ChildrenUtil.ts">
        <metrics statements="50" coveredstatements="14" conditionals="37" coveredconditionals="8" methods="13" coveredmethods="5"/>
        <line num="27" count="0" type="cond" truecount="0" falsecount="6"/>
        <line num="28" count="0" type="stmt"/>
        <line num="31" count="0" type="stmt"/>
        <line num="35" count="0" type="stmt"/>
        <line num="36" count="0" type="stmt"/>
        <line num="37" count="0" type="stmt"/>
        <line num="38" count="0" type="stmt"/>
        <line num="43" count="78" type="stmt"/>
        <line num="44" count="78" type="cond" truecount="1" falsecount="1"/>
        <line num="46" count="0" type="stmt"/>
        <line num="47" count="78" type="cond" truecount="3" falsecount="1"/>
        <line num="49" count="0" type="cond" truecount="0" falsecount="2"/>
        <line num="50" count="0" type="cond" truecount="0" falsecount="2"/>
        <line num="51" count="0" type="stmt"/>
        <line num="53" count="0" type="cond" truecount="0" falsecount="4"/>
        <line num="55" count="0" type="stmt"/>
        <line num="64" count="0" type="stmt"/>
        <line num="69" count="78" type="stmt"/>
        <line num="70" count="78" type="cond" truecount="1" falsecount="4"/>
        <line num="74" count="0" type="stmt"/>
        <line num="75" count="0" type="stmt"/>
        <line num="78" count="78" type="stmt"/>
        <line num="79" count="78" type="stmt"/>
        <line num="81" count="0" type="cond" truecount="0" falsecount="2"/>
        <line num="82" count="0" type="stmt"/>
        <line num="83" count="0" type="stmt"/>
        <line num="85" count="0" type="cond" truecount="0" falsecount="4"/>
        <line num="86" count="0" type="stmt"/>
        <line num="87" count="0" type="stmt"/>
        <line num="89" count="0" type="cond" truecount="0" falsecount="2"/>
        <line num="90" count="0" type="stmt"/>
        <line num="91" count="0" type="stmt"/>
        <line num="93" count="0" type="stmt"/>
        <line num="100" count="78" type="cond" truecount="3" falsecount="1"/>
        <line num="101" count="0" type="stmt"/>
        <line num="103" count="78" type="stmt"/>
        <line num="104" count="78" type="stmt"/>
        <line num="105" count="78" type="stmt"/>
        <line num="106" count="78" type="stmt"/>
        <line num="109" count="59" type="stmt"/>
        <line num="112" count="78" type="stmt"/>
        <line num="117" count="0" type="stmt"/>
        <line num="118" count="0" type="stmt"/>
        <line num="119" count="0" type="stmt"/>
        <line num="121" count="0" type="stmt"/>
        <line num="124" count="0" type="stmt"/>
        <line num="125" count="0" type="stmt"/>
        <line num="128" count="0" type="stmt"/>
        <line num="129" count="0" type="stmt"/>
        <line num="130" count="0" type="stmt"/>
      </file>
      <file name="InulaIs.ts" path="/Users/tangzhihao/Documents/Code/inula/packages/inula/src/external/InulaIs.ts">
        <metrics statements="28" coveredstatements="21" conditionals="19" coveredconditionals="8" methods="13" coveredmethods="12"/>
        <line num="29" count="21" type="stmt"/>
        <line num="33" count="9" type="stmt"/>
        <line num="37" count="8" type="stmt"/>
        <line num="48" count="9" type="cond" truecount="1" falsecount="1"/>
        <line num="49" count="9" type="stmt"/>
        <line num="50" count="9" type="cond" truecount="2" falsecount="0"/>
        <line num="51" count="1" type="stmt"/>
        <line num="54" count="8" type="stmt"/>
        <line num="55" count="8" type="cond" truecount="2" falsecount="0"/>
        <line num="56" count="7" type="stmt"/>
        <line num="59" count="1" type="stmt"/>
        <line num="60" count="1" type="cond" truecount="1" falsecount="1"/>
        <line num="61" count="1" type="stmt"/>
        <line num="65" count="0" type="stmt"/>
        <line num="69" count="12" type="cond" truecount="2" falsecount="0"/>
        <line num="73" count="1" type="stmt"/>
        <line num="77" count="1" type="stmt"/>
        <line num="81" count="1" type="stmt"/>
        <line num="85" count="1" type="stmt"/>
        <line num="89" count="1" type="stmt"/>
        <line num="93" count="2" type="stmt"/>
        <line num="98" count="2" type="stmt"/>
        <line num="102" count="0" type="cond" truecount="0" falsecount="5"/>
        <line num="103" count="0" type="stmt"/>
        <line num="106" count="0" type="cond" truecount="0" falsecount="2"/>
        <line num="107" count="0" type="cond" truecount="0" falsecount="2"/>
        <line num="108" count="0" type="stmt"/>
        <line num="112" count="0" type="stmt"/>
      </file>
      <file name="JSXElement.ts" path="/Users/tangzhihao/Documents/Code/inula/packages/inula/src/external/JSXElement.ts">
        <metrics statements="35" coveredstatements="22" conditionals="50" coveredconditionals="32" methods="8" coveredmethods="3"/>
        <line num="30" count="2270" type="stmt"/>
        <line num="45" count="2270" type="cond" truecount="1" falsecount="1"/>
        <line num="46" count="0" type="stmt"/>
        <line num="52" count="2270" type="cond" truecount="1" falsecount="1"/>
        <line num="54" count="0" type="stmt"/>
        <line num="62" count="2270" type="stmt"/>
        <line num="66" count="0" type="stmt"/>
        <line num="67" count="0" type="cond" truecount="0" falsecount="2"/>
        <line num="68" count="0" type="stmt"/>
        <line num="74" count="59" type="stmt"/>
        <line num="78" count="2270" type="cond" truecount="5" falsecount="1"/>
        <line num="79" count="2270" type="cond" truecount="5" falsecount="1"/>
        <line num="80" count="2270" type="cond" truecount="1" falsecount="1"/>
        <line num="81" count="2270" type="cond" truecount="1" falsecount="1"/>
        <line num="83" count="2270" type="cond" truecount="4" falsecount="0"/>
        <line num="84" count="1437" type="stmt"/>
        <line num="85" count="2086" type="cond" truecount="2" falsecount="0"/>
        <line num="86" count="2012" type="stmt"/>
        <line num="89" count="1437" type="cond" truecount="3" falsecount="1"/>
        <line num="90" count="0" type="stmt"/>
        <line num="94" count="2270" type="cond" truecount="2" falsecount="0"/>
        <line num="95" count="1380" type="cond" truecount="2" falsecount="0"/>
        <line num="97" count="2270" type="cond" truecount="1" falsecount="1"/>
        <line num="99" count="2270" type="cond" truecount="3" falsecount="1"/>
        <line num="100" count="0" type="stmt"/>
        <line num="102" count="2270" type="stmt"/>
        <line num="103" count="2270" type="cond" truecount="1" falsecount="1"/>
        <line num="104" count="0" type="stmt"/>
        <line num="109" count="2270" type="stmt"/>
        <line num="114" count="2270" type="stmt"/>
        <line num="118" count="0" type="stmt"/>
        <line num="123" count="0" type="cond" truecount="0" falsecount="2"/>
        <line num="128" count="0" type="cond" truecount="0" falsecount="4"/>
        <line num="129" count="0" type="stmt"/>
        <line num="132" count="0" type="stmt"/>
      </file>
      <file name="JSXElementType.ts" path="/Users/tangzhihao/Documents/Code/inula/packages/inula/src/external/JSXElementType.ts">
        <metrics statements="11" coveredstatements="11" conditionals="0" coveredconditionals="0" methods="0" coveredmethods="0"/>
        <line num="18" count="59" type="stmt"/>
        <line num="19" count="59" type="stmt"/>
        <line num="20" count="59" type="stmt"/>
        <line num="21" count="59" type="stmt"/>
        <line num="22" count="59" type="stmt"/>
        <line num="23" count="59" type="stmt"/>
        <line num="24" count="59" type="stmt"/>
        <line num="25" count="59" type="stmt"/>
        <line num="26" count="59" type="stmt"/>
        <line num="27" count="59" type="stmt"/>
        <line num="28" count="59" type="stmt"/>
      </file>
      <file name="TestUtil.ts" path="/Users/tangzhihao/Documents/Code/inula/packages/inula/src/external/TestUtil.ts">
        <metrics statements="21" coveredstatements="11" conditionals="6" coveredconditionals="3" methods="7" coveredmethods="2"/>
        <line num="26" count="55" type="stmt"/>
        <line num="27" count="55" type="stmt"/>
        <line num="29" count="179" type="stmt"/>
        <line num="31" count="179" type="cond" truecount="2" falsecount="0"/>
        <line num="32" count="67" type="stmt"/>
        <line num="33" count="67" type="stmt"/>
        <line num="35" count="67" type="stmt"/>
        <line num="41" count="179" type="stmt"/>
        <line num="43" count="179" type="stmt"/>
        <line num="46" count="179" type="cond" truecount="1" falsecount="1"/>
        <line num="48" count="0" type="stmt"/>
        <line num="50" count="0" type="stmt"/>
        <line num="52" count="0" type="cond" truecount="0" falsecount="2"/>
        <line num="54" count="0" type="stmt"/>
        <line num="55" count="0" type="stmt"/>
        <line num="56" count="0" type="stmt"/>
        <line num="59" count="0" type="stmt"/>
        <line num="60" count="0" type="stmt"/>
        <line num="64" count="0" type="stmt"/>
        <line num="70" count="179" type="stmt"/>
        <line num="72" count="0" type="stmt"/>
      </file>
      <file name="devtools.ts" path="/Users/tangzhihao/Documents/Code/inula/packages/inula/src/external/devtools.ts">
        <metrics statements="59" coveredstatements="9" conditionals="45" coveredconditionals="1" methods="14" coveredmethods="1"/>
        <line num="25" count="59" type="stmt"/>
        <line num="26" count="59" type="stmt"/>
        <line num="27" count="59" type="stmt"/>
        <line num="28" count="59" type="stmt"/>
        <line num="30" count="59" type="stmt"/>
        <line num="40" count="59" type="stmt"/>
        <line num="42" count="0" type="stmt"/>
        <line num="46" count="0" type="stmt"/>
        <line num="47" count="0" type="cond" truecount="0" falsecount="2"/>
        <line num="48" count="0" type="cond" truecount="0" falsecount="2"/>
        <line num="49" count="0" type="stmt"/>
        <line num="50" count="0" type="cond" truecount="0" falsecount="2"/>
        <line num="51" count="0" type="stmt"/>
        <line num="53" count="0" type="cond" truecount="0" falsecount="2"/>
        <line num="54" count="0" type="stmt"/>
        <line num="55" count="0" type="cond" truecount="0" falsecount="2"/>
        <line num="57" count="0" type="cond" truecount="0" falsecount="4"/>
        <line num="60" count="0" type="stmt"/>
        <line num="61" count="0" type="cond" truecount="0" falsecount="2"/>
        <line num="62" count="0" type="stmt"/>
        <line num="63" count="0" type="cond" truecount="0" falsecount="2"/>
        <line num="64" count="0" type="stmt"/>
        <line num="66" count="0" type="stmt"/>
        <line num="69" count="0" type="stmt"/>
        <line num="70" count="0" type="stmt"/>
        <line num="73" count="0" type="stmt"/>
        <line num="74" count="0" type="stmt"/>
        <line num="77" count="0" type="stmt"/>
        <line num="78" count="0" type="cond" truecount="0" falsecount="2"/>
        <line num="79" count="0" type="stmt"/>
        <line num="80" count="0" type="stmt"/>
        <line num="82" count="0" type="cond" truecount="0" falsecount="4"/>
        <line num="83" count="0" type="stmt"/>
        <line num="86" count="0" type="stmt"/>
        <line num="90" count="0" type="stmt"/>
        <line num="91" count="0" type="stmt"/>
        <line num="92" count="0" type="cond" truecount="0" falsecount="4"/>
        <line num="93" count="0" type="stmt"/>
        <line num="95" count="0" type="cond" truecount="0" falsecount="4"/>
        <line num="96" count="0" type="stmt"/>
        <line num="98" count="0" type="cond" truecount="0" falsecount="4"/>
        <line num="99" count="0" type="stmt"/>
        <line num="100" count="0" type="stmt"/>
        <line num="101" count="0" type="stmt"/>
        <line num="102" count="0" type="cond" truecount="0" falsecount="4"/>
        <line num="103" count="0" type="stmt"/>
        <line num="106" count="0" type="stmt"/>
        <line num="108" count="0" type="stmt"/>
        <line num="111" count="0" type="cond" truecount="0" falsecount="2"/>
        <line num="113" count="0" type="stmt"/>
        <line num="114" count="0" type="stmt"/>
        <line num="115" count="0" type="stmt"/>
        <line num="117" count="0" type="stmt"/>
        <line num="123" count="0" type="stmt"/>
        <line num="126" count="0" type="stmt"/>
        <line num="131" count="59" type="stmt"/>
        <line num="132" count="59" type="cond" truecount="1" falsecount="1"/>
        <line num="133" count="0" type="stmt"/>
        <line num="137" count="59" type="stmt"/>
      </file>
    </package>
    <package name="src.inulax">
      <metrics statements="91" coveredstatements="83" conditionals="101" coveredconditionals="90" methods="19" coveredmethods="17"/>
      <file name="CommonUtils.ts" path="/Users/tangzhihao/Documents/Code/inula/packages/inula/src/inulax/CommonUtils.ts">
        <metrics statements="89" coveredstatements="81" conditionals="99" coveredconditionals="89" methods="19" coveredmethods="17"/>
        <line num="17" count="6749" type="stmt"/>
        <line num="18" count="6749" type="cond" truecount="3" falsecount="1"/>
        <line num="22" count="4001" type="stmt"/>
        <line num="29" count="3999" type="stmt"/>
        <line num="36" count="3987" type="stmt"/>
        <line num="43" count="4001" type="stmt"/>
        <line num="50" count="4812" type="stmt"/>
        <line num="54" count="121" type="cond" truecount="4" falsecount="0"/>
        <line num="58" count="453" type="stmt"/>
        <line num="63" count="453" type="cond" truecount="4" falsecount="0"/>
        <line num="67" count="4666" type="cond" truecount="2" falsecount="0"/>
        <line num="72" count="383" type="cond" truecount="2" falsecount="0"/>
        <line num="73" count="38" type="stmt"/>
        <line num="76" count="345" type="cond" truecount="2" falsecount="0"/>
        <line num="77" count="94" type="stmt"/>
        <line num="81" count="251" type="cond" truecount="4" falsecount="0"/>
        <line num="82" count="2" type="stmt"/>
        <line num="85" count="249" type="cond" truecount="2" falsecount="0"/>
        <line num="86" count="165" type="stmt"/>
        <line num="89" count="84" type="cond" truecount="4" falsecount="0"/>
        <line num="90" count="18" type="cond" truecount="2" falsecount="0"/>
        <line num="91" count="15" type="stmt"/>
        <line num="93" count="3" type="stmt"/>
        <line num="94" count="5" type="cond" truecount="2" falsecount="0"/>
        <line num="95" count="1" type="stmt"/>
        <line num="98" count="2" type="stmt"/>
        <line num="101" count="66" type="cond" truecount="3" falsecount="1"/>
        <line num="102" count="66" type="stmt"/>
        <line num="103" count="66" type="stmt"/>
        <line num="104" count="66" type="cond" truecount="1" falsecount="1"/>
        <line num="105" count="0" type="stmt"/>
        <line num="107" count="66" type="stmt"/>
        <line num="108" count="50" type="cond" truecount="2" falsecount="0"/>
        <line num="109" count="39" type="stmt"/>
        <line num="112" count="27" type="stmt"/>
        <line num="114" count="0" type="stmt"/>
        <line num="118" count="5166" type="cond" truecount="2" falsecount="0"/>
        <line num="119" count="5100" type="cond" truecount="2" falsecount="0"/>
        <line num="120" count="4662" type="cond" truecount="1" falsecount="1"/>
        <line num="121" count="4662" type="cond" truecount="2" falsecount="0"/>
        <line num="122" count="3888" type="cond" truecount="2" falsecount="0"/>
        <line num="123" count="3877" type="cond" truecount="2" falsecount="0"/>
        <line num="124" count="3856" type="cond" truecount="2" falsecount="0"/>
        <line num="125" count="3851" type="cond" truecount="2" falsecount="0"/>
        <line num="126" count="3848" type="stmt"/>
        <line num="130" count="1870" type="cond" truecount="2" falsecount="0"/>
        <line num="131" count="444" type="stmt"/>
        <line num="134" count="1426" type="cond" truecount="3" falsecount="0"/>
        <line num="136" count="208" type="stmt"/>
        <line num="137" count="208" type="stmt"/>
        <line num="138" count="208" type="stmt"/>
        <line num="139" count="208" type="stmt"/>
        <line num="140" count="525" type="cond" truecount="2" falsecount="0"/>
        <line num="141" count="160" type="stmt"/>
        <line num="142" count="160" type="stmt"/>
        <line num="143" count="365" type="cond" truecount="2" falsecount="0"/>
        <line num="144" count="58" type="stmt"/>
        <line num="145" count="58" type="stmt"/>
        <line num="147" count="307" type="stmt"/>
        <line num="148" count="307" type="cond" truecount="2" falsecount="0"/>
        <line num="153" count="208" type="stmt"/>
        <line num="157" count="465" type="cond" truecount="4" falsecount="0"/>
        <line num="158" count="132" type="cond" truecount="2" falsecount="0"/>
        <line num="159" count="87" type="stmt"/>
        <line num="160" count="87" type="stmt"/>
        <line num="161" count="159" type="stmt"/>
        <line num="168" count="45" type="cond" truecount="1" falsecount="1"/>
        <line num="169" count="45" type="stmt"/>
[...]
        <line num="153" count="79" type="stmt"/>
        <line num="154" count="79" type="stmt"/>
        <line num="155" count="79" type="stmt"/>
        <line num="157" count="15" type="stmt"/>
        <line num="158" count="15" type="stmt"/>
        <line num="159" count="15" type="stmt"/>
        <line num="160" count="15" type="stmt"/>
        <line num="161" count="15" type="stmt"/>
        <line num="163" count="650" type="stmt"/>
        <line num="164" count="650" type="stmt"/>
        <line num="165" count="650" type="stmt"/>
        <line num="166" count="650" type="stmt"/>
        <line num="167" count="650" type="stmt"/>
        <line num="169" count="34" type="stmt"/>
        <line num="170" count="34" type="stmt"/>
        <line num="172" count="6" type="stmt"/>
        <line num="173" count="6" type="stmt"/>
        <line num="180" count="6" type="stmt"/>
        <line num="181" count="6" type="stmt"/>
        <line num="183" count="25" type="stmt"/>
        <line num="184" count="25" type="stmt"/>
        <line num="185" count="25" type="stmt"/>
        <line num="187" count="7" type="stmt"/>
        <line num="188" count="7" type="stmt"/>
        <line num="189" count="7" type="stmt"/>
        <line num="191" count="6" type="stmt"/>
        <line num="192" count="6" type="stmt"/>
        <line num="193" count="6" type="stmt"/>
        <line num="194" count="6" type="stmt"/>
        <line num="195" count="6" type="stmt"/>
        <line num="196" count="6" type="stmt"/>
        <line num="197" count="6" type="stmt"/>
        <line num="199" count="21" type="stmt"/>
        <line num="201" count="10" type="stmt"/>
        <line num="203" count="8" type="stmt"/>
        <line num="205" count="0" type="stmt"/>
        <line num="207" count="0" type="stmt"/>
      </file>
      <file name="VNodeCreator.ts" path="/Users/tangzhihao/Documents/Code/inula/packages/inula/src/renderer/vnode/VNodeCreator.ts">
        <metrics statements="108" coveredstatements="81" conditionals="73" coveredconditionals="48" methods="14" coveredmethods="12"/>
        <line num="48" count="59" type="stmt"/>
        <line num="52" count="59" type="stmt"/>
        <line num="60" count="1461" type="stmt"/>
        <line num="67" count="419" type="stmt"/>
        <line num="72" count="6" type="cond" truecount="2" falsecount="0"/>
        <line num="73" count="5" type="cond" truecount="2" falsecount="0"/>
        <line num="74" count="1" type="cond" truecount="4" falsecount="1"/>
        <line num="75" count="1" type="stmt"/>
        <line num="77" count="0" type="stmt"/>
        <line num="82" count="2024" type="cond" truecount="2" falsecount="0"/>
        <line num="83" count="147" type="stmt"/>
        <line num="86" count="2024" type="cond" truecount="2" falsecount="0"/>
        <line num="87" count="9" type="stmt"/>
        <line num="88" count="9" type="stmt"/>
        <line num="91" count="2024" type="stmt"/>
        <line num="92" count="2024" type="stmt"/>
        <line num="94" count="2024" type="stmt"/>
        <line num="96" count="2024" type="stmt"/>
        <line num="97" count="2024" type="stmt"/>
        <line num="98" count="2024" type="stmt"/>
        <line num="100" count="2024" type="stmt"/>
        <line num="104" count="21" type="stmt"/>
        <line num="105" count="21" type="stmt"/>
        <line num="106" count="21" type="stmt"/>
        <line num="110" count="34" type="stmt"/>
        <line num="111" count="34" type="stmt"/>
        <line num="112" count="34" type="stmt"/>
        <line num="116" count="15" type="cond" truecount="2" falsecount="0"/>
        <line num="117" count="15" type="stmt"/>
        <line num="118" count="15" type="stmt"/>
        <line num="119" count="15" type="stmt"/>
        <line num="120" count="15" type="stmt"/>
        <line num="124" count="1130" type="stmt"/>
        <line num="125" count="1130" type="stmt"/>
        <line num="126" count="1130" type="stmt"/>
        <line num="127" count="1130" type="cond" truecount="2" falsecount="0"/>
        <line num="128" count="414" type="cond" truecount="2" falsecount="0"/>
        <line num="129" count="79" type="stmt"/>
        <line num="131" count="716" type="cond" truecount="2" falsecount="0"/>
        <line num="132" count="650" type="stmt"/>
        <line num="133" count="66" type="cond" truecount="2" falsecount="0"/>
        <line num="134" count="6" type="stmt"/>
        <line num="135" count="60" type="cond" truecount="5" falsecount="0"/>
        <line num="136" count="56" type="stmt"/>
        <line num="137" count="56" type="stmt"/>
        <line num="139" count="4" type="cond" truecount="3" falsecount="1"/>
        <line num="142" count="1126" type="stmt"/>
        <line num="143" count="1126" type="stmt"/>
        <line num="144" count="1126" type="stmt"/>
        <line num="146" count="1126" type="cond" truecount="2" falsecount="0"/>
        <line num="147" count="6" type="stmt"/>
        <line num="150" count="1126" type="cond" truecount="1" falsecount="1"/>
        <line num="151" count="1126" type="stmt"/>
        <line num="155" count="0" type="stmt"/>
        <line num="157" count="0" type="cond" truecount="0" falsecount="5"/>
        <line num="158" count="0" type="stmt"/>
        <line num="160" count="0" type="stmt"/>
        <line num="161" count="0" type="stmt"/>
        <line num="163" count="0" type="cond" truecount="0" falsecount="2"/>
        <line num="164" count="0" type="cond" truecount="0" falsecount="2"/>
        <line num="165" count="0" type="stmt"/>
        <line num="167" count="0" type="cond" truecount="0" falsecount="2"/>
        <line num="168" count="0" type="stmt"/>
        <line num="169" count="0" type="cond" truecount="0" falsecount="2"/>
        <line num="170" count="0" type="stmt"/>
        <line num="171" count="0" type="cond" truecount="0" falsecount="5"/>
        <line num="172" count="0" type="stmt"/>
        <line num="175" count="0" type="stmt"/>
        <line num="180" count="265" type="stmt"/>
        <line num="181" count="265" type="stmt"/>
        <line num="182" count="265" type="stmt"/>
        <line num="183" count="265" type="stmt"/>
        <line num="188" count="0" type="stmt"/>
        <line num="189" count="0" type="cond" truecount="0" falsecount="2"/>
        <line num="192" count="0" type="stmt"/>
        <line num="193" count="0" type="stmt"/>
        <line num="195" count="0" type="stmt"/>
        <line num="196" count="0" type="stmt"/>
        <line num="198" count="0" type="stmt"/>
        <line num="201" count="0" type="stmt"/>
        <line num="205" count="1122" type="stmt"/>
        <line num="207" count="1122" type="cond" truecount="4" falsecount="1"/>
        <line num="208" count="0" type="stmt"/>
        <line num="210" count="1122" type="stmt"/>
        <line num="217" count="90" type="cond" truecount="2" falsecount="0"/>
        <line num="219" count="24" type="cond" truecount="3" falsecount="1"/>
        <line num="221" count="24" type="stmt"/>
        <line num="222" count="24" type="stmt"/>
        <line num="223" count="28" type="stmt"/>
        <line num="224" count="28" type="stmt"/>
        <line num="225" count="28" type="stmt"/>
        <line num="230" count="24" type="stmt"/>
        <line num="234" count="66" type="cond" truecount="4" falsecount="0"/>
        <line num="236" count="1" type="stmt"/>
        <line num="238" count="1" type="stmt"/>
        <line num="239" count="6" type="stmt"/>
        <line num="240" count="6" type="cond" truecount="2" falsecount="0"/>
        <line num="241" count="5" type="stmt"/>
        <line num="242" count="5" type="stmt"/>
        <line num="243" count="5" type="stmt"/>
        <line num="244" count="0" type="stmt"/>
        <line num="245" count="0" type="stmt"/>
        <line num="250" count="1" type="stmt"/>
        <line num="252" count="1" type="stmt"/>
        <line num="253" count="5" type="stmt"/>
        <line num="255" count="5" type="stmt"/>
        <line num="257" count="5" type="stmt"/>
        <line num="261" count="66" type="stmt"/>
      </file>
      <file name="VNodeFlags.ts" path="/Users/tangzhihao/Documents/Code/inula/packages/inula/src/renderer/vnode/VNodeFlags.ts">
        <metrics statements="35" coveredstatements="31" conditionals="0" coveredconditionals="0" methods="19" coveredmethods="15"/>
        <line num="22" count="59" type="stmt"/>
        <line num="24" count="59" type="stmt"/>
        <line num="25" count="59" type="stmt"/>
        <line num="26" count="59" type="stmt"/>
        <line num="27" count="59" type="stmt"/>
        <line num="28" count="59" type="stmt"/>
        <line num="29" count="59" type="stmt"/>
        <line num="30" count="59" type="stmt"/>
        <line num="31" count="59" type="stmt"/>
        <line num="32" count="59" type="stmt"/>
        <line num="33" count="59" type="stmt"/>
        <line num="34" count="59" type="stmt"/>
        <line num="35" count="59" type="stmt"/>
        <line num="36" count="59" type="stmt"/>
        <line num="37" count="59" type="stmt"/>
        <line num="39" count="59" type="stmt"/>
        <line num="41" count="333" type="stmt"/>
        <line num="45" count="4" type="stmt"/>
        <line num="50" count="3214" type="stmt"/>
        <line num="54" count="17" type="stmt"/>
        <line num="58" count="2024" type="stmt"/>
        <line num="62" count="8" type="stmt"/>
        <line num="66" count="318" type="stmt"/>
        <line num="70" count="0" type="stmt"/>
        <line num="73" count="512" type="stmt"/>
        <line num="76" count="286" type="stmt"/>
        <line num="79" count="0" type="stmt"/>
        <line num="82" count="281" type="stmt"/>
        <line num="85" count="2" type="stmt"/>
        <line num="88" count="2" type="stmt"/>
        <line num="91" count="62" type="stmt"/>
        <line num="94" count="5" type="stmt"/>
        <line num="97" count="11" type="stmt"/>
        <line num="100" count="0" type="stmt"/>
        <line num="104" count="0" type="stmt"/>
      </file>
      <file name="VNodeShouldUpdate.ts" path="/Users/tangzhihao/Documents/Code/inula/packages/inula/src/renderer/vnode/VNodeShouldUpdate.ts">
        <metrics statements="31" coveredstatements="31" conditionals="12" coveredconditionals="12" methods="4" coveredmethods="4"/>
        <line num="21" count="937" type="stmt"/>
        <line num="24" count="937" type="stmt"/>
        <line num="25" count="937" type="stmt"/>
        <line num="26" count="937" type="stmt"/>
        <line num="27" count="1034" type="stmt"/>
        <line num="28" count="1034" type="stmt"/>
        <line num="29" count="1034" type="stmt"/>
        <line num="32" count="937" type="cond" truecount="2" falsecount="0"/>
        <line num="33" count="933" type="stmt"/>
        <line num="35" count="933" type="stmt"/>
        <line num="38" count="4" type="stmt"/>
        <line num="43" count="4097" type="stmt"/>
        <line num="44" count="4097" type="stmt"/>
        <line num="45" count="3536" type="cond" truecount="4" falsecount="0"/>
        <line num="46" count="50" type="stmt"/>
        <line num="47" count="50" type="stmt"/>
        <line num="49" count="3486" type="stmt"/>
        <line num="52" count="4047" type="stmt"/>
        <line num="57" count="70" type="stmt"/>
        <line num="58" count="70" type="stmt"/>
        <line num="59" count="116" type="cond" truecount="2" falsecount="0"/>
        <line num="60" count="65" type="stmt"/>
        <line num="62" count="51" type="stmt"/>
        <line num="64" count="51" type="stmt"/>
        <line num="70" count="271" type="stmt"/>
        <line num="71" count="271" type="cond" truecount="2" falsecount="0"/>
        <line num="73" count="271" type="cond" truecount="2" falsecount="0"/>
        <line num="76" count="55" type="stmt"/>
        <line num="78" count="216" type="stmt"/>
        <line num="79" count="884" type="stmt"/>
        <line num="80" count="884" type="stmt"/>
      </file>
      <file name="VNodeTags.ts" path="/Users/tangzhihao/Documents/Code/inula/packages/inula/src/renderer/vnode/VNodeTags.ts">
        <metrics statements="15" coveredstatements="15" conditionals="0" coveredconditionals="0" methods="0" coveredmethods="0"/>
        <line num="21" count="59" type="stmt"/>
        <line num="22" count="59" type="stmt"/>
        <line num="23" count="59" type="stmt"/>
        <line num="24" count="59" type="stmt"/>
        <line num="25" count="59" type="stmt"/>
        <line num="26" count="59" type="stmt"/>
        <line num="27" count="59" type="stmt"/>
        <line num="28" count="59" type="stmt"/>
        <line num="29" count="59" type="stmt"/>
        <line num="30" count="59" type="stmt"/>
        <line num="31" count="59" type="stmt"/>
        <line num="32" count="59" type="stmt"/>
        <line num="33" count="59" type="stmt"/>
        <line num="34" count="59" type="stmt"/>
        <line num="35" count="59" type="stmt"/>
      </file>
      <file name="VNodeUtils.ts" path="/Users/tangzhihao/Documents/Code/inula/packages/inula/src/renderer/vnode/VNodeUtils.ts">
        <metrics statements="121" coveredstatements="89" conditionals="70" coveredconditionals="48" methods="14" coveredmethods="9"/>
        <line num="32" count="307" type="stmt"/>
        <line num="34" count="307" type="stmt"/>
        <line num="35" count="270" type="cond" truecount="4" falsecount="0"/>
        <line num="36" count="2" type="stmt"/>
        <line num="39" count="268" type="stmt"/>
        <line num="41" count="268" type="stmt"/>
        <line num="53" count="834" type="stmt"/>
        <line num="55" count="834" type="stmt"/>
        <line num="56" count="1997" type="stmt"/>
        <line num="59" count="1997" type="cond" truecount="1" falsecount="1"/>
        <line num="60" count="0" type="stmt"/>
        <line num="64" count="1997" type="stmt"/>
        <line num="65" count="1997" type="cond" truecount="5" falsecount="0"/>
        <line num="66" count="835" type="stmt"/>
        <line num="67" count="835" type="stmt"/>
        <line num="68" count="835" type="stmt"/>
        <line num="72" count="1162" type="cond" truecount="2" falsecount="0"/>
        <line num="73" count="323" type="stmt"/>
        <line num="76" count="839" type="stmt"/>
        <line num="79" count="839" type="stmt"/>
        <line num="80" count="1058" type="cond" truecount="4" falsecount="0"/>
        <line num="81" count="511" type="stmt"/>
        <line num="83" count="547" type="stmt"/>
        <line num="85" count="547" type="cond" truecount="2" falsecount="0"/>
        <line num="86" count="142" type="stmt"/>
        <line num="90" count="328" type="stmt"/>
        <line num="91" count="328" type="stmt"/>
        <line num="92" count="328" type="stmt"/>
        <line num="98" count="286" type="stmt"/>
        <line num="101" count="286" type="stmt"/>
        <line num="102" count="246" type="stmt"/>
        <line num="104" count="286" type="stmt"/>
        <line num="106" count="286" type="stmt"/>
        <line num="107" count="286" type="stmt"/>
        <line num="108" count="286" type="stmt"/>
        <line num="109" count="286" type="stmt"/>
        <line num="110" count="286" type="stmt"/>
        <line num="111" count="286" type="stmt"/>
        <line num="112" count="286" type="stmt"/>
        <line num="113" count="286" type="stmt"/>
        <line num="114" count="286" type="stmt"/>
        <line num="115" count="286" type="stmt"/>
        <line num="116" count="286" type="stmt"/>
        <line num="117" count="286" type="stmt"/>
        <line num="119" count="286" type="stmt"/>
        <line num="120" count="286" type="stmt"/>
        <line num="121" count="286" type="stmt"/>
        <line num="122" count="286" type="stmt"/>
        <line num="123" count="286" type="stmt"/>
        <line num="125" count="286" type="stmt"/>
        <line num="127" count="286" type="stmt"/>
        <line num="128" count="286" type="cond" truecount="1" falsecount="1"/>
        <line num="129" count="0" type="stmt"/>
        <line num="130" count="0" type="stmt"/>
        <line num="136" count="730" type="cond" truecount="2" falsecount="0"/>
        <line num="141" count="359" type="cond" truecount="3" falsecount="0"/>
        <line num="145" count="0" type="stmt"/>
        <line num="148" count="0" type="cond" truecount="0" falsecount="4"/>
        <line num="149" count="0" type="stmt"/>
        <line num="151" count="0" type="stmt"/>
        <line num="158" count="0" type="stmt"/>
        <line num="162" count="0" type="stmt"/>
        <line num="163" count="0" type="cond" truecount="0" falsecount="2"/>
        <line num="164" count="0" type="stmt"/>
        <line num="167" count="0" type="stmt"/>
        <line num="169" count="0" type="cond" truecount="0" falsecount="2"/>
        <line num="173" count="0" type="stmt"/>
        <line num="174" count="0" type="stmt"/>
        <line num="175" count="0" type="stmt"/>
        <line num="177" count="0" type="stmt"/>
        <line num="182" count="0" type="stmt"/>
        <line num="184" count="0" type="stmt"/>
        <line num="189" count="325" type="stmt"/>
        <line num="191" count="325" type="stmt"/>
        <line num="193" count="344" type="stmt"/>
        <line num="195" count="359" type="cond" truecount="4" falsecount="0"/>
        <line num="196" count="323" type="stmt"/>
        <line num="198" count="36" type="stmt"/>
        <line num="201" count="21" type="stmt"/>
        <line num="202" count="21" type="stmt"/>
        <line num="203" count="21" type="stmt"/>
        <line num="206" count="21" type="stmt"/>
        <line num="208" count="11" type="cond" truecount="2" falsecount="0"/>
        <line num="209" count="9" type="stmt"/>
        <line num="213" count="2" type="cond" truecount="3" falsecount="1"/>
        <line num="214" count="0" type="stmt"/>
        <line num="216" count="2" type="stmt"/>
        <line num="217" count="2" type="stmt"/>
        <line num="218" count="2" type="stmt"/>
        <line num="222" count="12" type="cond" truecount="2" falsecount="0"/>
        <line num="224" count="2" type="stmt"/>
        <line num="230" count="3" type="cond" truecount="1" falsecount="1"/>
        <line num="231" count="0" type="stmt"/>
        <line num="232" count="0" type="stmt"/>
        <line num="233" count="0" type="stmt"/>
        <line num="234" count="0" type="cond" truecount="0" falsecount="4"/>
        <line num="235" count="0" type="stmt"/>
        <line num="237" count="0" type="cond" truecount="0" falsecount="2"/>
        <line num="238" count="0" type="stmt"/>
        <line num="241" count="0" type="stmt"/>
        <line num="243" count="0" type="stmt"/>
        <line num="245" count="3" type="stmt"/>
        <line num="251" count="195" type="stmt"/>
        <line num="252" count="195" type="stmt"/>
        <line num="253" count="811" type="cond" truecount="4" falsecount="0"/>
        <line num="254" count="195" type="stmt"/>
        <line num="255" count="195" type="cond" truecount="2" falsecount="0"/>
        <line num="256" count="192" type="stmt"/>
        <line num="258" count="3" type="cond" truecount="1" falsecount="1"/>
        <line num="259" count="0" type="stmt"/>
        <line num="262" count="3" type="stmt"/>
        <line num="263" count="3" type="stmt"/>
        <line num="264" count="3" type="cond" truecount="2" falsecount="0"/>
        <line num="265" count="1" type="stmt"/>
        <line num="267" count="2" type="cond" truecount="2" falsecount="2"/>
        <line num="268" count="2" type="stmt"/>
        <line num="270" count="0" type="stmt"/>
        <line num="273" count="616" type="stmt"/>
        <line num="275" count="192" type="cond" truecount="1" falsecount="1"/>
        <line num="276" count="0" type="stmt"/>
        <line num="278" count="192" type="stmt"/>
      </file>
    </package>
  </project>
</coverage>
