{"/Users/tangzhihao/Documents/Code/inula/packages/inula/scripts/__tests__/HorizonXTest/StoreFunctionality/store.ts": {"path":"/Users/tangzhihao/Documents/Code/inula/packages/inula/scripts/__tests__/HorizonXTest/StoreFunctionality/store.ts","statementMap":{"0":{"start":{"line":18,"column":27},"end":{"line":40,"column":2}},"1":{"start":{"line":25,"column":6},"end":{"line":25,"column":28}},"2":{"start":{"line":28,"column":6},"end":{"line":28,"column":34}},"3":{"start":{"line":31,"column":6},"end":{"line":31,"column":28}},"4":{"start":{"line":36,"column":6},"end":{"line":36,"column":31}},"5":{"start":{"line":38,"column":18},"end":{"line":38,"column":44}},"6":{"start":{"line":38,"column":27},"end":{"line":38,"column":44}}},"fnMap":{"0":{"name":"(anonymous_0)","decl":{"start":{"line":24,"column":12},"end":{"line":24,"column":13}},"loc":{"start":{"line":24,"column":29},"end":{"line":26,"column":5}},"line":24},"1":{"name":"(anonymous_1)","decl":{"start":{"line":27,"column":15},"end":{"line":27,"column":16}},"loc":{"start":{"line":27,"column":33},"end":{"line":29,"column":5}},"line":27},"2":{"name":"(anonymous_2)","decl":{"start":{"line":30,"column":14},"end":{"line":30,"column":15}},"loc":{"start":{"line":30,"column":23},"end":{"line":32,"column":5}},"line":30},"3":{"name":"(anonymous_3)","decl":{"start":{"line":35,"column":12},"end":{"line":35,"column":13}},"loc":{"start":{"line":35,"column":21},"end":{"line":37,"column":5}},"line":35},"4":{"name":"(anonymous_4)","decl":{"start":{"line":38,"column":9},"end":{"line":38,"column":10}},"loc":{"start":{"line":38,"column":18},"end":{"line":38,"column":44}},"line":38},"5":{"name":"(anonymous_5)","decl":{"start":{"line":38,"column":18},"end":{"line":38,"column":19}},"loc":{"start":{"line":38,"column":27},"end":{"line":38,"column":44}},"line":38}},"branchMap":{},"s":{"0":2,"1":2,"2":0,"3":0,"4":6,"5":0,"6":0},"f":{"0":2,"1":0,"2":0,"3":6,"4":0,"5":0},"b":{},"_coverageSchema":"1a1c01bbd47fc00a2c39e90264f33305004495a9","hash":"dc6213b647baf48ac9dc483dd3db09db624b8ff8"}
,"/Users/tangzhihao/Documents/Code/inula/packages/inula/scripts/__tests__/jest/commonComponents.js": {"path":"/Users/tangzhihao/Documents/Code/inula/packages/inula/scripts/__tests__/jest/commonComponents.js","statementMap":{"0":{"start":{"line":20,"column":19},"end":{"line":31,"column":1}},"1":{"start":{"line":21,"column":17},"end":{"line":21,"column":29}},"2":{"start":{"line":22,"column":16},"end":{"line":22,"column":27}},"3":{"start":{"line":24,"column":2},"end":{"line":30,"column":4}},"4":{"start":{"line":33,"column":20},"end":{"line":37,"column":1}},"5":{"start":{"line":34,"column":19},"end":{"line":34,"column":32}},"6":{"start":{"line":35,"column":2},"end":{"line":35,"column":27}},"7":{"start":{"line":36,"column":2},"end":{"line":36,"column":43}},"8":{"start":{"line":40,"column":16},"end":{"line":42,"column":4}},"9":{"start":{"line":43,"column":2},"end":{"line":43,"column":57}}},"fnMap":{"0":{"name":"(anonymous_0)","decl":{"start":{"line":20,"column":19},"end":{"line":20,"column":20}},"loc":{"start":{"line":20,"column":28},"end":{"line":31,"column":1}},"line":20},"1":{"name":"(anonymous_1)","decl":{"start":{"line":33,"column":20},"end":{"line":33,"column":21}},"loc":{"start":{"line":33,"column":29},"end":{"line":37,"column":1}},"line":33},"2":{"name":"triggerClickEvent","decl":{"start":{"line":39,"column":16},"end":{"line":39,"column":33}},"loc":{"start":{"line":39,"column":49},"end":{"line":44,"column":1}},"line":39}},"branchMap":{},"s":{"0":26,"1":33,"2":33,"3":33,"4":26,"5":329,"6":329,"7":329,"8":94,"9":94},"f":{"0":33,"1":329,"2":94},"b":{},"_coverageSchema":"1a1c01bbd47fc00a2c39e90264f33305004495a9","hash":"5c54345662fe94d9c3565892e9e81fe44c6f35c9"}
,"/Users/tangzhihao/Documents/Code/inula/packages/inula/scripts/__tests__/jest/logUtils.js": {"path":"/Users/tangzhihao/Documents/Code/inula/packages/inula/scripts/__tests__/jest/logUtils.js","statementMap":{"0":{"start":{"line":16,"column":16},"end":{"line":16,"column":20}},"1":{"start":{"line":18,"column":12},"end":{"line":24,"column":1}},"2":{"start":{"line":19,"column":2},"end":{"line":23,"column":3}},"3":{"start":{"line":20,"column":4},"end":{"line":20,"column":24}},"4":{"start":{"line":22,"column":4},"end":{"line":22,"column":26}},"5":{"start":{"line":26,"column":20},"end":{"line":33,"column":1}},"6":{"start":{"line":27,"column":2},"end":{"line":29,"column":3}},"7":{"start":{"line":28,"column":4},"end":{"line":28,"column":14}},"8":{"start":{"line":30,"column":17},"end":{"line":30,"column":26}},"9":{"start":{"line":31,"column":2},"end":{"line":31,"column":19}},"10":{"start":{"line":32,"column":2},"end":{"line":32,"column":16}},"11":{"start":{"line":35,"column":14},"end":{"line":37,"column":1}},"12":{"start":{"line":36,"column":2},"end":{"line":36,"column":43}},"13":{"start":{"line":39,"column":0},"end":{"line":39,"column":22}},"14":{"start":{"line":40,"column":0},"end":{"line":40,"column":18}},"15":{"start":{"line":41,"column":0},"end":{"line":41,"column":34}}},"fnMap":{"0":{"name":"(anonymous_0)","decl":{"start":{"line":18,"column":12},"end":{"line":18,"column":13}},"loc":{"start":{"line":18,"column":21},"end":{"line":24,"column":1}},"line":18},"1":{"name":"(anonymous_1)","decl":{"start":{"line":26,"column":20},"end":{"line":26,"column":21}},"loc":{"start":{"line":26,"column":26},"end":{"line":33,"column":1}},"line":26},"2":{"name":"(anonymous_2)","decl":{"start":{"line":35,"column":14},"end":{"line":35,"column":15}},"loc":{"start":{"line":35,"column":20},"end":{"line":37,"column":1}},"line":35}},"branchMap":{"0":{"loc":{"start":{"line":19,"column":2},"end":{"line":23,"column":3}},"type":"if","locations":[{"start":{"line":19,"column":2},"end":{"line":23,"column":3}},{"start":{"line":21,"column":9},"end":{"line":23,"column":3}}],"line":19},"1":{"loc":{"start":{"line":27,"column":2},"end":{"line":29,"column":3}},"type":"if","locations":[{"start":{"line":27,"column":2},"end":{"line":29,"column":3}},{"start":{},"end":{}}],"line":27},"2":{"loc":{"start":{"line":36,"column":14},"end":{"line":36,"column":42}},"type":"cond-expr","locations":[{"start":{"line":36,"column":26},"end":{"line":36,"column":30}},{"start":{"line":36,"column":33},"end":{"line":36,"column":42}}],"line":36}},"s":{"0":11,"1":11,"2":0,"3":0,"4":0,"5":11,"6":0,"7":0,"8":0,"9":0,"10":0,"11":11,"12":34,"13":11,"14":11,"15":11},"f":{"0":0,"1":0,"2":34},"b":{"0":[0,0],"1":[0,0],"2":[0,34]},"_coverageSchema":"1a1c01bbd47fc00a2c39e90264f33305004495a9","hash":"6870be5d1a1948d1f7a7a96dfb574ec4f0e07d14"}
,"/Users/tangzhihao/Documents/Code/inula/packages/inula/scripts/__tests__/jest/testUtils.js": {"path":"/Users/tangzhihao/Documents/Code/inula/packages/inula/scripts/__tests__/jest/testUtils.js","statementMap":{"0":{"start":{"line":16,"column":35},"end":{"line":20,"column":1}},"1":{"start":{"line":17,"column":19},"end":{"line":17,"column":32}},"2":{"start":{"line":18,"column":2},"end":{"line":18,"column":22}},"3":{"start":{"line":19,"column":2},"end":{"line":19,"column":22}},"4":{"start":{"line":23,"column":16},"end":{"line":25,"column":4}},"5":{"start":{"line":26,"column":2},"end":{"line":26,"column":57}},"6":{"start":{"line":31,"column":4},"end":{"line":31,"column":26}},"7":{"start":{"line":34,"column":8},"end":{"line":40,"column":3}},"8":{"start":{"line":35,"column":4},"end":{"line":39,"column":5}},"9":{"start":{"line":36,"column":6},"end":{"line":36,"column":31}},"10":{"start":{"line":38,"column":6},"end":{"line":38,"column":33}},"11":{"start":{"line":42,"column":16},"end":{"line":49,"column":3}},"12":{"start":{"line":43,"column":4},"end":{"line":45,"column":5}},"13":{"start":{"line":44,"column":6},"end":{"line":44,"column":16}},"14":{"start":{"line":46,"column":19},"end":{"line":46,"column":33}},"15":{"start":{"line":47,"column":4},"end":{"line":47,"column":26}},"16":{"start":{"line":48,"column":4},"end":{"line":48,"column":18}},"17":{"start":{"line":51,"column":16},"end":{"line":53,"column":3}},"18":{"start":{"line":52,"column":4},"end":{"line":52,"column":57}},"19":{"start":{"line":55,"column":10},"end":{"line":57,"column":3}},"20":{"start":{"line":56,"column":4},"end":{"line":56,"column":60}},"21":{"start":{"line":62,"column":2},"end":{"line":64,"column":3}},"22":{"start":{"line":63,"column":4},"end":{"line":63,"column":28}},"23":{"start":{"line":65,"column":2},"end":{"line":65,"column":16}}},"fnMap":{"0":{"name":"(anonymous_0)","decl":{"start":{"line":16,"column":35},"end":{"line":16,"column":36}},"loc":{"start":{"line":16,"column":49},"end":{"line":20,"column":1}},"line":16},"1":{"name":"triggerClickEvent","decl":{"start":{"line":22,"column":16},"end":{"line":22,"column":33}},"loc":{"start":{"line":22,"column":49},"end":{"line":27,"column":1}},"line":22},"2":{"name":"(anonymous_2)","decl":{"start":{"line":30,"column":2},"end":{"line":30,"column":3}},"loc":{"start":{"line":30,"column":16},"end":{"line":32,"column":3}},"line":30},"3":{"name":"(anonymous_3)","decl":{"start":{"line":34,"column":8},"end":{"line":34,"column":9}},"loc":{"start":{"line":34,"column":17},"end":{"line":40,"column":3}},"line":34},"4":{"name":"(anonymous_4)","decl":{"start":{"line":42,"column":16},"end":{"line":42,"column":17}},"loc":{"start":{"line":42,"column":22},"end":{"line":49,"column":3}},"line":42},"5":{"name":"(anonymous_5)","decl":{"start":{"line":51,"column":16},"end":{"line":51,"column":17}},"loc":{"start":{"line":51,"column":22},"end":{"line":53,"column":3}},"line":51},"6":{"name":"(anonymous_6)","decl":{"start":{"line":55,"column":10},"end":{"line":55,"column":11}},"loc":{"start":{"line":55,"column":16},"end":{"line":57,"column":3}},"line":55},"7":{"name":"getLogUtils","decl":{"start":{"line":61,"column":16},"end":{"line":61,"column":27}},"loc":{"start":{"line":61,"column":30},"end":{"line":66,"column":1}},"line":61}},"branchMap":{"0":{"loc":{"start":{"line":35,"column":4},"end":{"line":39,"column":5}},"type":"if","locations":[{"start":{"line":35,"column":4},"end":{"line":39,"column":5}},{"start":{"line":37,"column":11},"end":{"line":39,"column":5}}],"line":35},"1":{"loc":{"start":{"line":43,"column":4},"end":{"line":45,"column":5}},"type":"if","locations":[{"start":{"line":43,"column":4},"end":{"line":45,"column":5}},{"start":{},"end":{}}],"line":43},"2":{"loc":{"start":{"line":52,"column":11},"end":{"line":52,"column":56}},"type":"cond-expr","locations":[{"start":{"line":52,"column":37},"end":{"line":52,"column":39}},{"start":{"line":52,"column":42},"end":{"line":52,"column":56}}],"line":52},"3":{"loc":{"start":{"line":56,"column":21},"end":{"line":56,"column":59}},"type":"cond-expr","locations":[{"start":{"line":56,"column":38},"end":{"line":56,"column":42}},{"start":{"line":56,"column":45},"end":{"line":56,"column":59}}],"line":56},"4":{"loc":{"start":{"line":62,"column":2},"end":{"line":64,"column":3}},"type":"if","locations":[{"start":{"line":62,"column":2},"end":{"line":64,"column":3}},{"start":{},"end":{}}],"line":62}},"s":{"0":59,"1":2,"2":2,"3":2,"4":0,"5":0,"6":59,"7":59,"8":592,"9":189,"10":403,"11":59,"12":171,"13":27,"14":144,"15":144,"16":144,"17":59,"18":27,"19":59,"20":574,"21":411,"22":59,"23":411},"f":{"0":2,"1":0,"2":59,"3":592,"4":171,"5":27,"6":574,"7":411},"b":{"0":[189,403],"1":[27,144],"2":[19,8],"3":[45,529],"4":[59,352]},"_coverageSchema":"1a1c01bbd47fc00a2c39e90264f33305004495a9","hash":"cbfcf57ff783b15ee8ce5662f62625f37a844b3f"}
,"/Users/tangzhihao/Documents/Code/inula/packages/inula/scripts/__tests__/utils/dispatchChangeEvent.js": {"path":"/Users/tangzhihao/Documents/Code/inula/packages/inula/scripts/__tests__/utils/dispatchChangeEvent.js","statementMap":{"0":{"start":{"line":16,"column":28},"end":{"line":16,"column":107}},"1":{"start":{"line":17,"column":2},"end":{"line":17,"column":42}},"2":{"start":{"line":19,"column":2},"end":{"line":19,"column":64}}},"fnMap":{"0":{"name":"dispatchChangeEvent","decl":{"start":{"line":15,"column":24},"end":{"line":15,"column":43}},"loc":{"start":{"line":15,"column":61},"end":{"line":20,"column":1}},"line":15}},"branchMap":{},"s":{"0":2,"1":2,"2":2},"f":{"0":2},"b":{},"_coverageSchema":"1a1c01bbd47fc00a2c39e90264f33305004495a9","hash":"0cb542051a110b35edf4a7e678f87cec08e1f67f"}
,"/Users/tangzhihao/Documents/Code/inula/packages/inula/src/index.ts": {"path":"/Users/tangzhihao/Documents/Code/inula/packages/inula/src/index.ts","statementMap":{"0":{"start":{"line":75,"column":14},"end":{"line":125,"column":1}},"1":{"start":{"line":127,"column":23},"end":{"line":127,"column":34}}},"fnMap":{},"branchMap":{},"s":{"0":55,"1":55},"f":{},"b":{},"_coverageSchema":"1a1c01bbd47fc00a2c39e90264f33305004495a9","hash":"a194911c642b1e5437476d64ffe6144f366cf136"}
,"/Users/tangzhihao/Documents/Code/inula/packages/inula/src/types.ts": {"path":"/Users/tangzhihao/Documents/Code/inula/packages/inula/src/types.ts","statementMap":{},"fnMap":{},"branchMap":{},"s":{},"f":{},"b":{},"_coverageSchema":"1a1c01bbd47fc00a2c39e90264f33305004495a9","hash":"457e8c62b85477275b92f42ba2dfdd5c115fdf4e"}
,"/Users/tangzhihao/Documents/Code/inula/packages/inula/src/dom/DOMExternal.ts": {"path":"/Users/tangzhihao/Documents/Code/inula/packages/inula/src/dom/DOMExternal.ts","statementMap":{"0":{"start":{"line":28,"column":14},"end":{"line":28,"column":33}},"1":{"start":{"line":29,"column":2},"end":{"line":32,"column":3}},"2":{"start":{"line":30,"column":4},"end":{"line":30,"column":33}},"3":{"start":{"line":31,"column":4},"end":{"line":31,"column":32}},"4":{"start":{"line":35,"column":19},"end":{"line":35,"column":49}},"5":{"start":{"line":36,"column":2},"end":{"line":36,"column":33}},"6":{"start":{"line":37,"column":2},"end":{"line":37,"column":43}},"7":{"start":{"line":40,"column":2},"end":{"line":46,"column":3}},"8":{"start":{"line":41,"column":15},"end":{"line":41,"column":23}},"9":{"start":{"line":42,"column":4},"end":{"line":45,"column":6}},"10":{"start":{"line":43,"column":23},"end":{"line":43,"column":50}},"11":{"start":{"line":44,"column":6},"end":{"line":44,"column":24}},"12":{"start":{"line":49,"column":2},"end":{"line":51,"column":5}},"13":{"start":{"line":50,"column":4},"end":{"line":50,"column":46}},"14":{"start":{"line":53,"column":2},"end":{"line":53,"column":18}},"15":{"start":{"line":57,"column":17},"end":{"line":57,"column":36}},"16":{"start":{"line":59,"column":2},"end":{"line":72,"column":3}},"17":{"start":{"line":60,"column":4},"end":{"line":60,"column":57}},"18":{"start":{"line":63,"column":4},"end":{"line":69,"column":5}},"19":{"start":{"line":64,"column":17},"end":{"line":64,"column":25}},"20":{"start":{"line":65,"column":6},"end":{"line":68,"column":8}},"21":{"start":{"line":66,"column":25},"end":{"line":66,"column":52}},"22":{"start":{"line":67,"column":8},"end":{"line":67,"column":26}},"23":{"start":{"line":71,"column":4},"end":{"line":71,"column":46}},"24":{"start":{"line":74,"column":2},"end":{"line":74,"column":37}},"25":{"start":{"line":78,"column":2},"end":{"line":80,"column":3}},"26":{"start":{"line":79,"column":4},"end":{"line":79,"column":16}},"27":{"start":{"line":83,"column":2},"end":{"line":85,"column":3}},"28":{"start":{"line":84,"column":4},"end":{"line":84,"column":20}},"29":{"start":{"line":88,"column":2},"end":{"line":88,"column":38}},"30":{"start":{"line":93,"column":17},"end":{"line":93,"column":46}},"31":{"start":{"line":94,"column":2},"end":{"line":103,"column":3}},"32":{"start":{"line":95,"column":4},"end":{"line":102,"column":7}},"33":{"start":{"line":96,"column":23},"end":{"line":96,"column":36}},"34":{"start":{"line":98,"column":6},"end":{"line":101,"column":7}},"35":{"start":{"line":99,"column":8},"end":{"line":99,"column":55}},"36":{"start":{"line":100,"column":8},"end":{"line":100,"column":29}},"37":{"start":{"line":109,"column":2},"end":{"line":118,"column":3}},"38":{"start":{"line":110,"column":4},"end":{"line":115,"column":7}},"39":{"start":{"line":111,"column":6},"end":{"line":114,"column":9}},"40":{"start":{"line":112,"column":8},"end":{"line":112,"column":41}},"41":{"start":{"line":113,"column":8},"end":{"line":113,"column":35}},"42":{"start":{"line":117,"column":4},"end":{"line":117,"column":16}},"43":{"start":{"line":120,"column":2},"end":{"line":120,"column":15}},"44":{"start":{"line":130,"column":2},"end":{"line":137,"column":4}},"45":{"start":{"line":132,"column":6},"end":{"line":132,"column":42}},"46":{"start":{"line":135,"column":6},"end":{"line":135,"column":25}}},"fnMap":{"0":{"name":"createRoot","decl":{"start":{"line":26,"column":9},"end":{"line":26,"column":19}},"loc":{"start":{"line":26,"column":78},"end":{"line":54,"column":1}},"line":26},"1":{"name":"(anonymous_1)","decl":{"start":{"line":42,"column":15},"end":{"line":42,"column":16}},"loc":{"start":{"line":42,"column":27},"end":{"line":45,"column":5}},"line":42},"2":{"name":"(anonymous_2)","decl":{"start":{"line":49,"column":14},"end":{"line":49,"column":15}},"loc":{"start":{"line":49,"column":20},"end":{"line":51,"column":3}},"line":49},"3":{"name":"executeRender","decl":{"start":{"line":56,"column":9},"end":{"line":56,"column":22}},"loc":{"start":{"line":56,"column":81},"end":{"line":75,"column":1}},"line":56},"4":{"name":"(anonymous_4)","decl":{"start":{"line":65,"column":17},"end":{"line":65,"column":18}},"loc":{"start":{"line":65,"column":29},"end":{"line":68,"column":7}},"line":65},"5":{"name":"findDOMNode","decl":{"start":{"line":77,"column":9},"end":{"line":77,"column":20}},"loc":{"start":{"line":77,"column":64},"end":{"line":89,"column":1}},"line":77},"6":{"name":"removeRootEventLister","decl":{"start":{"line":92,"column":9},"end":{"line":92,"column":30}},"loc":{"start":{"line":92,"column":53},"end":{"line":104,"column":1}},"line":92},"7":{"name":"(anonymous_7)","decl":{"start":{"line":95,"column":32},"end":{"line":95,"column":33}},"loc":{"start":{"line":95,"column":41},"end":{"line":102,"column":5}},"line":95},"8":{"name":"destroy","decl":{"start":{"line":108,"column":9},"end":{"line":108,"column":16}},"loc":{"start":{"line":108,"column":48},"end":{"line":121,"column":1}},"line":108},"9":{"name":"(anonymous_9)","decl":{"start":{"line":110,"column":16},"end":{"line":110,"column":17}},"loc":{"start":{"line":110,"column":22},"end":{"line":115,"column":5}},"line":110},"10":{"name":"(anonymous_10)","decl":{"start":{"line":111,"column":37},"end":{"line":111,"column":38}},"loc":{"start":{"line":111,"column":43},"end":{"line":114,"column":7}},"line":111},"11":{"name":"createRootElement","decl":{"start":{"line":129,"column":9},"end":{"line":129,"column":26}},"loc":{"start":{"line":129,"column":92},"end":{"line":138,"column":1}},"line":129},"12":{"name":"(anonymous_12)","decl":{"start":{"line":131,"column":4},"end":{"line":131,"column":5}},"loc":{"start":{"line":131,"column":33},"end":{"line":133,"column":5}},"line":131},"13":{"name":"(anonymous_13)","decl":{"start":{"line":134,"column":4},"end":{"line":134,"column":5}},"loc":{"start":{"line":134,"column":20},"end":{"line":136,"column":5}},"line":134}},"branchMap":{"0":{"loc":{"start":{"line":40,"column":2},"end":{"line":46,"column":3}},"type":"if","locations":[{"start":{"line":40,"column":2},"end":{"line":46,"column":3}},{"start":{},"end":{}}],"line":40},"1":{"loc":{"start":{"line":59,"column":2},"end":{"line":72,"column":3}},"type":"if","locations":[{"start":{"line":59,"column":2},"end":{"line":72,"column":3}},{"start":{"line":61,"column":9},"end":{"line":72,"column":3}}],"line":59},"2":{"loc":{"start":{"line":63,"column":4},"end":{"line":69,"column":5}},"type":"if","locations":[{"start":{"line":63,"column":4},"end":{"line":69,"column":5}},{"start":{},"end":{}}],"line":63},"3":{"loc":{"start":{"line":78,"column":2},"end":{"line":80,"column":3}},"type":"if","locations":[{"start":{"line":78,"column":2},"end":{"line":80,"column":3}},{"start":{},"end":{}}],"line":78},"4":{"loc":{"start":{"line":78,"column":6},"end":{"line":78,"column":49}},"type":"binary-expr","locations":[{"start":{"line":78,"column":6},"end":{"line":78,"column":23}},{"start":{"line":78,"column":27},"end":{"line":78,"column":49}}],"line":78},"5":{"loc":{"start":{"line":83,"column":2},"end":{"line":85,"column":3}},"type":"if","locations":[{"start":{"line":83,"column":2},"end":{"line":85,"column":3}},{"start":{},"end":{}}],"line":83},"6":{"loc":{"start":{"line":94,"column":2},"end":{"line":103,"column":3}},"type":"if","locations":[{"start":{"line":94,"column":2},"end":{"line":103,"column":3}},{"start":{},"end":{}}],"line":94},"7":{"loc":{"start":{"line":98,"column":6},"end":{"line":101,"column":7}},"type":"if","locations":[{"start":{"line":98,"column":6},"end":{"line":101,"column":7}},{"start":{},"end":{}}],"line":98},"8":{"loc":{"start":{"line":109,"column":2},"end":{"line":118,"column":3}},"type":"if","locations":[{"start":{"line":109,"column":2},"end":{"line":118,"column":3}},{"start":{},"end":{}}],"line":109}},"s":{"0":265,"1":265,"2":0,"3":0,"4":265,"5":265,"6":265,"7":265,"8":18,"9":18,"10":18,"11":18,"12":265,"13":265,"14":259,"15":628,"16":628,"17":265,"18":363,"19":262,"20":262,"21":262,"22":262,"23":363,"24":621,"25":0,"26":0,"27":0,"28":0,"29":0,"30":243,"31":243,"32":243,"33":628,"34":628,"35":628,"36":628,"37":358,"38":243,"39":243,"40":243,"41":243,"42":243,"43":115,"44":0,"45":0,"46":0},"f":{"0":265,"1":18,"2":265,"3":628,"4":262,"5":0,"6":243,"7":628,"8":358,"9":243,"10":243,"11":0,"12":0,"13":0},"b":{"0":[18,247],"1":[265,363],"2":[262,101],"3":[0,0],"4":[0,0],"5":[0,0],"6":[243,0],"7":[628,0],"8":[243,115]},"_coverageSchema":"1a1c01bbd47fc00a2c39e90264f33305004495a9","hash":"90e01fe458e723665502fae4859c80e76e23635a"}
,"/Users/tangzhihao/Documents/Code/inula/packages/inula/src/dom/DOMInternalKeys.ts": {"path":"/Users/tangzhihao/Documents/Code/inula/packages/inula/src/dom/DOMInternalKeys.ts","statementMap":{"0":{"start":{"line":25,"column":18},"end":{"line":25,"column":53}},"1":{"start":{"line":26,"column":23},"end":{"line":26,"column":50}},"2":{"start":{"line":27,"column":23},"end":{"line":27,"column":50}},"3":{"start":{"line":28,"column":35},"end":{"line":28,"column":75}},"4":{"start":{"line":29,"column":27},"end":{"line":29,"column":67}},"5":{"start":{"line":30,"column":25},"end":{"line":30,"column":49}},"6":{"start":{"line":34,"column":18},"end":{"line":34,"column":23}},"7":{"start":{"line":35,"column":2},"end":{"line":37,"column":3}},"8":{"start":{"line":36,"column":4},"end":{"line":36,"column":26}},"9":{"start":{"line":38,"column":2},"end":{"line":38,"column":14}},"10":{"start":{"line":43,"column":2},"end":{"line":43,"column":30}},"11":{"start":{"line":48,"column":16},"end":{"line":48,"column":67}},"12":{"start":{"line":49,"column":2},"end":{"line":54,"column":3}},"13":{"start":{"line":50,"column":20},"end":{"line":50,"column":25}},"14":{"start":{"line":51,"column":4},"end":{"line":53,"column":5}},"15":{"start":{"line":52,"column":6},"end":{"line":52,"column":19}},"16":{"start":{"line":55,"column":2},"end":{"line":55,"column":14}},"17":{"start":{"line":60,"column":29},"end":{"line":60,"column":32}},"18":{"start":{"line":62,"column":2},"end":{"line":68,"column":3}},"19":{"start":{"line":63,"column":18},"end":{"line":63,"column":41}},"20":{"start":{"line":64,"column":4},"end":{"line":66,"column":5}},"21":{"start":{"line":65,"column":6},"end":{"line":65,"column":19}},"22":{"start":{"line":67,"column":4},"end":{"line":67,"column":33}},"23":{"start":{"line":70,"column":2},"end":{"line":70,"column":14}},"24":{"start":{"line":75,"column":2},"end":{"line":75,"column":37}},"25":{"start":{"line":80,"column":2},"end":{"line":80,"column":30}},"26":{"start":{"line":84,"column":18},"end":{"line":84,"column":49}},"27":{"start":{"line":85,"column":2},"end":{"line":88,"column":3}},"28":{"start":{"line":86,"column":4},"end":{"line":86,"column":26}},"29":{"start":{"line":87,"column":4},"end":{"line":87,"column":48}},"30":{"start":{"line":89,"column":2},"end":{"line":89,"column":19}}},"fnMap":{"0":{"name":"getDom","decl":{"start":{"line":33,"column":16},"end":{"line":33,"column":22}},"loc":{"start":{"line":33,"column":60},"end":{"line":39,"column":1}},"line":33},"1":{"name":"saveVNode","decl":{"start":{"line":42,"column":16},"end":{"line":42,"column":25}},"loc":{"start":{"line":42,"column":79},"end":{"line":44,"column":1}},"line":42},"2":{"name":"getVNode","decl":{"start":{"line":47,"column":16},"end":{"line":47,"column":24}},"loc":{"start":{"line":47,"column":62},"end":{"line":56,"column":1}},"line":47},"3":{"name":"getNearestVNode","decl":{"start":{"line":59,"column":16},"end":{"line":59,"column":31}},"loc":{"start":{"line":59,"column":57},"end":{"line":71,"column":1}},"line":59},"4":{"name":"getVNodeProps","decl":{"start":{"line":74,"column":16},"end":{"line":74,"column":29}},"loc":{"start":{"line":74,"column":65},"end":{"line":76,"column":1}},"line":74},"5":{"name":"updateVNodeProps","decl":{"start":{"line":79,"column":16},"end":{"line":79,"column":32}},"loc":{"start":{"line":79,"column":74},"end":{"line":81,"column":1}},"line":79},"6":{"name":"getNonDelegatedListenerMap","decl":{"start":{"line":83,"column":16},"end":{"line":83,"column":42}},"loc":{"start":{"line":83,"column":92},"end":{"line":90,"column":1}},"line":83}},"branchMap":{"0":{"loc":{"start":{"line":35,"column":2},"end":{"line":37,"column":3}},"type":"if","locations":[{"start":{"line":35,"column":2},"end":{"line":37,"column":3}},{"start":{},"end":{}}],"line":35},"1":{"loc":{"start":{"line":35,"column":6},"end":{"line":35,"column":45}},"type":"binary-expr","locations":[{"start":{"line":35,"column":6},"end":{"line":35,"column":26}},{"start":{"line":35,"column":30},"end":{"line":35,"column":45}}],"line":35},"2":{"loc":{"start":{"line":48,"column":16},"end":{"line":48,"column":67}},"type":"binary-expr","locations":[{"start":{"line":48,"column":16},"end":{"line":48,"column":35}},{"start":{"line":48,"column":39},"end":{"line":48,"column":67}}],"line":48},"3":{"loc":{"start":{"line":49,"column":2},"end":{"line":54,"column":3}},"type":"if","locations":[{"start":{"line":49,"column":2},"end":{"line":54,"column":3}},{"start":{},"end":{}}],"line":49},"4":{"loc":{"start":{"line":51,"column":4},"end":{"line":53,"column":5}},"type":"if","locations":[{"start":{"line":51,"column":4},"end":{"line":53,"column":5}},{"start":{},"end":{}}],"line":51},"5":{"loc":{"start":{"line":51,"column":8},"end":{"line":51,"column":67}},"type":"binary-expr","locations":[{"start":{"line":51,"column":8},"end":{"line":51,"column":28}},{"start":{"line":51,"column":32},"end":{"line":51,"column":47}},{"start":{"line":51,"column":51},"end":{"line":51,"column":67}}],"line":51},"6":{"loc":{"start":{"line":64,"column":4},"end":{"line":66,"column":5}},"type":"if","locations":[{"start":{"line":64,"column":4},"end":{"line":66,"column":5}},{"start":{},"end":{}}],"line":64},"7":{"loc":{"start":{"line":75,"column":9},"end":{"line":75,"column":36}},"type":"binary-expr","locations":[{"start":{"line":75,"column":9},"end":{"line":75,"column":28}},{"start":{"line":75,"column":32},"end":{"line":75,"column":36}}],"line":75},"8":{"loc":{"start":{"line":85,"column":2},"end":{"line":88,"column":3}},"type":"if","locations":[{"start":{"line":85,"column":2},"end":{"line":88,"column":3}},{"start":{},"end":{}}],"line":85}},"s":{"0":59,"1":59,"2":59,"3":59,"4":59,"5":59,"6":146,"7":146,"8":146,"9":0,"10":996,"11":0,"12":0,"13":0,"14":0,"15":0,"16":0,"17":221,"18":221,"19":230,"20":230,"21":218,"22":12,"23":3,"24":9,"25":962,"26":2,"27":2,"28":1,"29":1,"30":2},"f":{"0":146,"1":996,"2":0,"3":221,"4":9,"5":962,"6":2},"b":{"0":[146,0],"1":[146,0],"2":[0,0],"3":[0,0],"4":[0,0],"5":[0,0,0],"6":[218,12],"7":[9,0],"8":[1,1]},"_coverageSchema":"1a1c01bbd47fc00a2c39e90264f33305004495a9","hash":"559205e50ac84742cfd63b0777243f4e045f51f2"}
,"/Users/tangzhihao/Documents/Code/inula/packages/inula/src/dom/DOMOperator.ts": {"path":"/Users/tangzhihao/Documents/Code/inula/packages/inula/src/dom/DOMOperator.ts","statementMap":{"0":{"start":{"line":42,"column":42},"end":{"line":42,"column":46}},"1":{"start":{"line":45,"column":2},"end":{"line":47,"column":3}},"2":{"start":{"line":46,"column":4},"end":{"line":46,"column":20}},"3":{"start":{"line":49,"column":2},"end":{"line":52,"column":3}},"4":{"start":{"line":51,"column":4},"end":{"line":51,"column":36}},"5":{"start":{"line":55,"column":2},"end":{"line":55,"column":18}},"6":{"start":{"line":60,"column":2},"end":{"line":60,"column":95}},"7":{"start":{"line":64,"column":2},"end":{"line":64,"column":52}},"8":{"start":{"line":68,"column":2},"end":{"line":68,"column":37}},"9":{"start":{"line":69,"column":2},"end":{"line":69,"column":23}},"10":{"start":{"line":76,"column":18},"end":{"line":76,"column":44}},"11":{"start":{"line":77,"column":14},"end":{"line":77,"column":67}},"12":{"start":{"line":79,"column":23},"end":{"line":79,"column":63}},"13":{"start":{"line":81,"column":2},"end":{"line":81,"column":24}},"14":{"start":{"line":83,"column":2},"end":{"line":83,"column":31}},"15":{"start":{"line":85,"column":2},"end":{"line":85,"column":13}},"16":{"start":{"line":90,"column":2},"end":{"line":90,"column":35}},"17":{"start":{"line":93,"column":37},"end":{"line":93,"column":81}},"18":{"start":{"line":96,"column":22},"end":{"line":96,"column":53}},"19":{"start":{"line":97,"column":2},"end":{"line":97,"column":45}},"20":{"start":{"line":99,"column":2},"end":{"line":102,"column":3}},"21":{"start":{"line":101,"column":4},"end":{"line":101,"column":26}},"22":{"start":{"line":105,"column":2},"end":{"line":105,"column":39}},"23":{"start":{"line":107,"column":2},"end":{"line":107,"column":44}},"24":{"start":{"line":118,"column":2},"end":{"line":118,"column":36}},"25":{"start":{"line":121,"column":40},"end":{"line":121,"column":85}},"26":{"start":{"line":122,"column":40},"end":{"line":122,"column":85}},"27":{"start":{"line":124,"column":2},"end":{"line":124,"column":42}},"28":{"start":{"line":128,"column":2},"end":{"line":130,"column":3}},"29":{"start":{"line":129,"column":4},"end":{"line":129,"column":16}},"30":{"start":{"line":131,"column":20},"end":{"line":131,"column":41}},"31":{"start":{"line":132,"column":2},"end":{"line":141,"column":3}},"32":{"start":{"line":133,"column":4},"end":{"line":133,"column":16}},"33":{"start":{"line":135,"column":4},"end":{"line":140,"column":6}},"34":{"start":{"line":145,"column":25},"end":{"line":145,"column":54}},"35":{"start":{"line":146,"column":2},"end":{"line":146,"column":34}},"36":{"start":{"line":147,"column":2},"end":{"line":147,"column":18}},"37":{"start":{"line":152,"column":19},"end":{"line":152,"column":30}},"38":{"start":{"line":153,"column":34},"end":{"line":153,"column":48}},"39":{"start":{"line":155,"column":2},"end":{"line":187,"column":3}},"40":{"start":{"line":157,"column":4},"end":{"line":181,"column":5}},"41":{"start":{"line":158,"column":19},"end":{"line":158,"column":29}},"42":{"start":{"line":159,"column":25},"end":{"line":159,"column":41}},"43":{"start":{"line":160,"column":6},"end":{"line":160,"column":30}},"44":{"start":{"line":162,"column":6},"end":{"line":180,"column":7}},"45":{"start":{"line":163,"column":8},"end":{"line":163,"column":34}},"46":{"start":{"line":164,"column":8},"end":{"line":164,"column":44}},"47":{"start":{"line":167,"column":8},"end":{"line":176,"column":9}},"48":{"start":{"line":175,"column":10},"end":{"line":175,"column":71}},"49":{"start":{"line":177,"column":28},"end":{"line":177,"column":59}},"50":{"start":{"line":178,"column":8},"end":{"line":178,"column":61}},"51":{"start":{"line":179,"column":8},"end":{"line":179,"column":45}},"52":{"start":{"line":182,"column":9},"end":{"line":187,"column":3}},"53":{"start":{"line":183,"column":4},"end":{"line":186,"column":5}},"54":{"start":{"line":185,"column":6},"end":{"line":185,"column":37}},"55":{"start":{"line":191,"column":2},"end":{"line":191,"column":21}},"56":{"start":{"line":196,"column":2},"end":{"line":196,"column":28}},"57":{"start":{"line":201,"column":2},"end":{"line":201,"column":42}},"58":{"start":{"line":205,"column":2},"end":{"line":205,"column":28}},"59":{"start":{"line":210,"column":2},"end":{"line":214,"column":3}},"60":{"start":{"line":211,"column":4},"end":{"line":211,"column":48}},"61":{"start":{"line":212,"column":9},"end":{"line":214,"column":3}},"62":{"start":{"line":213,"column":4},"end":{"line":213,"column":25}},"63":{"start":{"line":219,"column":2},"end":{"line":223,"column":3}},"64":{"start":{"line":220,"column":4},"end":{"line":220,"column":98}},"65":{"start":{"line":221,"column":9},"end":{"line":223,"column":3}},"66":{"start":{"line":222,"column":4},"end":{"line":222,"column":35}}},"fnMap":{"0":{"name":"getChildNS","decl":{"start":{"line":44,"column":9},"end":{"line":44,"column":19}},"loc":{"start":{"line":44,"column":70},"end":{"line":56,"column":1}},"line":44},"1":{"name":"getNSCtx","decl":{"start":{"line":59,"column":16},"end":{"line":59,"column":24}},"loc":{"start":{"line":59,"column":82},"end":{"line":61,"column":1}},"line":59},"2":{"name":"prepareForSubmit","decl":{"start":{"line":63,"column":16},"end":{"line":63,"column":32}},"loc":{"start":{"line":63,"column":41},"end":{"line":65,"column":1}},"line":63},"3":{"name":"resetAfterSubmit","decl":{"start":{"line":67,"column":16},"end":{"line":67,"column":32}},"loc":{"start":{"line":67,"column":41},"end":{"line":70,"column":1}},"line":67},"4":{"name":"newDom","decl":{"start":{"line":73,"column":16},"end":{"line":73,"column":22}},"loc":{"start":{"line":73,"column":102},"end":{"line":86,"column":1}},"line":73},"5":{"name":"initDomProps","decl":{"start":{"line":89,"column":16},"end":{"line":89,"column":28}},"loc":{"start":{"line":89,"column":86},"end":{"line":108,"column":1}},"line":89},"6":{"name":"getPropChangeList","decl":{"start":{"line":111,"column":16},"end":{"line":111,"column":33}},"loc":{"start":{"line":116,"column":23},"end":{"line":125,"column":1}},"line":116},"7":{"name":"isTextChild","decl":{"start":{"line":127,"column":16},"end":{"line":127,"column":27}},"loc":{"start":{"line":127,"column":65},"end":{"line":142,"column":1}},"line":127},"8":{"name":"newTextDom","decl":{"start":{"line":144,"column":16},"end":{"line":144,"column":26}},"loc":{"start":{"line":144,"column":66},"end":{"line":148,"column":1}},"line":144},"9":{"name":"submitDomUpdate","decl":{"start":{"line":151,"column":16},"end":{"line":151,"column":31}},"loc":{"start":{"line":151,"column":59},"end":{"line":188,"column":1}},"line":151},"10":{"name":"clearText","decl":{"start":{"line":190,"column":16},"end":{"line":190,"column":25}},"loc":{"start":{"line":190,"column":46},"end":{"line":192,"column":1}},"line":190},"11":{"name":"appendChildElement","decl":{"start":{"line":195,"column":16},"end":{"line":195,"column":34}},"loc":{"start":{"line":195,"column":93},"end":{"line":197,"column":1}},"line":195},"12":{"name":"insertDomBefore","decl":{"start":{"line":200,"column":16},"end":{"line":200,"column":31}},"loc":{"start":{"line":200,"column":113},"end":{"line":202,"column":1}},"line":200},"13":{"name":"removeChildDom","decl":{"start":{"line":204,"column":16},"end":{"line":204,"column":30}},"loc":{"start":{"line":204,"column":83},"end":{"line":206,"column":1}},"line":204},"14":{"name":"hideDom","decl":{"start":{"line":209,"column":16},"end":{"line":209,"column":23}},"loc":{"start":{"line":209,"column":58},"end":{"line":215,"column":1}},"line":209},"15":{"name":"unHideDom","decl":{"start":{"line":218,"column":16},"end":{"line":218,"column":25}},"loc":{"start":{"line":218,"column":75},"end":{"line":224,"column":1}},"line":218}},"branchMap":{"0":{"loc":{"start":{"line":45,"column":2},"end":{"line":47,"column":3}},"type":"if","locations":[{"start":{"line":45,"column":2},"end":{"line":47,"column":3}},{"start":{},"end":{}}],"line":45},"1":{"loc":{"start":{"line":45,"column":6},"end":{"line":45,"column":57}},"type":"binary-expr","locations":[{"start":{"line":45,"column":6},"end":{"line":45,"column":26}},{"start":{"line":45,"column":30},"end":{"line":45,"column":57}}],"line":45},"2":{"loc":{"start":{"line":49,"column":2},"end":{"line":52,"column":3}},"type":"if","locations":[{"start":{"line":49,"column":2},"end":{"line":52,"column":3}},{"start":{},"end":{}}],"line":49},"3":{"loc":{"start":{"line":49,"column":6},"end":{"line":49,"column":48}},"type":"binary-expr","locations":[{"start":{"line":49,"column":6},"end":{"line":49,"column":23}},{"start":{"line":49,"column":27},"end":{"line":49,"column":48}}],"line":49},"4":{"loc":{"start":{"line":51,"column":11},"end":{"line":51,"column":35}},"type":"binary-expr","locations":[{"start":{"line":51,"column":11},"end":{"line":51,"column":23}},{"start":{"line":51,"column":27},"end":{"line":51,"column":35}}],"line":51},"5":{"loc":{"start":{"line":60,"column":9},"end":{"line":60,"column":94}},"type":"cond-expr","locations":[{"start":{"line":60,"column":15},"end":{"line":60,"column":65}},{"start":{"line":60,"column":68},"end":{"line":60,"column":94}}],"line":60},"6":{"loc":{"start":{"line":60,"column":26},"end":{"line":60,"column":50}},"type":"binary-expr","locations":[{"start":{"line":60,"column":26},"end":{"line":60,"column":42}},{"start":{"line":60,"column":46},"end":{"line":60,"column":50}}],"line":60},"7":{"loc":{"start":{"line":77,"column":14},"end":{"line":77,"column":67}},"type":"cond-expr","locations":[{"start":{"line":77,"column":36},"end":{"line":77,"column":43}},{"start":{"line":77,"column":46},"end":{"line":77,"column":67}}],"line":77},"8":{"loc":{"start":{"line":99,"column":2},"end":{"line":102,"column":3}},"type":"if","locations":[{"start":{"line":99,"column":2},"end":{"line":102,"column":3}},{"start":{},"end":{}}],"line":99},"9":{"loc":{"start":{"line":99,"column":6},"end":{"line":99,"column":51}},"type":"binary-expr","locations":[{"start":{"line":99,"column":6},"end":{"line":99,"column":25}},{"start":{"line":99,"column":29},"end":{"line":99,"column":51}}],"line":99},"10":{"loc":{"start":{"line":128,"column":2},"end":{"line":130,"column":3}},"type":"if","locations":[{"start":{"line":128,"column":2},"end":{"line":130,"column":3}},{"start":{},"end":{}}],"line":128},"11":{"loc":{"start":{"line":128,"column":6},"end":{"line":128,"column":69}},"type":"binary-expr","locations":[{"start":{"line":128,"column":6},"end":{"line":128,"column":25}},{"start":{"line":128,"column":29},"end":{"line":128,"column":46}},{"start":{"line":128,"column":50},"end":{"line":128,"column":69}}],"line":128},"12":{"loc":{"start":{"line":132,"column":2},"end":{"line":141,"column":3}},"type":"if","locations":[{"start":{"line":132,"column":2},"end":{"line":141,"column":3}},{"start":{"line":134,"column":9},"end":{"line":141,"column":3}}],"line":132},"13":{"loc":{"start":{"line":132,"column":6},"end":{"line":132,"column":54}},"type":"binary-expr","locations":[{"start":{"line":132,"column":6},"end":{"line":132,"column":28}},{"start":{"line":132,"column":32},"end":{"line":132,"column":54}}],"line":132},"14":{"loc":{"start":{"line":136,"column":6},"end":{"line":139,"column":56}},"type":"binary-expr","locations":[{"start":{"line":136,"column":6},"end":{"line":136,"column":35}},{"start":{"line":137,"column":6},"end":{"line":137,"column":55}},{"start":{"line":138,"column":6},"end":{"line":138,"column":51}},{"start":{"line":139,"column":6},"end":{"line":139,"column":56}}],"line":136},"15":{"loc":{"start":{"line":155,"column":2},"end":{"line":187,"column":3}},"type":"if","locations":[{"start":{"line":155,"column":2},"end":{"line":187,"column":3}},{"start":{"line":182,"column":9},"end":{"line":187,"column":3}}],"line":155},"16":{"loc":{"start":{"line":157,"column":4},"end":{"line":181,"column":5}},"type":"if","locations":[{"start":{"line":157,"column":4},"end":{"line":181,"column":5}},{"start":{},"end":{}}],"line":157},"17":{"loc":{"start":{"line":157,"column":8},"end":{"line":157,"column":49}},"type":"binary-expr","locations":[{"start":{"line":157,"column":8},"end":{"line":157,"column":24}},{"start":{"line":157,"column":28},"end":{"line":157,"column":49}}],"line":157},"18":{"loc":{"start":{"line":162,"column":6},"end":{"line":180,"column":7}},"type":"if","locations":[{"start":{"line":162,"column":6},"end":{"line":180,"column":7}},{"start":{},"end":{}}],"line":162},"19":{"loc":{"start":{"line":167,"column":8},"end":{"line":176,"column":9}},"type":"if","locations":[{"start":{"line":167,"column":8},"end":{"line":176,"column":9}},{"start":{},"end":{}}],"line":167},"20":{"loc":{"start":{"line":168,"column":10},"end":{"line":173,"column":40}},"type":"binary-expr","locations":[{"start":{"line":168,"column":10},"end":{"line":168,"column":26}},{"start":{"line":169,"column":10},"end":{"line":169,"column":35}},{"start":{"line":170,"column":10},"end":{"line":170,"column":32}},{"start":{"line":171,"column":10},"end":{"line":171,"column":37}},{"start":{"line":172,"column":10},"end":{"line":172,"column":35}},{"start":{"line":173,"column":10},"end":{"line":173,"column":40}}],"line":168},"21":{"loc":{"start":{"line":182,"column":9},"end":{"line":187,"column":3}},"type":"if","locations":[{"start":{"line":182,"column":9},"end":{"line":187,"column":3}},{"start":{},"end":{}}],"line":182},"22":{"loc":{"start":{"line":183,"column":4},"end":{"line":186,"column":5}},"type":"if","locations":[{"start":{"line":183,"column":4},"end":{"line":186,"column":5}},{"start":{},"end":{}}],"line":183},"23":{"loc":{"start":{"line":210,"column":2},"end":{"line":214,"column":3}},"type":"if","locations":[{"start":{"line":210,"column":2},"end":{"line":214,"column":3}},{"start":{"line":212,"column":9},"end":{"line":214,"column":3}}],"line":210},"24":{"loc":{"start":{"line":212,"column":9},"end":{"line":214,"column":3}},"type":"if","locations":[{"start":{"line":212,"column":9},"end":{"line":214,"column":3}},{"start":{},"end":{}}],"line":212},"25":{"loc":{"start":{"line":219,"column":2},"end":{"line":223,"column":3}},"type":"if","locations":[{"start":{"line":219,"column":2},"end":{"line":223,"column":3}},{"start":{"line":221,"column":9},"end":{"line":223,"column":3}}],"line":219},"26":{"loc":{"start":{"line":220,"column":69},"end":{"line":220,"column":96}},"type":"binary-expr","locations":[{"start":{"line":220,"column":69},"end":{"line":220,"column":90}},{"start":{"line":220,"column":94},"end":{"line":220,"column":96}}],"line":220},"27":{"loc":{"start":{"line":221,"column":9},"end":{"line":223,"column":3}},"type":"if","locations":[{"start":{"line":221,"column":9},"end":{"line":223,"column":3}},{"start":{},"end":{}}],"line":221}},"s":{"0":59,"1":2230,"2":0,"3":2230,"4":2230,"5":0,"6":2230,"7":856,"8":856,"9":856,"10":650,"11":650,"12":650,"13":650,"14":650,"15":650,"16":650,"17":650,"18":650,"19":650,"20":650,"21":63,"22":650,"23":650,"24":654,"25":654,"26":654,"27":654,"28":1570,"29":75,"30":1495,"31":1495,"32":647,"33":848,"34":34,"35":34,"36":34,"37":325,"38":325,"39":325,"40":312,"41":312,"42":312,"43":312,"44":312,"45":312,"46":312,"47":312,"48":2,"49":312,"50":312,"51":312,"52":13,"53":13,"54":13,"55":0,"56":682,"57":2,"58":311,"59":0,"60":0,"61":0,"62":0,"63":6,"64":6,"65":0,"66":0},"f":{"0":2230,"1":2230,"2":856,"3":856,"4":650,"5":650,"6":654,"7":1570,"8":34,"9":325,"10":0,"11":682,"12":2,"13":311,"14":0,"15":6},"b":{"0":[0,2230],"1":[2230,0],"2":[2230,0],"3":[2230,2230],"4":[2230,2230],"5":[925,1305],"6":[925,0],"7":[0,650],"8":[63,587],"9":[650,598],"10":[75,1495],"11":[1570,1551,1495],"12":[647,848],"13":[1495,984],"14":[848,0,0,0],"15":[312,13],"16":[312,0],"17":[312,312],"18":[312,0],"19":[2,310],"20":[312,20,4,4,2,2],"21":[13,0],"22":[13,0],"23":[0,0],"24":[0,0],"25":[6,0],"26":[6,6],"27":[0,0]},"_coverageSchema":"1a1c01bbd47fc00a2c39e90264f33305004495a9","hash":"417c317a687b6966eeb310747c80c1971c01e494"}
,"/Users/tangzhihao/Documents/Code/inula/packages/inula/src/dom/SelectionRangeHandler.ts": {"path":"/Users/tangzhihao/Documents/Code/inula/packages/inula/src/dom/SelectionRangeHandler.ts","statementMap":{"0":{"start":{"line":34,"column":25},"end":{"line":34,"column":30}},"1":{"start":{"line":35,"column":16},"end":{"line":35,"column":19}},"2":{"start":{"line":37,"column":2},"end":{"line":39,"column":3}},"3":{"start":{"line":38,"column":4},"end":{"line":38,"column":20}},"4":{"start":{"line":41,"column":2},"end":{"line":43,"column":3}},"5":{"start":{"line":42,"column":4},"end":{"line":42,"column":42}},"6":{"start":{"line":52,"column":41},"end":{"line":52,"column":61}},"7":{"start":{"line":54,"column":2},"end":{"line":56,"column":3}},"8":{"start":{"line":55,"column":4},"end":{"line":55,"column":26}},"9":{"start":{"line":57,"column":2},"end":{"line":61,"column":3}},"10":{"start":{"line":59,"column":4},"end":{"line":59,"column":46}},"11":{"start":{"line":60,"column":4},"end":{"line":60,"column":42}},"12":{"start":{"line":63,"column":2},"end":{"line":63,"column":24}},"13":{"start":{"line":68,"column":2},"end":{"line":70,"column":3}},"14":{"start":{"line":69,"column":4},"end":{"line":69,"column":17}},"15":{"start":{"line":71,"column":2},"end":{"line":73,"column":3}},"16":{"start":{"line":72,"column":4},"end":{"line":72,"column":16}},"17":{"start":{"line":74,"column":2},"end":{"line":76,"column":3}},"18":{"start":{"line":75,"column":4},"end":{"line":75,"column":17}},"19":{"start":{"line":77,"column":2},"end":{"line":79,"column":3}},"20":{"start":{"line":78,"column":4},"end":{"line":78,"column":67}},"21":{"start":{"line":80,"column":2},"end":{"line":82,"column":3}},"22":{"start":{"line":81,"column":4},"end":{"line":81,"column":37}},"23":{"start":{"line":83,"column":2},"end":{"line":88,"column":3}},"24":{"start":{"line":85,"column":26},"end":{"line":85,"column":28}},"25":{"start":{"line":87,"column":4},"end":{"line":87,"column":70}},"26":{"start":{"line":89,"column":2},"end":{"line":89,"column":15}},"27":{"start":{"line":93,"column":2},"end":{"line":95,"column":3}},"28":{"start":{"line":94,"column":4},"end":{"line":94,"column":78}},"29":{"start":{"line":96,"column":2},"end":{"line":96,"column":15}},"30":{"start":{"line":103,"column":2},"end":{"line":116,"column":3}},"31":{"start":{"line":104,"column":4},"end":{"line":104,"column":45}},"32":{"start":{"line":105,"column":27},"end":{"line":105,"column":71}},"33":{"start":{"line":107,"column":4},"end":{"line":113,"column":5}},"34":{"start":{"line":108,"column":6},"end":{"line":108,"column":47}},"35":{"start":{"line":109,"column":11},"end":{"line":113,"column":5}},"36":{"start":{"line":110,"column":6},"end":{"line":110,"column":44}},"37":{"start":{"line":112,"column":6},"end":{"line":112,"column":19}},"38":{"start":{"line":115,"column":4},"end":{"line":115,"column":17}},"39":{"start":{"line":121,"column":21},"end":{"line":121,"column":42}},"40":{"start":{"line":122,"column":2},"end":{"line":125,"column":4}},"41":{"start":{"line":139,"column":28},"end":{"line":139,"column":49}},"42":{"start":{"line":142,"column":24},"end":{"line":142,"column":57}},"43":{"start":{"line":144,"column":2},"end":{"line":146,"column":3}},"44":{"start":{"line":145,"column":4},"end":{"line":145,"column":11}},"45":{"start":{"line":149,"column":28},"end":{"line":149,"column":65}},"46":{"start":{"line":151,"column":2},"end":{"line":183,"column":3}},"47":{"start":{"line":152,"column":4},"end":{"line":154,"column":5}},"48":{"start":{"line":153,"column":6},"end":{"line":153,"column":58}},"49":{"start":{"line":157,"column":45},"end":{"line":157,"column":47}},"50":{"start":{"line":158,"column":24},"end":{"line":158,"column":48}},"51":{"start":{"line":160,"column":4},"end":{"line":171,"column":5}},"52":{"start":{"line":161,"column":6},"end":{"line":169,"column":7}},"53":{"start":{"line":163,"column":42},"end":{"line":163,"column":50}},"54":{"start":{"line":164,"column":8},"end":{"line":168,"column":11}},"55":{"start":{"line":170,"column":6},"end":{"line":170,"column":37}},"56":{"start":{"line":174,"column":4},"end":{"line":176,"column":5}},"57":{"start":{"line":175,"column":6},"end":{"line":175,"column":28}},"58":{"start":{"line":178,"column":4},"end":{"line":182,"column":7}},"59":{"start":{"line":179,"column":26},"end":{"line":179,"column":42}},"60":{"start":{"line":180,"column":6},"end":{"line":180,"column":55}},"61":{"start":{"line":181,"column":6},"end":{"line":181,"column":53}}},"fnMap":{"0":{"name":"setSelectionRange","decl":{"start":{"line":33,"column":9},"end":{"line":33,"column":26}},"loc":{"start":{"line":33,"column":79},"end":{"line":44,"column":1}},"line":33},"1":{"name":"getSelectionRange","decl":{"start":{"line":51,"column":9},"end":{"line":51,"column":26}},"loc":{"start":{"line":51,"column":96},"end":{"line":64,"column":1}},"line":51},"2":{"name":"isNodeContainsByTargetNode","decl":{"start":{"line":67,"column":9},"end":{"line":67,"column":35}},"loc":{"start":{"line":67,"column":54},"end":{"line":90,"column":1}},"line":67},"3":{"name":"isInDocument","decl":{"start":{"line":92,"column":9},"end":{"line":92,"column":21}},"loc":{"start":{"line":92,"column":27},"end":{"line":97,"column":1}},"line":92},"4":{"name":"hasSelectionProperties","decl":{"start":{"line":100,"column":16},"end":{"line":100,"column":38}},"loc":{"start":{"line":100,"column":44},"end":{"line":117,"column":1}},"line":100},"5":{"name":"getSelectionInfo","decl":{"start":{"line":120,"column":16},"end":{"line":120,"column":32}},"loc":{"start":{"line":120,"column":35},"end":{"line":126,"column":1}},"line":120},"6":{"name":"resetSelectionRange","decl":{"start":{"line":137,"column":16},"end":{"line":137,"column":35}},"loc":{"start":{"line":137,"column":81},"end":{"line":184,"column":1}},"line":137},"7":{"name":"(anonymous_7)","decl":{"start":{"line":178,"column":22},"end":{"line":178,"column":23}},"loc":{"start":{"line":178,"column":38},"end":{"line":182,"column":5}},"line":178}},"branchMap":{"0":{"loc":{"start":{"line":37,"column":2},"end":{"line":39,"column":3}},"type":"if","locations":[{"start":{"line":37,"column":2},"end":{"line":39,"column":3}},{"start":{},"end":{}}],"line":37},"1":{"loc":{"start":{"line":37,"column":6},"end":{"line":37,"column":47}},"type":"binary-expr","locations":[{"start":{"line":37,"column":6},"end":{"line":37,"column":22}},{"start":{"line":37,"column":26},"end":{"line":37,"column":47}}],"line":37},"2":{"loc":{"start":{"line":41,"column":2},"end":{"line":43,"column":3}},"type":"if","locations":[{"start":{"line":41,"column":2},"end":{"line":43,"column":3}},{"start":{},"end":{}}],"line":41},"3":{"loc":{"start":{"line":54,"column":2},"end":{"line":56,"column":3}},"type":"if","locations":[{"start":{"line":54,"column":2},"end":{"line":56,"column":3}},{"start":{},"end":{}}],"line":54},"4":{"loc":{"start":{"line":57,"column":2},"end":{"line":61,"column":3}},"type":"if","locations":[{"start":{"line":57,"column":2},"end":{"line":61,"column":3}},{"start":{},"end":{}}],"line":57},"5":{"loc":{"start":{"line":68,"column":2},"end":{"line":70,"column":3}},"type":"if","locations":[{"start":{"line":68,"column":2},"end":{"line":70,"column":3}},{"start":{},"end":{}}],"line":68},"6":{"loc":{"start":{"line":68,"column":6},"end":{"line":68,"column":26}},"type":"binary-expr","locations":[{"start":{"line":68,"column":6},"end":{"line":68,"column":17}},{"start":{"line":68,"column":21},"end":{"line":68,"column":26}}],"line":68},"7":{"loc":{"start":{"line":71,"column":2},"end":{"line":73,"column":3}},"type":"if","locations":[{"start":{"line":71,"column":2},"end":{"line":73,"column":3}},{"start":{},"end":{}}],"line":71},"8":{"loc":{"start":{"line":74,"column":2},"end":{"line":76,"column":3}},"type":"if","locations":[{"start":{"line":74,"column":2},"end":{"line":76,"column":3}},{"start":{},"end":{}}],"line":74},"9":{"loc":{"start":{"line":77,"column":2},"end":{"line":79,"column":3}},"type":"if","locations":[{"start":{"line":77,"column":2},"end":{"line":79,"column":3}},{"start":{},"end":{}}],"line":77},"10":{"loc":{"start":{"line":80,"column":2},"end":{"line":82,"column":3}},"type":"if","locations":[{"start":{"line":80,"column":2},"end":{"line":82,"column":3}},{"start":{},"end":{}}],"line":80},"11":{"loc":{"start":{"line":83,"column":2},"end":{"line":88,"column":3}},"type":"if","locations":[{"start":{"line":83,"column":2},"end":{"line":88,"column":3}},{"start":{},"end":{}}],"line":83},"12":{"loc":{"start":{"line":93,"column":2},"end":{"line":95,"column":3}},"type":"if","locations":[{"start":{"line":93,"column":2},"end":{"line":95,"column":3}},{"start":{},"end":{}}],"line":93},"13":{"loc":{"start":{"line":93,"column":6},"end":{"line":93,"column":30}},"type":"binary-expr","locations":[{"start":{"line":93,"column":6},"end":{"line":93,"column":9}},{"start":{"line":93,"column":13},"end":{"line":93,"column":30}}],"line":93},"14":{"loc":{"start":{"line":103,"column":2},"end":{"line":116,"column":3}},"type":"if","locations":[{"start":{"line":103,"column":2},"end":{"line":116,"column":3}},{"start":{"line":114,"column":9},"end":{"line":116,"column":3}}],"line":103},"15":{"loc":{"start":{"line":103,"column":6},"end":{"line":103,"column":25}},"type":"binary-expr","locations":[{"start":{"line":103,"column":6},"end":{"line":103,"column":9}},{"start":{"line":103,"column":13},"end":{"line":103,"column":25}}],"line":103},"16":{"loc":{"start":{"line":107,"column":4},"end":{"line":113,"column":5}},"type":"if","locations":[{"start":{"line":107,"column":4},"end":{"line":113,"column":5}},{"start":{"line":109,"column":11},"end":{"line":113,"column":5}}],"line":107},"17":{"loc":{"start":{"line":109,"column":11},"end":{"line":113,"column":5}},"type":"if","locations":[{"start":{"line":109,"column":11},"end":{"line":113,"column":5}},{"start":{"line":111,"column":11},"end":{"line":113,"column":5}}],"line":109},"18":{"loc":{"start":{"line":124,"column":20},"end":{"line":124,"column":93}},"type":"cond-expr","locations":[{"start":{"line":124,"column":57},"end":{"line":124,"column":86}},{"start":{"line":124,"column":89},"end":{"line":124,"column":93}}],"line":124},"19":{"loc":{"start":{"line":144,"column":2},"end":{"line":146,"column":3}},"type":"if","locations":[{"start":{"line":144,"column":2},"end":{"line":146,"column":3}},{"start":{},"end":{}}],"line":144},"20":{"loc":{"start":{"line":151,"column":2},"end":{"line":183,"column":3}},"type":"if","locations":[{"start":{"line":151,"column":2},"end":{"line":183,"column":3}},{"start":{},"end":{}}],"line":151},"21":{"loc":{"start":{"line":151,"column":6},"end":{"line":151,"column":72}},"type":"binary-expr","locations":[{"start":{"line":151,"column":6},"end":{"line":151,"column":41}},{"start":{"line":151,"column":45},"end":{"line":151,"column":72}}],"line":151},"22":{"loc":{"start":{"line":152,"column":4},"end":{"line":154,"column":5}},"type":"if","locations":[{"start":{"line":152,"column":4},"end":{"line":154,"column":5}},{"start":{},"end":{}}],"line":152},"23":{"loc":{"start":{"line":161,"column":6},"end":{"line":169,"column":7}},"type":"if","locations":[{"start":{"line":161,"column":6},"end":{"line":169,"column":7}},{"start":{},"end":{}}],"line":161},"24":{"loc":{"start":{"line":174,"column":4},"end":{"line":176,"column":5}},"type":"if","locations":[{"start":{"line":174,"column":4},"end":{"line":176,"column":5}},{"start":{},"end":{}}],"line":174}},"s":{"0":0,"1":0,"2":0,"3":0,"4":0,"5":0,"6":0,"7":0,"8":0,"9":0,"10":0,"11":0,"12":0,"13":0,"14":0,"15":0,"16":0,"17":0,"18":0,"19":0,"20":0,"21":0,"22":0,"23":0,"24":0,"25":0,"26":0,"27":0,"28":0,"29":0,"30":856,"31":856,"32":856,"33":856,"34":0,"35":856,"36":0,"37":856,"38":0,"39":856,"40":856,"41":856,"42":856,"43":856,"44":0,"45":856,"46":856,"47":0,"48":0,"49":0,"50":0,"51":0,"52":0,"53":0,"54":0,"55":0,"56":0,"57":0,"58":0,"59":0,"60":0,"61":0},"f":{"0":0,"1":0,"2":0,"3":0,"4":856,"5":856,"6":856,"7":0},"b":{"0":[0,0],"1":[0,0],"2":[0,0],"3":[0,0],"4":[0,0],"5":[0,0],"6":[0,0],"7":[0,0],"8":[0,0],"9":[0,0],"10":[0,0],"11":[0,0],"12":[0,0],"13":[0,0],"14":[856,0],"15":[856,856],"16":[0,856],"17":[0,856],"18":[0,856],"19":[0,856],"20":[0,856],"21":[856,0],"22":[0,0],"23":[0,0],"24":[0,0]},"_coverageSchema":"1a1c01bbd47fc00a2c39e90264f33305004495a9","hash":"ef8f38bd5a1a50d2bce9ba5b34361a74c3ae245d"}
,"/Users/tangzhihao/Documents/Code/inula/packages/inula/src/dom/DOMPropertiesHandler/DOMPropertiesHandler.ts": {"path":"/Users/tangzhihao/Documents/Code/inula/packages/inula/src/dom/DOMPropertiesHandler/DOMPropertiesHandler.ts","statementMap":{"0":{"start":{"line":25,"column":22},"end":{"line":25,"column":40}},"1":{"start":{"line":28,"column":20},"end":{"line":28,"column":38}},"2":{"start":{"line":29,"column":2},"end":{"line":54,"column":3}},"3":{"start":{"line":29,"column":15},"end":{"line":29,"column":16}},"4":{"start":{"line":30,"column":4},"end":{"line":30,"column":30}},"5":{"start":{"line":31,"column":4},"end":{"line":31,"column":30}},"6":{"start":{"line":33,"column":4},"end":{"line":53,"column":5}},"7":{"start":{"line":34,"column":6},"end":{"line":34,"column":30}},"8":{"start":{"line":35,"column":11},"end":{"line":53,"column":5}},"9":{"start":{"line":37,"column":26},"end":{"line":37,"column":42}},"10":{"start":{"line":38,"column":6},"end":{"line":42,"column":7}},"11":{"start":{"line":39,"column":8},"end":{"line":39,"column":56}},"12":{"start":{"line":40,"column":13},"end":{"line":42,"column":7}},"13":{"start":{"line":41,"column":8},"end":{"line":41,"column":50}},"14":{"start":{"line":43,"column":11},"end":{"line":53,"column":5}},"15":{"start":{"line":45,"column":19},"end":{"line":45,"column":33}},"16":{"start":{"line":46,"column":6},"end":{"line":48,"column":7}},"17":{"start":{"line":47,"column":8},"end":{"line":47,"column":34}},"18":{"start":{"line":49,"column":11},"end":{"line":53,"column":5}},"19":{"start":{"line":50,"column":6},"end":{"line":50,"column":37}},"20":{"start":{"line":51,"column":11},"end":{"line":53,"column":5}},"21":{"start":{"line":52,"column":6},"end":{"line":52,"column":60}},"22":{"start":{"line":59,"column":24},"end":{"line":59,"column":26}},"23":{"start":{"line":60,"column":24},"end":{"line":60,"column":26}},"24":{"start":{"line":61,"column":25},"end":{"line":61,"column":46}},"25":{"start":{"line":62,"column":25},"end":{"line":62,"column":46}},"26":{"start":{"line":64,"column":25},"end":{"line":64,"column":46}},"27":{"start":{"line":70,"column":2},"end":{"line":94,"column":3}},"28":{"start":{"line":70,"column":15},"end":{"line":70,"column":16}},"29":{"start":{"line":71,"column":4},"end":{"line":71,"column":33}},"30":{"start":{"line":73,"column":4},"end":{"line":75,"column":5}},"31":{"start":{"line":74,"column":6},"end":{"line":74,"column":15}},"32":{"start":{"line":77,"column":4},"end":{"line":93,"column":5}},"33":{"start":{"line":78,"column":6},"end":{"line":78,"column":36}},"34":{"start":{"line":79,"column":6},"end":{"line":79,"column":41}},"35":{"start":{"line":80,"column":6},"end":{"line":83,"column":7}},"36":{"start":{"line":80,"column":19},"end":{"line":80,"column":20}},"37":{"start":{"line":81,"column":8},"end":{"line":81,"column":34}},"38":{"start":{"line":82,"column":8},"end":{"line":82,"column":40}},"39":{"start":{"line":84,"column":11},"end":{"line":93,"column":5}},"40":{"start":{"line":85,"column":6},"end":{"line":85,"column":15}},"41":{"start":{"line":86,"column":11},"end":{"line":93,"column":5}},"42":{"start":{"line":87,"column":6},"end":{"line":89,"column":7}},"43":{"start":{"line":88,"column":8},"end":{"line":88,"column":39}},"44":{"start":{"line":92,"column":6},"end":{"line":92,"column":37}},"45":{"start":{"line":103,"column":2},"end":{"line":165,"column":3}},"46":{"start":{"line":103,"column":15},"end":{"line":103,"column":16}},"47":{"start":{"line":104,"column":4},"end":{"line":104,"column":33}},"48":{"start":{"line":105,"column":4},"end":{"line":105,"column":38}},"49":{"start":{"line":106,"column":4},"end":{"line":106,"column":91}},"50":{"start":{"line":108,"column":4},"end":{"line":114,"column":5}},"51":{"start":{"line":113,"column":6},"end":{"line":113,"column":15}},"52":{"start":{"line":116,"column":4},"end":{"line":164,"column":5}},"53":{"start":{"line":117,"column":6},"end":{"line":142,"column":7}},"54":{"start":{"line":120,"column":8},"end":{"line":120,"column":50}},"55":{"start":{"line":121,"column":8},"end":{"line":126,"column":9}},"56":{"start":{"line":121,"column":21},"end":{"line":121,"column":22}},"57":{"start":{"line":122,"column":10},"end":{"line":122,"column":39}},"58":{"start":{"line":123,"column":10},"end":{"line":125,"column":11}},"59":{"start":{"line":124,"column":12},"end":{"line":124,"column":44}},"60":{"start":{"line":129,"column":8},"end":{"line":129,"column":70}},"61":{"start":{"line":130,"column":8},"end":{"line":135,"column":9}},"62":{"start":{"line":130,"column":21},"end":{"line":130,"column":22}},"63":{"start":{"line":131,"column":10},"end":{"line":131,"column":39}},"64":{"start":{"line":132,"column":10},"end":{"line":134,"column":11}},"65":{"start":{"line":133,"column":12},"end":{"line":133,"column":65}},"66":{"start":{"line":138,"column":8},"end":{"line":140,"column":9}},"67":{"start":{"line":139,"column":10},"end":{"line":139,"column":41}},"68":{"start":{"line":141,"column":8},"end":{"line":141,"column":39}},"69":{"start":{"line":143,"column":11},"end":{"line":164,"column":5}},"70":{"start":{"line":144,"column":6},"end":{"line":144,"column":63}},"71":{"start":{"line":145,"column":6},"end":{"line":145,"column":63}},"72":{"start":{"line":146,"column":6},"end":{"line":150,"column":7}},"73":{"start":{"line":147,"column":8},"end":{"line":149,"column":9}},"74":{"start":{"line":148,"column":10},"end":{"line":148,"column":49}},"75":{"start":{"line":151,"column":11},"end":{"line":164,"column":5}},"76":{"start":{"line":152,"column":6},"end":{"line":154,"column":7}},"77":{"start":{"line":153,"column":8},"end":{"line":153,"column":55}},"78":{"start":{"line":155,"column":11},"end":{"line":164,"column":5}},"79":{"start":{"line":156,"column":26},"end":{"line":156,"column":42}},"80":{"start":{"line":157,"column":6},"end":{"line":161,"column":7}},"81":{"start":{"line":158,"column":8},"end":{"line":158,"column":47}},"82":{"start":{"line":159,"column":13},"end":{"line":161,"column":7}},"83":{"start":{"line":160,"column":8},"end":{"line":160,"column":50}},"84":{"start":{"line":163,"column":6},"end":{"line":163,"column":45}},"85":{"start":{"line":168,"column":2},"end":{"line":170,"column":3}},"86":{"start":{"line":169,"column":4},"end":{"line":169,"column":45}},"87":{"start":{"line":172,"column":2},"end":{"line":172,"column":23}}},"fnMap":{"0":{"name":"setDomProps","decl":{"start":{"line":24,"column":16},"end":{"line":24,"column":27}},"loc":{"start":{"line":24,"column":115},"end":{"line":55,"column":1}},"line":24},"1":{"name":"compareProps","decl":{"start":{"line":58,"column":16},"end":{"line":58,"column":28}},"loc":{"start":{"line":58,"column":112},"end":{"line":173,"column":1}},"line":58}},"branchMap":{"0":{"loc":{"start":{"line":33,"column":4},"end":{"line":53,"column":5}},"type":"if","locations":[{"start":{"line":33,"column":4},"end":{"line":53,"column":5}},{"start":{"line":35,"column":11},"end":{"line":53,"column":5}}],"line":33},"1":{"loc":{"start":{"line":35,"column":11},"end":{"line":53,"column":5}},"type":"if","locations":[{"start":{"line":35,"column":11},"end":{"line":53,"column":5}},{"start":{"line":43,"column":11},"end":{"line":53,"column":5}}],"line":35},"2":{"loc":{"start":{"line":38,"column":6},"end":{"line":42,"column":7}},"type":"if","locations":[{"start":{"line":38,"column":6},"end":{"line":42,"column":7}},{"start":{"line":40,"column":13},"end":{"line":42,"column":7}}],"line":38},"3":{"loc":{"start":{"line":40,"column":13},"end":{"line":42,"column":7}},"type":"if","locations":[{"start":{"line":40,"column":13},"end":{"line":42,"column":7}},{"start":{},"end":{}}],"line":40},"4":{"loc":{"start":{"line":40,"column":17},"end":{"line":40,"column":74}},"type":"binary-expr","locations":[{"start":{"line":40,"column":17},"end":{"line":40,"column":28}},{"start":{"line":40,"column":32},"end":{"line":40,"column":74}}],"line":40},"5":{"loc":{"start":{"line":43,"column":11},"end":{"line":53,"column":5}},"type":"if","locations":[{"start":{"line":43,"column":11},"end":{"line":53,"column":5}},{"start":{"line":49,"column":11},"end":{"line":53,"column":5}}],"line":43},"6":{"loc":{"start":{"line":46,"column":6},"end":{"line":48,"column":7}},"type":"if","locations":[{"start":{"line":46,"column":6},"end":{"line":48,"column":7}},{"start":{},"end":{}}],"line":46},"7":{"loc":{"start":{"line":46,"column":10},"end":{"line":46,"column":48}},"type":"binary-expr","locations":[{"start":{"line":46,"column":10},"end":{"line":46,"column":27}},{"start":{"line":46,"column":31},"end":{"line":46,"column":48}}],"line":46},"8":{"loc":{"start":{"line":49,"column":11},"end":{"line":53,"column":5}},"type":"if","locations":[{"start":{"line":49,"column":11},"end":{"line":53,"column":5}},{"start":{"line":51,"column":11},"end":{"line":53,"column":5}}],"line":49},"9":{"loc":{"start":{"line":51,"column":11},"end":{"line":53,"column":5}},"type":"if","locations":[{"start":{"line":51,"column":11},"end":{"line":53,"column":5}},{"start":{},"end":{}}],"line":51},"10":{"loc":{"start":{"line":51,"column":15},"end":{"line":51,"column":69}},"type":"binary-expr","locations":[{"start":{"line":51,"column":15},"end":{"line":51,"column":22}},{"start":{"line":51,"column":27},"end":{"line":51,"column":43}},{"start":{"line":51,"column":47},"end":{"line":51,"column":68}}],"line":51},"11":{"loc":{"start":{"line":73,"column":4},"end":{"line":75,"column":5}},"type":"if","locations":[{"start":{"line":73,"column":4},"end":{"line":75,"column":5}},{"start":{},"end":{}}],"line":73},"12":{"loc":{"start":{"line":73,"column":8},"end":{"line":73,"column":108}},"type":"binary-expr","locations":[{"start":{"line":73,"column":8},"end":{"line":73,"column":35}},{"start":{"line":73,"column":39},"end":{"line":73,"column":71}},{"start":{"line":73,"column":75},"end":{"line":73,"column":108}}],"line":73},"13":{"loc":{"start":{"line":77,"column":4},"end":{"line":93,"column":5}},"type":"if","locations":[{"start":{"line":77,"column":4},"end":{"line":93,"column":5}},{"start":{"line":84,"column":11},"end":{"line":93,"column":5}}],"line":77},"14":{"loc":{"start":{"line":84,"column":11},"end":{"line":93,"column":5}},"type":"if","locations":[{"start":{"line":84,"column":11},"end":{"line":93,"column":5}},{"start":{"line":86,"column":11},"end":{"line":93,"column":5}}],"line":84},"15":{"loc":{"start":{"line":84,"column":15},"end":{"line":84,"column":108}},"type":"binary-expr","locations":[{"start":{"line":84,"column":15},"end":{"line":84,"column":39}},{"start":{"line":84,"column":43},"end":{"line":84,"column":66}},{"start":{"line":84,"column":70},"end":{"line":84,"column":108}}],"line":84},"16":{"loc":{"start":{"line":86,"column":11},"end":{"line":93,"column":5}},"type":"if","locations":[{"start":{"line":86,"column":11},"end":{"line":93,"column":5}},{"start":{"line":90,"column":11},"end":{"line":93,"column":5}}],"line":86},"17":{"loc":{"start":{"line":87,"column":6},"end":{"line":89,"column":7}},"type":"if","locations":[{"start":{"line":87,"column":6},"end":{"line":89,"column":7}},{"start":{},"end":{}}],"line":87},"18":{"loc":{"start":{"line":106,"column":19},"end":{"line":106,"column":90}},"type":"cond-expr","locations":[{"start":{"line":106,"column":65},"end":{"line":106,"column":83}},{"start":{"line":106,"column":86},"end":{"line":106,"column":90}}],"line":106},"19":{"loc":{"start":{"line":106,"column":19},"end":{"line":106,"column":62}},"type":"binary-expr","locations":[{"start":{"line":106,"column":19},"end":{"line":106,"column":36}},{"start":{"line":106,"column":40},"end":{"line":106,"column":62}}],"line":106},"20":{"loc":{"start":{"line":108,"column":4},"end":{"line":114,"column":5}},"type":"if","locations":[{"start":{"line":108,"column":4},"end":{"line":114,"column":5}},{"start":{},"end":{}}],"line":108},"21":{"loc":{"start":{"line":109,"column":6},"end":{"line":110,"column":118}},"type":"binary-expr","locations":[{"start":{"line":109,"column":6},"end":{"line":109,"column":35}},{"start":{"line":110,"column":8},"end":{"line":110,"column":29}},{"start":{"line":110,"column":33},"end":{"line":110,"column":59}},{"start":{"line":110,"column":65},"end":{"line":110,"column":86}},{"start":{"line":110,"column":90},"end":{"line":110,"column":116}}],"line":109},"22":{"loc":{"start":{"line":116,"column":4},"end":{"line":164,"column":5}},"type":"if","locations":[{"start":{"line":116,"column":4},"end":{"line":164,"column":5}},{"start":{"line":143,"column":11},"end":{"line":164,"column":5}}],"line":116},"23":{"loc":{"start":{"line":117,"column":6},"end":{"line":142,"column":7}},"type":"if","locations":[{"start":{"line":117,"column":6},"end":{"line":142,"column":7}},{"start":{"line":136,"column":13},"end":{"line":142,"column":7}}],"line":117},"24":{"loc":{"start":{"line":123,"column":10},"end":{"line":125,"column":11}},"type":"if","locations":[{"start":{"line":123,"column":10},"end":{"line":125,"column":11}},{"start":{},"end":{}}],"line":123},"25":{"loc":{"start":{"line":123,"column":14},"end":{"line":123,"column":93}},"type":"binary-expr","locations":[{"start":{"line":123,"column":14},"end":{"line":123,"column":27}},{"start":{"line":123,"column":31},"end":{"line":123,"column":93}}],"line":123},"26":{"loc":{"start":{"line":129,"column":24},"end":{"line":129,"column":69}},"type":"cond-expr","locations":[{"start":{"line":129,"column":39},"end":{"line":129,"column":64}},{"start":{"line":129,"column":67},"end":{"line":129,"column":69}}],"line":129},"27":{"loc":{"start":{"line":132,"column":10},"end":{"line":134,"column":11}},"type":"if","locations":[{"start":{"line":132,"column":10},"end":{"line":134,"column":11}},{"start":{},"end":{}}],"line":132},"28":{"loc":{"start":{"line":138,"column":8},"end":{"line":140,"column":9}},"type":"if","locations":[{"start":{"line":138,"column":8},"end":{"line":140,"column":9}},{"start":{},"end":{}}],"line":138},"29":{"loc":{"start":{"line":143,"column":11},"end":{"line":164,"column":5}},"type":"if","locations":[{"start":{"line":143,"column":11},"end":{"line":164,"column":5}},{"start":{"line":151,"column":11},"end":{"line":164,"column":5}}],"line":143},"30":{"loc":{"start":{"line":144,"column":16},"end":{"line":144,"column":62}},"type":"cond-expr","locations":[{"start":{"line":144,"column":31},"end":{"line":144,"column":50}},{"start":{"line":144,"column":53},"end":{"line":144,"column":62}}],"line":144},"31":{"loc":{"start":{"line":145,"column":16},"end":{"line":145,"column":62}},"type":"cond-expr","locations":[{"start":{"line":145,"column":31},"end":{"line":145,"column":50}},{"start":{"line":145,"column":53},"end":{"line":145,"column":62}}],"line":145},"32":{"loc":{"start":{"line":146,"column":6},"end":{"line":150,"column":7}},"type":"if","locations":[{"start":{"line":146,"column":6},"end":{"line":150,"column":7}},{"start":{},"end":{}}],"line":146},"33":{"loc":{"start":{"line":146,"column":10},"end":{"line":146,"column":51}},"type":"binary-expr","locations":[{"start":{"line":146,"column":10},"end":{"line":146,"column":26}},{"start":{"line":146,"column":30},"end":{"line":146,"column":51}}],"line":146},"34":{"loc":{"start":{"line":147,"column":8},"end":{"line":149,"column":9}},"type":"if","locations":[{"start":{"line":147,"column":8},"end":{"line":149,"column":9}},{"start":{},"end":{}}],"line":147},"35":{"loc":{"start":{"line":151,"column":11},"end":{"line":164,"column":5}},"type":"if","locations":[{"start":{"line":151,"column":11},"end":{"line":164,"column":5}},{"start":{"line":155,"column":11},"end":{"line":164,"column":5}}],"line":151},"36":{"loc":{"start":{"line":152,"column":6},"end":{"line":154,"column":7}},"type":"if","locations":[{"start":{"line":152,"column":6},"end":{"line":154,"column":7}},{"start":{},"end":{}}],"line":152},"37":{"loc":{"start":{"line":152,"column":10},"end":{"line":152,"column":78}},"type":"binary-expr","locations":[{"start":{"line":152,"column":10},"end":{"line":152,"column":42}},{"start":{"line":152,"column":46},"end":{"line":152,"column":78}}],"line":152},"38":{"loc":{"start":{"line":155,"column":11},"end":{"line":164,"column":5}},"type":"if","locations":[{"start":{"line":155,"column":11},"end":{"line":164,"column":5}},{"start":{"line":162,"column":11},"end":{"line":164,"column":5}}],"line":155},"39":{"loc":{"start":{"line":157,"column":6},"end":{"line":161,"column":7}},"type":"if","locations":[{"start":{"line":157,"column":6},"end":{"line":161,"column":7}},{"start":{"line":159,"column":13},"end":{"line":161,"column":7}}],"line":157},"40":{"loc":{"start":{"line":159,"column":13},"end":{"line":161,"column":7}},"type":"if","locations":[{"start":{"line":159,"column":13},"end":{"line":161,"column":7}},{"start":{},"end":{}}],"line":159},"41":{"loc":{"start":{"line":159,"column":17},"end":{"line":159,"column":74}},"type":"binary-expr","locations":[{"start":{"line":159,"column":17},"end":{"line":159,"column":28}},{"start":{"line":159,"column":32},"end":{"line":159,"column":74}}],"line":159},"42":{"loc":{"start":{"line":168,"column":2},"end":{"line":170,"column":3}},"type":"if","locations":[{"start":{"line":168,"column":2},"end":{"line":170,"column":3}},{"start":{},"end":{}}],"line":168}},"s":{"0":962,"1":962,"2":962,"3":962,"4":1607,"5":1607,"6":1607,"7":5,"8":1602,"9":207,"10":207,"11":2,"12":205,"13":118,"14":1395,"15":791,"16":791,"17":577,"18":604,"19":0,"20":604,"21":340,"22":654,"23":654,"24":654,"25":654,"26":654,"27":654,"28":654,"29":1157,"30":1157,"31":1154,"32":3,"33":0,"34":0,"35":0,"36":0,"37":0,"38":0,"39":3,"40":0,"41":3,"42":0,"43":0,"44":3,"45":654,"46":654,"47":1161,"48":1161,"49":1161,"50":1161,"51":603,"52":558,"53":3,"54":3,"55":3,"56":3,"57":3,"58":3,"59":0,"60":3,"61":3,"62":3,"63":3,"64":3,"65":0,"66":0,"67":0,"68":0,"69":555,"70":0,"71":0,"72":0,"73":0,"74":0,"75":555,"76":480,"77":253,"78":75,"79":59,"80":59,"81":0,"82":59,"83":4,"84":16,"85":654,"86":0,"87":654},"f":{"0":962,"1":654},"b":{"0":[5,1602],"1":[207,1395],"2":[2,205],"3":[118,87],"4":[205,205],"5":[791,604],"6":[577,214],"7":[791,283],"8":[0,604],"9":[340,264],"10":[604,585,584],"11":[1154,3],"12":[1157,1155,1036],"13":[0,3],"14":[0,3],"15":[3,3,3],"16":[0,3],"17":[0,0],"18":[1161,0],"19":[1161,1161],"20":[603,558],"21":[1161,561,559,4,2],"22":[3,555],"23":[3,0],"24":[0,3],"25":[3,3],"26":[3,0],"27":[0,3],"28":[0,0],"29":[0,555],"30":[0,0],"31":[0,0],"32":[0,0],"33":[0,0],"34":[0,0],"35":[480,75],"36":[253,227],"37":[480,285],"38":[59,16],"39":[0,59],"40":[4,55],"41":[59,59],"42":[0,654]},"_coverageSchema":"1a1c01bbd47fc00a2c39e90264f33305004495a9","hash":"c83bf4c4ca3ba4e245ab553934c01a55db8becba"}
,"/Users/tangzhihao/Documents/Code/inula/packages/inula/src/dom/DOMPropertiesHandler/StyleHandler.ts": {"path":"/Users/tangzhihao/Documents/Code/inula/packages/inula/src/dom/DOMPropertiesHandler/StyleHandler.ts","statementMap":{"0":{"start":{"line":19,"column":18},"end":{"line":34,"column":1}},"1":{"start":{"line":36,"column":15},"end":{"line":36,"column":31}},"2":{"start":{"line":37,"column":0},"end":{"line":45,"column":1}},"3":{"start":{"line":37,"column":13},"end":{"line":37,"column":14}},"4":{"start":{"line":38,"column":17},"end":{"line":38,"column":29}},"5":{"start":{"line":39,"column":23},"end":{"line":39,"column":71}},"6":{"start":{"line":42,"column":2},"end":{"line":42,"column":42}},"7":{"start":{"line":43,"column":2},"end":{"line":43,"column":38}},"8":{"start":{"line":44,"column":2},"end":{"line":44,"column":39}},"9":{"start":{"line":48,"column":2},"end":{"line":57,"column":4}},"10":{"start":{"line":66,"column":19},"end":{"line":66,"column":24}},"11":{"start":{"line":68,"column":2},"end":{"line":72,"column":3}},"12":{"start":{"line":69,"column":4},"end":{"line":69,"column":30}},"13":{"start":{"line":70,"column":9},"end":{"line":72,"column":3}},"14":{"start":{"line":71,"column":4},"end":{"line":71,"column":20}},"15":{"start":{"line":74,"column":2},"end":{"line":74,"column":20}},"16":{"start":{"line":81,"column":2},"end":{"line":83,"column":3}},"17":{"start":{"line":82,"column":4},"end":{"line":82,"column":11}},"18":{"start":{"line":85,"column":16},"end":{"line":85,"column":25}},"19":{"start":{"line":86,"column":2},"end":{"line":95,"column":5}},"20":{"start":{"line":87,"column":21},"end":{"line":87,"column":33}},"21":{"start":{"line":89,"column":4},"end":{"line":94,"column":5}},"22":{"start":{"line":90,"column":6},"end":{"line":90,"column":40}},"23":{"start":{"line":93,"column":6},"end":{"line":93,"column":53}}},"fnMap":{"0":{"name":"isNeedUnitCSS","decl":{"start":{"line":47,"column":9},"end":{"line":47,"column":22}},"loc":{"start":{"line":47,"column":42},"end":{"line":58,"column":1}},"line":47},"1":{"name":"adjustStyleValue","decl":{"start":{"line":65,"column":16},"end":{"line":65,"column":32}},"loc":{"start":{"line":65,"column":46},"end":{"line":75,"column":1}},"line":65},"2":{"name":"setStyles","decl":{"start":{"line":80,"column":16},"end":{"line":80,"column":25}},"loc":{"start":{"line":80,"column":39},"end":{"line":96,"column":1}},"line":80},"3":{"name":"(anonymous_3)","decl":{"start":{"line":86,"column":30},"end":{"line":86,"column":31}},"loc":{"start":{"line":86,"column":38},"end":{"line":95,"column":3}},"line":86}},"branchMap":{"0":{"loc":{"start":{"line":49,"column":4},"end":{"line":56,"column":33}},"type":"binary-expr","locations":[{"start":{"line":49,"column":4},"end":{"line":49,"column":33}},{"start":{"line":50,"column":4},"end":{"line":50,"column":39}},{"start":{"line":51,"column":4},"end":{"line":51,"column":32}},{"start":{"line":52,"column":4},"end":{"line":52,"column":35}},{"start":{"line":53,"column":4},"end":{"line":53,"column":38}},{"start":{"line":54,"column":4},"end":{"line":54,"column":34}},{"start":{"line":55,"column":4},"end":{"line":55,"column":31}},{"start":{"line":56,"column":4},"end":{"line":56,"column":33}}],"line":49},"1":{"loc":{"start":{"line":68,"column":2},"end":{"line":72,"column":3}},"type":"if","locations":[{"start":{"line":68,"column":2},"end":{"line":72,"column":3}},{"start":{"line":70,"column":9},"end":{"line":72,"column":3}}],"line":68},"2":{"loc":{"start":{"line":68,"column":6},"end":{"line":68,"column":69}},"type":"binary-expr","locations":[{"start":{"line":68,"column":6},"end":{"line":68,"column":31}},{"start":{"line":68,"column":35},"end":{"line":68,"column":46}},{"start":{"line":68,"column":50},"end":{"line":68,"column":69}}],"line":68},"3":{"loc":{"start":{"line":70,"column":9},"end":{"line":72,"column":3}},"type":"if","locations":[{"start":{"line":70,"column":9},"end":{"line":72,"column":3}},{"start":{},"end":{}}],"line":70},"4":{"loc":{"start":{"line":70,"column":13},"end":{"line":70,"column":96}},"type":"binary-expr","locations":[{"start":{"line":70,"column":13},"end":{"line":70,"column":25}},{"start":{"line":70,"column":29},"end":{"line":70,"column":43}},{"start":{"line":70,"column":47},"end":{"line":70,"column":66}},{"start":{"line":70,"column":70},"end":{"line":70,"column":96}}],"line":70},"5":{"loc":{"start":{"line":81,"column":2},"end":{"line":83,"column":3}},"type":"if","locations":[{"start":{"line":81,"column":2},"end":{"line":83,"column":3}},{"start":{},"end":{}}],"line":81},"6":{"loc":{"start":{"line":89,"column":4},"end":{"line":94,"column":5}},"type":"if","locations":[{"start":{"line":89,"column":4},"end":{"line":94,"column":5}},{"start":{"line":91,"column":11},"end":{"line":94,"column":5}}],"line":89}},"s":{"0":59,"1":59,"2":59,"3":59,"4":826,"5":826,"6":826,"7":826,"8":826,"9":3,"10":11,"11":11,"12":2,"13":9,"14":6,"15":11,"16":5,"17":0,"18":5,"19":5,"20":6,"21":6,"22":1,"23":5},"f":{"0":3,"1":11,"2":5,"3":6},"b":{"0":[3,2,2,2,2,2,2,2],"1":[2,9],"2":[11,3,3],"3":[6,3],"4":[9,3,3,3],"5":[0,5],"6":[1,5]},"_coverageSchema":"1a1c01bbd47fc00a2c39e90264f33305004495a9","hash":"2dfd8ee9a9693683310b27579ca73be6e4bd1151"}
[...]
5":{"start":{"line":41,"column":4},"end":{"line":41,"column":21}},"6":{"start":{"line":53,"column":13},"end":{"line":53,"column":23}},"7":{"start":{"line":55,"column":2},"end":{"line":93,"column":3}},"8":{"start":{"line":56,"column":16},"end":{"line":56,"column":33}},"9":{"start":{"line":59,"column":4},"end":{"line":61,"column":5}},"10":{"start":{"line":60,"column":6},"end":{"line":60,"column":17}},"11":{"start":{"line":64,"column":23},"end":{"line":64,"column":33}},"12":{"start":{"line":65,"column":4},"end":{"line":69,"column":5}},"13":{"start":{"line":66,"column":6},"end":{"line":66,"column":31}},"14":{"start":{"line":67,"column":6},"end":{"line":67,"column":24}},"15":{"start":{"line":68,"column":6},"end":{"line":68,"column":15}},"16":{"start":{"line":72,"column":4},"end":{"line":74,"column":5}},"17":{"start":{"line":73,"column":6},"end":{"line":73,"column":18}},"18":{"start":{"line":76,"column":18},"end":{"line":76,"column":58}},"19":{"start":{"line":79,"column":4},"end":{"line":88,"column":5}},"20":{"start":{"line":80,"column":6},"end":{"line":82,"column":7}},"21":{"start":{"line":81,"column":8},"end":{"line":81,"column":20}},"22":{"start":{"line":83,"column":6},"end":{"line":83,"column":25}},"23":{"start":{"line":85,"column":6},"end":{"line":87,"column":7}},"24":{"start":{"line":86,"column":8},"end":{"line":86,"column":34}},"25":{"start":{"line":90,"column":25},"end":{"line":90,"column":34}},"26":{"start":{"line":91,"column":4},"end":{"line":91,"column":38}},"27":{"start":{"line":92,"column":4},"end":{"line":92,"column":24}},"28":{"start":{"line":98,"column":2},"end":{"line":98,"column":25}},"29":{"start":{"line":101,"column":2},"end":{"line":103,"column":5}},"30":{"start":{"line":102,"column":4},"end":{"line":102,"column":23}},"31":{"start":{"line":104,"column":2},"end":{"line":104,"column":21}},"32":{"start":{"line":106,"column":2},"end":{"line":106,"column":22}},"33":{"start":{"line":107,"column":2},"end":{"line":107,"column":20}},"34":{"start":{"line":108,"column":2},"end":{"line":108,"column":27}},"35":{"start":{"line":109,"column":2},"end":{"line":109,"column":26}},"36":{"start":{"line":110,"column":2},"end":{"line":110,"column":21}},"37":{"start":{"line":111,"column":2},"end":{"line":111,"column":21}},"38":{"start":{"line":112,"column":2},"end":{"line":112,"column":21}},"39":{"start":{"line":113,"column":2},"end":{"line":113,"column":29}},"40":{"start":{"line":114,"column":2},"end":{"line":114,"column":26}},"41":{"start":{"line":115,"column":2},"end":{"line":115,"column":26}},"42":{"start":{"line":116,"column":2},"end":{"line":116,"column":23}},"43":{"start":{"line":117,"column":2},"end":{"line":117,"column":24}},"44":{"start":{"line":119,"column":2},"end":{"line":119,"column":24}},"45":{"start":{"line":120,"column":2},"end":{"line":120,"column":24}},"46":{"start":{"line":121,"column":2},"end":{"line":121,"column":24}},"47":{"start":{"line":122,"column":2},"end":{"line":122,"column":22}},"48":{"start":{"line":123,"column":2},"end":{"line":123,"column":24}},"49":{"start":{"line":125,"column":2},"end":{"line":125,"column":29}},"50":{"start":{"line":127,"column":2},"end":{"line":127,"column":39}},"51":{"start":{"line":128,"column":2},"end":{"line":131,"column":3}},"52":{"start":{"line":129,"column":17},"end":{"line":129,"column":42}},"53":{"start":{"line":130,"column":4},"end":{"line":130,"column":28}},"54":{"start":{"line":136,"column":2},"end":{"line":136,"column":59}},"55":{"start":{"line":141,"column":2},"end":{"line":141,"column":89}},"56":{"start":{"line":145,"column":14},"end":{"line":156,"column":3}},"57":{"start":{"line":148,"column":6},"end":{"line":150,"column":7}},"58":{"start":{"line":149,"column":8},"end":{"line":149,"column":20}},"59":{"start":{"line":151,"column":6},"end":{"line":151,"column":18}},"60":{"start":{"line":158,"column":2},"end":{"line":158,"column":29}},"61":{"start":{"line":162,"column":16},"end":{"line":162,"column":27}},"62":{"start":{"line":163,"column":2},"end":{"line":165,"column":3}},"63":{"start":{"line":164,"column":4},"end":{"line":164,"column":67}},"64":{"start":{"line":167,"column":19},"end":{"line":167,"column":38}},"65":{"start":{"line":169,"column":2},"end":{"line":169,"column":54}},"66":{"start":{"line":173,"column":13},"end":{"line":173,"column":18}},"67":{"start":{"line":174,"column":2},"end":{"line":176,"column":3}},"68":{"start":{"line":175,"column":4},"end":{"line":175,"column":23}},"69":{"start":{"line":177,"column":2},"end":{"line":177,"column":14}},"70":{"start":{"line":182,"column":19},"end":{"line":182,"column":42}},"71":{"start":{"line":184,"column":2},"end":{"line":184,"column":35}},"72":{"start":{"line":189,"column":20},"end":{"line":189,"column":25}},"73":{"start":{"line":191,"column":2},"end":{"line":226,"column":3}},"74":{"start":{"line":191,"column":15},"end":{"line":226,"column":3}},"75":{"start":{"line":193,"column":4},"end":{"line":199,"column":5}},"76":{"start":{"line":195,"column":6},"end":{"line":197,"column":7}},"77":{"start":{"line":196,"column":8},"end":{"line":196,"column":20}},"78":{"start":{"line":198,"column":6},"end":{"line":198,"column":25}},"79":{"start":{"line":201,"column":25},"end":{"line":201,"column":34}},"80":{"start":{"line":202,"column":4},"end":{"line":202,"column":38}},"81":{"start":{"line":203,"column":4},"end":{"line":203,"column":24}},"82":{"start":{"line":206,"column":4},"end":{"line":220,"column":5}},"83":{"start":{"line":208,"column":6},"end":{"line":210,"column":7}},"84":{"start":{"line":209,"column":8},"end":{"line":209,"column":29}},"85":{"start":{"line":213,"column":6},"end":{"line":219,"column":7}},"86":{"start":{"line":214,"column":8},"end":{"line":214,"column":29}},"87":{"start":{"line":216,"column":27},"end":{"line":216,"column":37}},"88":{"start":{"line":217,"column":8},"end":{"line":217,"column":33}},"89":{"start":{"line":218,"column":8},"end":{"line":218,"column":26}},"90":{"start":{"line":222,"column":4},"end":{"line":225,"column":5}},"91":{"start":{"line":224,"column":6},"end":{"line":224,"column":27}},"92":{"start":{"line":230,"column":2},"end":{"line":244,"column":3}},"93":{"start":{"line":231,"column":19},"end":{"line":231,"column":31}},"94":{"start":{"line":232,"column":4},"end":{"line":242,"column":5}},"95":{"start":{"line":233,"column":23},"end":{"line":233,"column":35}},"96":{"start":{"line":234,"column":6},"end":{"line":240,"column":7}},"97":{"start":{"line":235,"column":29},"end":{"line":235,"column":46}},"98":{"start":{"line":237,"column":8},"end":{"line":239,"column":9}},"99":{"start":{"line":238,"column":10},"end":{"line":238,"column":22}},"100":{"start":{"line":241,"column":6},"end":{"line":241,"column":33}},"101":{"start":{"line":243,"column":4},"end":{"line":243,"column":17}},"102":{"start":{"line":245,"column":2},"end":{"line":245,"column":15}},"103":{"start":{"line":251,"column":14},"end":{"line":251,"column":25}},"104":{"start":{"line":252,"column":2},"end":{"line":274,"column":3}},"105":{"start":{"line":253,"column":4},"end":{"line":272,"column":5}},"106":{"start":{"line":254,"column":16},"end":{"line":254,"column":30}},"107":{"start":{"line":255,"column":6},"end":{"line":257,"column":7}},"108":{"start":{"line":256,"column":8},"end":{"line":256,"column":14}},"109":{"start":{"line":258,"column":6},"end":{"line":260,"column":7}},"110":{"start":{"line":259,"column":8},"end":{"line":259,"column":20}},"111":{"start":{"line":262,"column":6},"end":{"line":271,"column":7}},"112":{"start":{"line":263,"column":27},"end":{"line":263,"column":47}},"113":{"start":{"line":264,"column":8},"end":{"line":266,"column":9}},"114":{"start":{"line":265,"column":10},"end":{"line":265,"column":22}},"115":{"start":{"line":267,"column":8},"end":{"line":269,"column":9}},"116":{"start":{"line":268,"column":10},"end":{"line":268,"column":49}},"117":{"start":{"line":270,"column":8},"end":{"line":270,"column":29}},"118":{"start":{"line":273,"column":4},"end":{"line":273,"column":25}},"119":{"start":{"line":275,"column":2},"end":{"line":277,"column":3}},"120":{"start":{"line":276,"column":4},"end":{"line":276,"column":16}},"121":{"start":{"line":278,"column":2},"end":{"line":278,"column":21}}},"fnMap":{"0":{"name":"travelChildren","decl":{"start":{"line":27,"column":16},"end":{"line":27,"column":30}},"loc":{"start":{"line":31,"column":2},"end":{"line":43,"column":1}},"line":31},"1":{"name":"travelVNodeTree","decl":{"start":{"line":46,"column":16},"end":{"line":46,"column":31}},"loc":{"start":{"line":52,"column":33},"end":{"line":94,"column":1}},"line":52},"2":{"name":"clearVNode","decl":{"start":{"line":97,"column":16},"end":{"line":97,"column":26}},"loc":{"start":{"line":97,"column":41},"end":{"line":132,"column":1}},"line":97},"3":{"name":"(anonymous_3)","decl":{"start":{"line":101,"column":30},"end":{"line":101,"column":31}},"loc":{"start":{"line":101,"column":38},"end":{"line":103,"column":3}},"line":101},"4":{"name":"isDomVNode","decl":{"start":{"line":135,"column":16},"end":{"line":135,"column":26}},"loc":{"start":{"line":135,"column":40},"end":{"line":137,"column":1}},"line":135},"5":{"name":"isDomContainer","decl":{"start":{"line":140,"column":9},"end":{"line":140,"column":23}},"loc":{"start":{"line":140,"column":47},"end":{"line":142,"column":1}},"line":140},"6":{"name":"findDomVNode","decl":{"start":{"line":144,"column":16},"end":{"line":144,"column":28}},"loc":{"start":{"line":144,"column":57},"end":{"line":159,"column":1}},"line":144},"7":{"name":"(anonymous_7)","decl":{"start":{"line":147,"column":4},"end":{"line":147,"column":5}},"loc":{"start":{"line":147,"column":12},"end":{"line":152,"column":5}},"line":147},"8":{"name":"findDOMByClassInst","decl":{"start":{"line":161,"column":16},"end":{"line":161,"column":34}},"loc":{"start":{"line":161,"column":41},"end":{"line":170,"column":1}},"line":161},"9":{"name":"getTreeRootVNode","decl":{"start":{"line":172,"column":9},"end":{"line":172,"column":25}},"loc":{"start":{"line":172,"column":33},"end":{"line":178,"column":1}},"line":172},"10":{"name":"isMounted","decl":{"start":{"line":181,"column":16},"end":{"line":181,"column":25}},"loc":{"start":{"line":181,"column":40},"end":{"line":185,"column":1}},"line":181},"11":{"name":"getSiblingDom","decl":{"start":{"line":188,"column":16},"end":{"line":188,"column":29}},"loc":{"start":{"line":188,"column":60},"end":{"line":227,"column":1}},"line":188},"12":{"name":"isPortalRoot","decl":{"start":{"line":229,"column":9},"end":{"line":229,"column":21}},"loc":{"start":{"line":229,"column":46},"end":{"line":246,"column":1}},"line":229},"13":{"name":"findRoot","decl":{"start":{"line":249,"column":16},"end":{"line":249,"column":24}},"loc":{"start":{"line":249,"column":49},"end":{"line":279,"column":1}},"line":249}},"branchMap":{"0":{"loc":{"start":{"line":35,"column":4},"end":{"line":37,"column":5}},"type":"if","locations":[{"start":{"line":35,"column":4},"end":{"line":37,"column":5}},{"start":{},"end":{}}],"line":35},"1":{"loc":{"start":{"line":35,"column":8},"end":{"line":35,"column":34}},"type":"binary-expr","locations":[{"start":{"line":35,"column":8},"end":{"line":35,"column":16}},{"start":{"line":35,"column":20},"end":{"line":35,"column":34}}],"line":35},"2":{"loc":{"start":{"line":59,"column":4},"end":{"line":61,"column":5}},"type":"if","locations":[{"start":{"line":59,"column":4},"end":{"line":61,"column":5}},{"start":{},"end":{}}],"line":59},"3":{"loc":{"start":{"line":65,"column":4},"end":{"line":69,"column":5}},"type":"if","locations":[{"start":{"line":65,"column":4},"end":{"line":69,"column":5}},{"start":{},"end":{}}],"line":65},"4":{"loc":{"start":{"line":65,"column":8},"end":{"line":65,"column":75}},"type":"binary-expr","locations":[{"start":{"line":65,"column":8},"end":{"line":65,"column":27}},{"start":{"line":65,"column":32},"end":{"line":65,"column":52}},{"start":{"line":65,"column":56},"end":{"line":65,"column":74}}],"line":65},"5":{"loc":{"start":{"line":72,"column":4},"end":{"line":74,"column":5}},"type":"if","locations":[{"start":{"line":72,"column":4},"end":{"line":74,"column":5}},{"start":{},"end":{}}],"line":72},"6":{"loc":{"start":{"line":80,"column":6},"end":{"line":82,"column":7}},"type":"if","locations":[{"start":{"line":80,"column":6},"end":{"line":82,"column":7}},{"start":{},"end":{}}],"line":80},"7":{"loc":{"start":{"line":80,"column":10},"end":{"line":80,"column":61}},"type":"binary-expr","locations":[{"start":{"line":80,"column":10},"end":{"line":80,"column":30}},{"start":{"line":80,"column":34},"end":{"line":80,"column":61}}],"line":80},"8":{"loc":{"start":{"line":85,"column":6},"end":{"line":87,"column":7}},"type":"if","locations":[{"start":{"line":85,"column":6},"end":{"line":87,"column":7}},{"start":{},"end":{}}],"line":85},"9":{"loc":{"start":{"line":128,"column":2},"end":{"line":131,"column":3}},"type":"if","locations":[{"start":{"line":128,"column":2},"end":{"line":131,"column":3}},{"start":{},"end":{}}],"line":128},"10":{"loc":{"start":{"line":136,"column":9},"end":{"line":136,"column":58}},"type":"binary-expr","locations":[{"start":{"line":136,"column":9},"end":{"line":136,"column":34}},{"start":{"line":136,"column":38},"end":{"line":136,"column":58}}],"line":136},"11":{"loc":{"start":{"line":141,"column":9},"end":{"line":141,"column":88}},"type":"binary-expr","locations":[{"start":{"line":141,"column":9},"end":{"line":141,"column":35}},{"start":{"line":141,"column":39},"end":{"line":141,"column":61}},{"start":{"line":141,"column":65},"end":{"line":141,"column":88}}],"line":141},"12":{"loc":{"start":{"line":148,"column":6},"end":{"line":150,"column":7}},"type":"if","locations":[{"start":{"line":148,"column":6},"end":{"line":150,"column":7}},{"start":{},"end":{}}],"line":148},"13":{"loc":{"start":{"line":148,"column":10},"end":{"line":148,"column":59}},"type":"binary-expr","locations":[{"start":{"line":148,"column":10},"end":{"line":148,"column":35}},{"start":{"line":148,"column":39},"end":{"line":148,"column":59}}],"line":148},"14":{"loc":{"start":{"line":163,"column":2},"end":{"line":165,"column":3}},"type":"if","locations":[{"start":{"line":163,"column":2},"end":{"line":165,"column":3}},{"start":{},"end":{}}],"line":163},"15":{"loc":{"start":{"line":169,"column":9},"end":{"line":169,"column":53}},"type":"cond-expr","locations":[{"start":{"line":169,"column":29},"end":{"line":169,"column":46}},{"start":{"line":169,"column":49},"end":{"line":169,"column":53}}],"line":169},"16":{"loc":{"start":{"line":195,"column":6},"end":{"line":197,"column":7}},"type":"if","locations":[{"start":{"line":195,"column":6},"end":{"line":197,"column":7}},{"start":{},"end":{}}],"line":195},"17":{"loc":{"start":{"line":195,"column":10},"end":{"line":195,"column":61}},"type":"binary-expr","locations":[{"start":{"line":195,"column":10},"end":{"line":195,"column":30}},{"start":{"line":195,"column":34},"end":{"line":195,"column":61}}],"line":195},"18":{"loc":{"start":{"line":208,"column":6},"end":{"line":210,"column":7}},"type":"if","locations":[{"start":{"line":208,"column":6},"end":{"line":210,"column":7}},{"start":{},"end":{}}],"line":208},"19":{"loc":{"start":{"line":213,"column":6},"end":{"line":219,"column":7}},"type":"if","locations":[{"start":{"line":213,"column":6},"end":{"line":219,"column":7}},{"start":{"line":215,"column":13},"end":{"line":219,"column":7}}],"line":213},"20":{"loc":{"start":{"line":213,"column":10},"end":{"line":213,"column":47}},"type":"binary-expr","locations":[{"start":{"line":213,"column":10},"end":{"line":213,"column":21}},{"start":{"line":213,"column":25},"end":{"line":213,"column":47}}],"line":213},"21":{"loc":{"start":{"line":222,"column":4},"end":{"line":225,"column":5}},"type":"if","locations":[{"start":{"line":222,"column":4},"end":{"line":225,"column":5}},{"start":{},"end":{}}],"line":222},"22":{"loc":{"start":{"line":230,"column":2},"end":{"line":244,"column":3}},"type":"if","locations":[{"start":{"line":230,"column":2},"end":{"line":244,"column":3}},{"start":{},"end":{}}],"line":230},"23":{"loc":{"start":{"line":234,"column":6},"end":{"line":240,"column":7}},"type":"if","locations":[{"start":{"line":234,"column":6},"end":{"line":240,"column":7}},{"start":{},"end":{}}],"line":234},"24":{"loc":{"start":{"line":234,"column":10},"end":{"line":234,"column":57}},"type":"binary-expr","locations":[{"start":{"line":234,"column":10},"end":{"line":234,"column":31}},{"start":{"line":234,"column":35},"end":{"line":234,"column":57}}],"line":234},"25":{"loc":{"start":{"line":237,"column":8},"end":{"line":239,"column":9}},"type":"if","locations":[{"start":{"line":237,"column":8},"end":{"line":239,"column":9}},{"start":{},"end":{}}],"line":237},"26":{"loc":{"start":{"line":253,"column":4},"end":{"line":272,"column":5}},"type":"if","locations":[{"start":{"line":253,"column":4},"end":{"line":272,"column":5}},{"start":{},"end":{}}],"line":253},"27":{"loc":{"start":{"line":253,"column":8},"end":{"line":253,"column":57}},"type":"binary-expr","locations":[{"start":{"line":253,"column":8},"end":{"line":253,"column":30}},{"start":{"line":253,"column":34},"end":{"line":253,"column":57}}],"line":253},"28":{"loc":{"start":{"line":255,"column":6},"end":{"line":257,"column":7}},"type":"if","locations":[{"start":{"line":255,"column":6},"end":{"line":257,"column":7}},{"start":{},"end":{}}],"line":255},"29":{"loc":{"start":{"line":258,"column":6},"end":{"line":260,"column":7}},"type":"if","locations":[{"start":{"line":258,"column":6},"end":{"line":260,"column":7}},{"start":{},"end":{}}],"line":258},"30":{"loc":{"start":{"line":264,"column":8},"end":{"line":266,"column":9}},"type":"if","locations":[{"start":{"line":264,"column":8},"end":{"line":266,"column":9}},{"start":{},"end":{}}],"line":264},"31":{"loc":{"start":{"line":267,"column":8},"end":{"line":269,"column":9}},"type":"if","locations":[{"start":{"line":267,"column":8},"end":{"line":269,"column":9}},{"start":{},"end":{}}],"line":267},"32":{"loc":{"start":{"line":267,"column":12},"end":{"line":267,"column":73}},"type":"binary-expr","locations":[{"start":{"line":267,"column":12},"end":{"line":267,"column":43}},{"start":{"line":267,"column":47},"end":{"line":267,"column":73}}],"line":267},"33":{"loc":{"start":{"line":275,"column":2},"end":{"line":277,"column":3}},"type":"if","locations":[{"start":{"line":275,"column":2},"end":{"line":277,"column":3}},{"start":{},"end":{}}],"line":275}},"s":{"0":307,"1":307,"2":270,"3":2,"4":268,"5":268,"6":834,"7":834,"8":1997,"9":1997,"10":0,"11":1997,"12":1997,"13":835,"14":835,"15":835,"16":1162,"17":323,"18":839,"19":839,"20":1058,"21":511,"22":547,"23":547,"24":142,"25":328,"26":328,"27":328,"28":286,"29":286,"30":246,"31":286,"32":286,"33":286,"34":286,"35":286,"36":286,"37":286,"38":286,"39":286,"40":286,"41":286,"42":286,"43":286,"44":286,"45":286,"46":286,"47":286,"48":286,"49":286,"50":286,"51":286,"52":0,"53":0,"54":730,"55":359,"56":0,"57":0,"58":0,"59":0,"60":0,"61":0,"62":0,"63":0,"64":0,"65":0,"66":0,"67":0,"68":0,"69":0,"70":0,"71":0,"72":325,"73":325,"74":325,"75":344,"76":359,"77":323,"78":36,"79":21,"80":21,"81":21,"82":21,"83":11,"84":9,"85":2,"86":0,"87":2,"88":2,"89":2,"90":12,"91":2,"92":3,"93":0,"94":0,"95":0,"96":0,"97":0,"98":0,"99":0,"100":0,"101":0,"102":3,"103":195,"104":195,"105":811,"106":195,"107":195,"108":192,"109":3,"110":0,"111":3,"112":3,"113":3,"114":1,"115":2,"116":2,"117":0,"118":616,"119":192,"120":0,"121":192},"f":{"0":307,"1":834,"2":286,"3":246,"4":730,"5":359,"6":0,"7":0,"8":0,"9":0,"10":0,"11":325,"12":3,"13":195},"b":{"0":[2,268],"1":[270,11],"2":[0,1997],"3":[835,1162],"4":[1997,1055,1042],"5":[323,839],"6":[511,547],"7":[1058,1058],"8":[142,405],"9":[0,286],"10":[730,403],"11":[359,354,55],"12":[0,0],"13":[0,0],"14":[0,0],"15":[0,0],"16":[323,36],"17":[359,359],"18":[9,2],"19":[0,2],"20":[2,2],"21":[2,10],"22":[0,3],"23":[0,0],"24":[0,0],"25":[0,0],"26":[195,616],"27":[811,621],"28":[192,3],"29":[0,3],"30":[1,2],"31":[2,0],"32":[2,0],"33":[0,192]},"_coverageSchema":"1a1c01bbd47fc00a2c39e90264f33305004495a9","hash":"39df28a867971be037911945f59e58f0f89845e5"}
}
