TN:
SF:scripts/__tests__/HorizonXTest/StoreFunctionality/store.ts
FN:24,(anonymous_0)
FN:27,(anonymous_1)
FN:30,(anonymous_2)
FN:35,(anonymous_3)
FN:38,(anonymous_4)
FN:38,(anonymous_5)
FNF:6
FNH:2
FNDA:2,(anonymous_0)
FNDA:0,(anonymous_1)
FNDA:0,(anonymous_2)
FNDA:6,(anonymous_3)
FNDA:0,(anonymous_4)
FNDA:0,(anonymous_5)
DA:18,2
DA:25,2
DA:28,0
DA:31,0
DA:36,6
DA:38,0
LF:6
LH:3
BRF:0
BRH:0
end_of_record
TN:
SF:scripts/__tests__/jest/commonComponents.js
FN:20,(anonymous_0)
FN:33,(anonymous_1)
FN:39,triggerClickEvent
FNF:3
FNH:3
FNDA:33,(anonymous_0)
FNDA:329,(anonymous_1)
FNDA:94,triggerClickEvent
DA:20,26
DA:21,33
DA:22,33
DA:24,33
DA:33,26
DA:34,329
DA:35,329
DA:36,329
DA:40,94
DA:43,94
LF:10
LH:10
BRF:0
BRH:0
end_of_record
TN:
SF:scripts/__tests__/jest/logUtils.js
FN:18,(anonymous_0)
FN:26,(anonymous_1)
FN:35,(anonymous_2)
FNF:3
FNH:1
FNDA:0,(anonymous_0)
FNDA:0,(anonymous_1)
FNDA:34,(anonymous_2)
DA:16,11
DA:18,11
DA:19,0
DA:20,0
DA:22,0
DA:26,11
DA:27,0
DA:28,0
DA:30,0
DA:31,0
DA:32,0
DA:35,11
DA:36,34
DA:39,11
DA:40,11
DA:41,11
LF:16
LH:8
BRDA:19,0,0,0
BRDA:19,0,1,0
BRDA:27,1,0,0
BRDA:27,1,1,0
BRDA:36,2,0,0
BRDA:36,2,1,34
BRF:6
BRH:1
end_of_record
TN:
SF:scripts/__tests__/jest/testUtils.js
FN:16,(anonymous_0)
FN:22,triggerClickEvent
FN:30,(anonymous_2)
FN:34,(anonymous_3)
FN:42,(anonymous_4)
FN:51,(anonymous_5)
FN:55,(anonymous_6)
FN:61,getLogUtils
FNF:8
FNH:7
FNDA:2,(anonymous_0)
FNDA:0,triggerClickEvent
FNDA:59,(anonymous_2)
FNDA:592,(anonymous_3)
FNDA:171,(anonymous_4)
FNDA:27,(anonymous_5)
FNDA:574,(anonymous_6)
FNDA:411,getLogUtils
DA:16,59
DA:17,2
DA:18,2
DA:19,2
DA:23,0
DA:26,0
DA:31,59
DA:34,59
DA:35,592
DA:36,189
DA:38,403
DA:42,59
DA:43,171
DA:44,27
DA:46,144
DA:47,144
DA:48,144
DA:51,59
DA:52,27
DA:55,59
DA:56,574
DA:62,411
DA:63,59
DA:65,411
LF:24
LH:22
BRDA:35,0,0,189
BRDA:35,0,1,403
BRDA:43,1,0,27
BRDA:43,1,1,144
BRDA:52,2,0,19
BRDA:52,2,1,8
BRDA:56,3,0,45
BRDA:56,3,1,529
BRDA:62,4,0,59
BRDA:62,4,1,352
BRF:10
BRH:10
end_of_record
TN:
SF:scripts/__tests__/utils/dispatchChangeEvent.js
FN:15,dispatchChangeEvent
FNF:1
FNH:1
FNDA:2,dispatchChangeEvent
DA:16,2
DA:17,2
DA:19,2
LF:3
LH:3
BRF:0
BRH:0
end_of_record
TN:
SF:src/index.ts
FNF:0
FNH:0
DA:75,55
DA:127,55
LF:2
LH:2
BRF:0
BRH:0
end_of_record
TN:
SF:src/types.ts
FNF:0
FNH:0
LF:0
LH:0
BRF:0
BRH:0
end_of_record
TN:
SF:src/dom/DOMExternal.ts
FN:26,createRoot
FN:42,(anonymous_1)
FN:49,(anonymous_2)
FN:56,executeRender
FN:65,(anonymous_4)
FN:77,findDOMNode
FN:92,removeRootEventLister
FN:95,(anonymous_7)
FN:108,destroy
FN:110,(anonymous_9)
FN:111,(anonymous_10)
FN:129,createRootElement
FN:131,(anonymous_12)
FN:134,(anonymous_13)
FNF:14
FNH:10
FNDA:265,createRoot
FNDA:18,(anonymous_1)
FNDA:265,(anonymous_2)
FNDA:628,executeRender
FNDA:262,(anonymous_4)
FNDA:0,findDOMNode
FNDA:243,removeRootEventLister
FNDA:628,(anonymous_7)
FNDA:358,destroy
FNDA:243,(anonymous_9)
FNDA:243,(anonymous_10)
FNDA:0,createRootElement
FNDA:0,(anonymous_12)
FNDA:0,(anonymous_13)
DA:28,265
DA:29,265
DA:30,0
DA:31,0
DA:35,265
DA:36,265
DA:37,265
DA:40,265
DA:41,18
DA:42,18
DA:43,18
DA:44,18
DA:49,265
DA:50,265
DA:53,260
DA:57,628
DA:59,628
DA:60,265
DA:63,363
DA:64,262
DA:65,262
DA:66,262
DA:67,262
DA:71,363
DA:74,622
DA:78,0
DA:79,0
DA:83,0
DA:84,0
DA:88,0
DA:93,243
DA:94,243
DA:95,243
DA:96,628
DA:98,628
DA:99,628
DA:100,628
DA:109,358
DA:110,243
DA:111,243
DA:112,243
DA:113,243
DA:117,243
DA:120,115
DA:130,0
DA:132,0
DA:135,0
LF:47
LH:37
BRDA:40,0,0,18
BRDA:40,0,1,247
BRDA:59,1,0,265
BRDA:59,1,1,363
BRDA:63,2,0,262
BRDA:63,2,1,101
BRDA:78,3,0,0
BRDA:78,3,1,0
BRDA:78,4,0,0
BRDA:78,4,1,0
BRDA:83,5,0,0
BRDA:83,5,1,0
BRDA:94,6,0,243
BRDA:94,6,1,0
BRDA:98,7,0,628
BRDA:98,7,1,0
BRDA:109,8,0,243
BRDA:109,8,1,115
BRF:18
BRH:10
end_of_record
TN:
SF:src/dom/DOMInternalKeys.ts
FN:33,getDom
FN:42,saveVNode
FN:47,getVNode
FN:59,getNearestVNode
FN:74,getVNodeProps
FN:79,updateVNodeProps
FN:83,getNonDelegatedListenerMap
FNF:7
FNH:6
FNDA:146,getDom
FNDA:1002,saveVNode
FNDA:0,getVNode
FNDA:221,getNearestVNode
FNDA:9,getVNodeProps
FNDA:968,updateVNodeProps
FNDA:2,getNonDelegatedListenerMap
DA:25,59
DA:26,59
DA:27,59
DA:28,59
DA:29,59
DA:30,59
DA:34,146
DA:35,146
DA:36,146
DA:38,0
DA:43,1002
DA:48,0
DA:49,0
DA:50,0
DA:51,0
DA:52,0
DA:55,0
DA:60,221
DA:62,221
DA:63,230
DA:64,230
DA:65,218
DA:67,12
DA:70,3
DA:75,9
DA:80,968
DA:84,2
DA:85,2
DA:86,1
DA:87,1
DA:89,2
LF:31
LH:24
BRDA:35,0,0,146
BRDA:35,0,1,0
BRDA:35,1,0,146
BRDA:35,1,1,0
BRDA:48,2,0,0
BRDA:48,2,1,0
BRDA:49,3,0,0
BRDA:49,3,1,0
BRDA:51,4,0,0
BRDA:51,4,1,0
BRDA:51,5,0,0
BRDA:51,5,1,0
BRDA:51,5,2,0
BRDA:64,6,0,218
BRDA:64,6,1,12
BRDA:75,7,0,9
BRDA:75,7,1,0
BRDA:85,8,0,1
BRDA:85,8,1,1
BRF:19
BRH:7
end_of_record
TN:
SF:src/dom/DOMOperator.ts
FN:44,getChildNS
FN:59,getNSCtx
FN:63,prepareForSubmit
FN:67,resetAfterSubmit
FN:73,newDom
FN:89,initDomProps
FN:111,getPropChangeList
FN:127,isTextChild
FN:144,newTextDom
FN:151,submitDomUpdate
FN:190,clearText
FN:195,appendChildElement
FN:200,insertDomBefore
FN:204,removeChildDom
FN:209,hideDom
FN:218,unHideDom
FNF:16
FNH:14
FNDA:2237,getChildNS
FNDA:2237,getNSCtx
FNDA:859,prepareForSubmit
FNDA:859,resetAfterSubmit
FNDA:652,newDom
FNDA:652,initDomProps
FNDA:658,getPropChangeList
FNDA:1576,isTextChild
FNDA:34,newTextDom
FNDA:329,submitDomUpdate
FNDA:0,clearText
FNDA:684,appendChildElement
FNDA:2,insertDomBefore
FNDA:313,removeChildDom
FNDA:0,hideDom
FNDA:6,unHideDom
DA:42,59
DA:45,2237
DA:46,0
DA:49,2237
DA:51,2237
DA:55,0
DA:60,2237
DA:64,859
DA:68,859
DA:69,859
DA:76,652
DA:77,652
DA:79,652
DA:81,652
DA:83,652
DA:85,652
DA:90,652
DA:93,652
DA:96,652
DA:97,652
DA:99,652
DA:101,63
DA:105,652
DA:107,652
DA:118,658
DA:121,658
DA:122,658
DA:124,658
DA:128,1576
DA:129,75
DA:131,1501
DA:132,1501
DA:133,653
DA:135,848
DA:145,34
DA:146,34
DA:147,34
DA:152,329
DA:153,329
DA:155,329
DA:157,316
DA:158,316
DA:159,316
DA:160,316
DA:162,316
DA:163,316
DA:164,316
DA:167,316
DA:175,2
DA:177,316
DA:178,316
DA:179,316
DA:182,13
DA:183,13
DA:185,13
DA:191,0
DA:196,684
DA:201,2
DA:205,313
DA:210,0
DA:211,0
DA:212,0
DA:213,0
DA:219,6
DA:220,6
DA:221,0
DA:222,0
LF:67
LH:58
BRDA:45,0,0,0
BRDA:45,0,1,2237
BRDA:45,1,0,2237
BRDA:45,1,1,0
BRDA:49,2,0,2237
BRDA:49,2,1,0
BRDA:49,3,0,2237
BRDA:49,3,1,2237
BRDA:51,4,0,2237
BRDA:51,4,1,2237
BRDA:60,5,0,926
BRDA:60,5,1,1311
BRDA:60,6,0,926
BRDA:60,6,1,0
BRDA:77,7,0,0
BRDA:77,7,1,652
BRDA:99,8,0,63
BRDA:99,8,1,589
BRDA:99,9,0,652
BRDA:99,9,1,600
BRDA:128,10,0,75
BRDA:128,10,1,1501
BRDA:128,11,0,1576
BRDA:128,11,1,1557
BRDA:128,11,2,1501
BRDA:132,12,0,653
BRDA:132,12,1,848
BRDA:132,13,0,1501
BRDA:132,13,1,987
BRDA:136,14,0,848
BRDA:136,14,1,0
BRDA:136,14,2,0
BRDA:136,14,3,0
BRDA:155,15,0,316
BRDA:155,15,1,13
BRDA:157,16,0,316
BRDA:157,16,1,0
BRDA:157,17,0,316
BRDA:157,17,1,316
BRDA:162,18,0,316
BRDA:162,18,1,0
BRDA:167,19,0,2
BRDA:167,19,1,314
BRDA:168,20,0,316
BRDA:168,20,1,20
BRDA:168,20,2,4
BRDA:168,20,3,4
BRDA:168,20,4,2
BRDA:168,20,5,2
BRDA:182,21,0,13
BRDA:182,21,1,0
BRDA:183,22,0,13
BRDA:183,22,1,0
BRDA:210,23,0,0
BRDA:210,23,1,0
BRDA:212,24,0,0
BRDA:212,24,1,0
BRDA:219,25,0,6
BRDA:219,25,1,0
BRDA:220,26,0,6
BRDA:220,26,1,6
BRDA:221,27,0,0
BRDA:221,27,1,0
BRF:63
BRH:44
end_of_record
TN:
SF:src/dom/SelectionRangeHandler.ts
FN:33,setSelectionRange
FN:51,getSelectionRange
FN:67,isNodeContainsByTargetNode
FN:92,isInDocument
FN:100,hasSelectionProperties
FN:120,getSelectionInfo
FN:137,resetSelectionRange
FN:178,(anonymous_7)
FNF:8
FNH:3
FNDA:0,setSelectionRange
FNDA:0,getSelectionRange
FNDA:0,isNodeContainsByTargetNode
FNDA:0,isInDocument
FNDA:859,hasSelectionProperties
FNDA:859,getSelectionInfo
FNDA:859,resetSelectionRange
FNDA:0,(anonymous_7)
DA:34,0
DA:35,0
DA:37,0
DA:38,0
DA:41,0
DA:42,0
DA:52,0
DA:54,0
DA:55,0
DA:57,0
DA:59,0
DA:60,0
DA:63,0
DA:68,0
DA:69,0
DA:71,0
DA:72,0
DA:74,0
DA:75,0
DA:77,0
DA:78,0
DA:80,0
DA:81,0
DA:83,0
DA:85,0
DA:87,0
DA:89,0
DA:93,0
DA:94,0
DA:96,0
DA:103,859
DA:104,859
DA:105,859
DA:107,859
DA:108,0
DA:109,859
DA:110,0
DA:112,859
DA:115,0
DA:121,859
DA:122,859
DA:139,859
DA:142,859
DA:144,859
DA:145,0
DA:149,859
DA:151,859
DA:152,0
DA:153,0
DA:157,0
DA:158,0
DA:160,0
DA:161,0
DA:163,0
DA:164,0
DA:170,0
DA:174,0
DA:175,0
DA:178,0
DA:179,0
DA:180,0
DA:181,0
LF:62
LH:13
BRDA:37,0,0,0
BRDA:37,0,1,0
BRDA:37,1,0,0
BRDA:37,1,1,0
BRDA:41,2,0,0
BRDA:41,2,1,0
BRDA:54,3,0,0
BRDA:54,3,1,0
BRDA:57,4,0,0
BRDA:57,4,1,0
BRDA:68,5,0,0
BRDA:68,5,1,0
BRDA:68,6,0,0
BRDA:68,6,1,0
BRDA:71,7,0,0
BRDA:71,7,1,0
BRDA:74,8,0,0
BRDA:74,8,1,0
BRDA:77,9,0,0
BRDA:77,9,1,0
BRDA:80,10,0,0
BRDA:80,10,1,0
BRDA:83,11,0,0
BRDA:83,11,1,0
BRDA:93,12,0,0
BRDA:93,12,1,0
BRDA:93,13,0,0
BRDA:93,13,1,0
BRDA:103,14,0,859
BRDA:103,14,1,0
BRDA:103,15,0,859
BRDA:103,15,1,859
BRDA:107,16,0,0
BRDA:107,16,1,859
BRDA:109,17,0,0
BRDA:109,17,1,859
BRDA:124,18,0,0
BRDA:124,18,1,859
BRDA:144,19,0,0
BRDA:144,19,1,859
BRDA:151,20,0,0
BRDA:151,20,1,859
BRDA:151,21,0,859
BRDA:151,21,1,0
BRDA:152,22,0,0
BRDA:152,22,1,0
BRDA:161,23,0,0
BRDA:161,23,1,0
BRDA:174,24,0,0
BRDA:174,24,1,0
BRF:50
BRH:9
end_of_record
TN:
SF:src/dom/DOMPropertiesHandler/DOMPropertiesHandler.ts
FN:24,setDomProps
FN:58,compareProps
FNF:2
FNH:2
FNDA:968,setDomProps
FNDA:658,compareProps
DA:25,968
DA:28,968
DA:29,968
DA:30,1614
DA:31,1614
DA:33,1614
DA:34,5
DA:35,1609
DA:37,207
DA:38,207
DA:39,2
DA:40,205
DA:41,118
DA:43,1402
DA:45,797
DA:46,797
DA:47,583
DA:49,605
DA:50,0
DA:51,605
DA:52,341
DA:59,658
DA:60,658
DA:61,658
DA:62,658
DA:64,658
DA:70,658
DA:71,1163
DA:73,1163
DA:74,1160
DA:77,3
DA:78,0
DA:79,0
DA:80,0
DA:81,0
DA:82,0
DA:84,3
DA:85,0
DA:86,3
DA:87,0
DA:88,0
DA:92,3
DA:103,658
DA:104,1167
DA:105,1167
DA:106,1167
DA:108,1167
DA:113,605
DA:116,562
DA:117,3
DA:120,3
DA:121,3
DA:122,3
DA:123,3
DA:124,0
DA:129,3
DA:130,3
DA:131,3
DA:132,3
DA:133,0
DA:138,0
DA:139,0
DA:141,0
DA:143,559
DA:144,0
DA:145,0
DA:146,0
DA:147,0
DA:148,0
DA:151,559
DA:152,484
DA:153,257
DA:155,75
DA:156,59
DA:157,59
DA:158,0
DA:159,59
DA:160,4
DA:163,16
DA:168,658
DA:169,0
DA:172,658
LF:82
LH:61
BRDA:33,0,0,5
BRDA:33,0,1,1609
BRDA:35,1,0,207
BRDA:35,1,1,1402
BRDA:38,2,0,2
BRDA:38,2,1,205
BRDA:40,3,0,118
BRDA:40,3,1,87
BRDA:40,4,0,205
BRDA:40,4,1,205
BRDA:43,5,0,797
BRDA:43,5,1,605
BRDA:46,6,0,583
BRDA:46,6,1,214
BRDA:46,7,0,797
BRDA:46,7,1,284
BRDA:49,8,0,0
BRDA:49,8,1,605
BRDA:51,9,0,341
BRDA:51,9,1,264
BRDA:51,10,0,605
BRDA:51,10,1,586
BRDA:51,10,2,585
BRDA:73,11,0,1160
BRDA:73,11,1,3
BRDA:73,12,0,1163
BRDA:73,12,1,1161
BRDA:73,12,2,1042
BRDA:77,13,0,0
BRDA:77,13,1,3
BRDA:84,14,0,0
BRDA:84,14,1,3
BRDA:84,15,0,3
BRDA:84,15,1,3
BRDA:84,15,2,3
BRDA:86,16,0,0
BRDA:86,16,1,3
BRDA:87,17,0,0
BRDA:87,17,1,0
BRDA:106,18,0,1167
BRDA:106,18,1,0
BRDA:106,19,0,1167
BRDA:106,19,1,1167
BRDA:108,20,0,605
BRDA:108,20,1,562
BRDA:109,21,0,1167
BRDA:109,21,1,565
BRDA:109,21,2,563
BRDA:109,21,3,4
BRDA:109,21,4,2
BRDA:116,22,0,3
BRDA:116,22,1,559
BRDA:117,23,0,3
BRDA:117,23,1,0
BRDA:123,24,0,0
BRDA:123,24,1,3
BRDA:123,25,0,3
BRDA:123,25,1,3
BRDA:129,26,0,3
BRDA:129,26,1,0
BRDA:132,27,0,0
BRDA:132,27,1,3
BRDA:138,28,0,0
BRDA:138,28,1,0
BRDA:143,29,0,0
BRDA:143,29,1,559
BRDA:144,30,0,0
BRDA:144,30,1,0
BRDA:145,31,0,0
BRDA:145,31,1,0
BRDA:146,32,0,0
BRDA:146,32,1,0
BRDA:146,33,0,0
BRDA:146,33,1,0
BRDA:147,34,0,0
BRDA:147,34,1,0
BRDA:151,35,0,484
BRDA:151,35,1,75
BRDA:152,36,0,257
BRDA:152,36,1,227
BRDA:152,37,0,484
BRDA:152,37,1,287
BRDA:155,38,0,59
BRDA:155,38,1,16
BRDA:157,39,0,0
BRDA:157,39,1,59
BRDA:159,40,0,4
BRDA:159,40,1,55
BRDA:159,41,0,59
BRDA:159,41,1,59
BRDA:168,42,0,0
BRDA:168,42,1,658
BRF:92
BRH:66
end_of_record
TN:
SF:src/dom/DOMPropertiesHandler/StyleHandler.ts
FN:47,isNeedUnitCSS
FN:65,adjustStyleValue
FN:80,setStyles
FN:86,(anonymous_3)
FNF:4
FNH:4
FNDA:3,isNeedUnitCSS
FNDA:11,adjustStyleValue
FNDA:5,setStyles
FNDA:6,(anonymous_3)
DA:19,59
DA:36,59
DA:37,59
DA:38,826
DA:39,826
DA:42,826
DA:43,826
DA:44,826
DA:48,3
DA:66,11
DA:68,11
DA:69,2
DA:70,9
DA:71,6
DA:74,11
DA:81,5
DA:82,0
DA:85,5
DA:86,5
DA:87,6
DA:89,6
DA:90,1
DA:93,5
LF:23
LH:22
BRDA:49,0,0,3
BRDA:49,0,1,2
BRDA:49,0,2,2
BRDA:49,0,3,2
BRDA:49,0,4,2
BRDA:49,0,5,2
BRDA:49,0,6,2
BRDA:49,0,7,2
BRDA:68,1,0,2
BRDA:68,1,1,9
BRDA:68,2,0,11
BRDA:68,2,1,3
BRDA:68,2,2,3
BRDA:70,3,0,6
BRDA:70,3,1,3
BRDA:70,4,0,9
BRDA:70,4,1,3
BRDA:70,4,2,3
BRDA:70,4,3,3
BRDA:81,5,0,0
BRDA:81,5,1,5
BRDA:89,6,0,1
BRDA:89,6,1,5
BRF:23
BRH:22
end_of_record
TN:
SF:src/dom/DOMPropertiesHandler/UpdateCommonProp.ts
FN:88,(anonymous_0)
FN:91,convertToLowerCase
FN:92,(anonymous_2)
FN:101,updateCommonProp
FNF:4
FNH:2
FNDA:3717,(anonymous_0)
FNDA:0,convertToLowerCase
FNDA:0,(anonymous_2)
FNDA:346,updateCommonProp
DA:23,59
DA:24,59
DA:88,3717
DA:92,0
DA:93,0
DA:102,346
DA:104,346
DA:105,10
DA:108,346
DA:109,1
DA:112,345
DA:114,263
DA:115,0
DA:116,0
DA:120,263
DA:121,1
DA:123,262
DA:125,82
DA:126,21
DA:128,7
DA:130,14
DA:134,61
DA:135,2
DA:137,59
DA:138,59
DA:140,59
DA:142,5
DA:144,54
DA:147,59
DA:148,0
DA:150,59
LF:31
LH:26
BRDA:104,0,0,10
BRDA:104,0,1,336
BRDA:108,1,0,1
BRDA:108,1,1,345
BRDA:112,2,0,263
BRDA:112,2,1,82
BRDA:112,3,0,345
BRDA:112,3,1,345
BRDA:114,4,0,0
BRDA:114,4,1,263
BRDA:114,5,0,263
BRDA:114,5,1,263
BRDA:115,6,0,0
BRDA:115,6,1,0
BRDA:120,7,0,1
BRDA:120,7,1,262
BRDA:125,8,0,21
BRDA:125,8,1,61
BRDA:126,9,0,7
BRDA:126,9,1,14
BRDA:134,10,0,2
BRDA:134,10,1,59
BRDA:140,11,0,5
BRDA:140,11,1,54
BRDA:147,12,0,0
BRDA:147,12,1,59
BRF:26
BRH:22
end_of_record
TN:
SF:src/dom/utils/Common.ts
FN:23,getFocusedDom
FN:31,getIFrameFocusedDom
FN:53,isElement
FN:57,isText
FN:61,isComment
FN:65,isDocument
FN:69,isDocumentFragment
FN:73,getDomTag
FN:77,isInputElement
FN:84,shouldAutoFocus
FN:88,isNotNull
FNF:11
FNH:6
FNDA:1718,getFocusedDom
FNDA:1718,getIFrameFocusedDom
FNDA:0,isElement
FNDA:0,isText
FNDA:0,isComment
FNDA:652,isDocument
FNDA:0,isDocumentFragment
FNDA:418,getDomTag
FNDA:0,isInputElement
FNDA:652,shouldAutoFocus
FNDA:24,isNotNull
DA:24,1718
DA:26,1718
DA:32,1718
DA:33,1718
DA:35,1718
DA:36,0
DA:38,0
DA:40,0
DA:43,0
DA:47,0
DA:50,1718
DA:54,0
DA:58,0
DA:62,0
DA:66,652
DA:70,0
DA:74,418
DA:78,0
DA:81,59
DA:85,652
DA:89,24
LF:21
LH:11
BRDA:24,0,0,1718
BRDA:24,0,1,1718
BRDA:26,1,0,1718
BRDA:26,1,1,0
BRDA:38,2,0,0
BRDA:38,2,1,0
BRDA:85,3,0,208
BRDA:85,3,1,444
BRDA:89,4,0,24
BRDA:89,4,1,21
BRF:10
BRH:7
end_of_record
TN:
SF:src/dom/utils/DomCreator.ts
FN:23,createDom
FNF:1
FNH:1
FNDA:652,createDom
DA:16,59
DA:25,652
DA:26,652
DA:28,652
DA:29,0
DA:31,652
DA:33,652
LF:7
LH:6
BRDA:25,0,0,652
BRDA:25,0,1,652
BRDA:26,1,0,0
BRDA:26,1,1,652
BRDA:28,2,0,0
BRDA:28,2,1,652
BRF:6
BRH:4
end_of_record
TN:
SF:src/dom/validators/PropertiesData.ts
FN:116,(anonymous_0)
FN:140,getPropDetails
FNF:2
FNH:2
FNDA:3422,(anonymous_0)
FNDA:346,getPropDetails
DA:40,59
DA:114,59
DA:116,59
DA:117,3422
DA:118,3422
DA:120,3422
DA:121,1003
DA:124,3422
DA:125,1652
DA:128,3422
DA:129,2832
DA:132,3422
DA:141,346
LF:13
LH:13
BRDA:120,0,0,1003
BRDA:120,0,1,2419
BRDA:124,1,0,1652
BRDA:124,1,1,1770
BRDA:128,2,0,2832
BRDA:128,2,1,590
BRDA:141,3,0,346
BRDA:141,3,1,264
BRF:8
BRH:8
end_of_record
TN:
SF:src/dom/validators/ValidateProps.ts
FN:21,isNativeElement
FN:25,isInvalidBoolean
FN:46,isEventProp
FN:50,isValidProp
FN:70,isInvalidValue
FN:96,validateProps
FN:113,(anonymous_6)
FN:115,(anonymous_7)
FNF:8
FNH:5
FNDA:2278,isNativeElement
FNDA:78,isInvalidBoolean
FNDA:1687,isEventProp
FNDA:0,isValidProp
FNDA:346,isInvalidValue
FNDA:1310,validateProps
FNDA:0,(anonymous_6)
FNDA:0,(anonymous_7)
DA:18,59
DA:22,2278
DA:26,78
DA:27,19
DA:31,59
DA:32,17
DA:34,17
DA:35,17
DA:39,0
DA:42,42
DA:47,1687
DA:52,0
DA:54,0
DA:55,0
DA:57,0
DA:60,0
DA:63,0
DA:64,0
DA:67,0
DA:76,346
DA:77,5
DA:80,341
DA:81,0
DA:84,341
DA:85,0
DA:88,341
DA:89,24
DA:92,317
DA:97,1310
DA:98,0
DA:102,1310
DA:103,0
DA:107,1310
DA:108,0
DA:111,1310
DA:113,0
DA:115,0
DA:117,0
DA:118,0
LF:39
LH:21
BRDA:22,0,0,2278
BRDA:22,0,1,2278
BRDA:26,1,0,19
BRDA:26,1,1,59
BRDA:31,2,0,17
BRDA:31,2,1,42
BRDA:32,3,0,17
BRDA:32,3,1,17
BRDA:34,4,0,17
BRDA:34,4,1,0
BRDA:34,5,0,17
BRDA:34,5,1,0
BRDA:34,5,2,0
BRDA:52,6,0,0
BRDA:52,6,1,0
BRDA:54,7,0,0
BRDA:54,7,1,0
BRDA:63,8,0,0
BRDA:63,8,1,0
BRDA:63,9,0,0
BRDA:63,9,1,0
BRDA:76,10,0,5
BRDA:76,10,1,341
BRDA:76,11,0,346
BRDA:76,11,1,341
BRDA:80,12,0,0
BRDA:80,12,1,341
BRDA:84,13,0,0
BRDA:84,13,1,341
BRDA:84,14,0,341
BRDA:84,14,1,78
BRDA:88,15,0,24
BRDA:88,15,1,317
BRDA:88,16,0,341
BRDA:88,16,1,78
BRDA:97,17,0,0
BRDA:97,17,1,1310
BRDA:102,18,0,0
BRDA:102,18,1,1310
BRDA:107,19,0,0
BRDA:107,19,1,1310
BRDA:107,20,0,1310
BRDA:107,20,1,1310
BRDA:107,20,2,8
BRDA:111,21,0,0
BRDA:111,21,1,1310
BRDA:117,22,0,0
BRDA:117,22,1,0
BRF:48
BRH:29
end_of_record
TN:
SF:src/dom/valueHandler/InputValueHandler.ts
FN:19,getInitValue
FN:29,getInputPropsWithoutValue
FN:45,updateInputValue
FN:59,setInitInputValue
FNF:4
FNH:4
FNDA:137,getInitValue
FNDA:92,getInputPropsWithoutValue
FNDA:26,updateInputValue
FNDA:52,setInitInputValue
DA:20,137
DA:22,137
DA:23,137
DA:24,137
DA:26,137
DA:31,92
DA:32,92
DA:33,85
DA:36,92
DA:46,26
DA:48,26
DA:50,12
DA:51,12
DA:53,14
DA:54,3
DA:60,52
DA:61,52
DA:63,52
DA:65,22
DA:67,22
DA:69,22
DA:73,52
LF:22
LH:22
BRDA:22,0,0,14
BRDA:22,0,1,123
BRDA:22,1,0,137
BRDA:22,1,1,137
BRDA:23,2,0,52
BRDA:23,2,1,85
BRDA:23,3,0,137
BRDA:23,3,1,135
BRDA:24,4,0,2
BRDA:24,4,1,135
BRDA:24,5,0,137
BRDA:24,5,1,137
BRDA:32,6,0,85
BRDA:32,6,1,7
BRDA:48,7,0,12
BRDA:48,7,1,14
BRDA:50,8,0,12
BRDA:50,8,1,0
BRDA:53,9,0,3
BRDA:53,9,1,11
BRDA:63,10,0,22
BRDA:63,10,1,30
BRDA:63,11,0,52
BRDA:63,11,1,36
BRF:24
BRH:23
end_of_record
TN:
SF:src/dom/valueHandler/OptionValueHandler.ts
FN:20,concatChildren
FN:22,(anonymous_1)
FN:29,getOptionPropsWithoutValue
FNF:3
FNH:3
FNDA:78,concatChildren
FNDA:78,(anonymous_1)
FNDA:78,getOptionPropsWithoutValue
DA:21,78
DA:22,78
DA:23,78
DA:26,78
DA:30,78
DA:32,78
LF:6
LH:6
BRDA:34,0,0,78
BRDA:34,0,1,0
BRF:2
BRH:1
end_of_record
TN:
SF:src/dom/valueHandler/SelectValueHandler.ts
FN:18,updateMultipleValue
FN:21,(anonymous_1)
FN:37,updateSingleValue
FN:49,updateValue
FN:57,getSelectPropsWithoutValue
FN:64,updateSelectValue
FNF:6
FNH:6
FNDA:6,updateMultipleValue
FNDA:10,(anonymous_1)
FNDA:8,updateSingleValue
FNDA:14,updateValue
FNDA:27,getSelectPropsWithoutValue
FNDA:19,updateSelectValue
DA:19,6
DA:21,6
DA:22,10
DA:26,6
DA:27,18
DA:28,18
DA:30,18
DA:31,17
DA:38,8
DA:39,13
DA:41,13
DA:42,8
DA:43,8
DA:50,14
DA:51,6
DA:53,8
DA:58,27
DA:65,19
DA:67,19
DA:68,19
DA:69,19
DA:72,19
DA:73,6
DA:74,13
DA:77,2
DA:78,2
DA:81,0
DA:83,11
DA:85,6
LF:29
LH:28
BRDA:30,0,0,17
BRDA:30,0,1,1
BRDA:41,1,0,8
BRDA:41,1,1,5
BRDA:50,2,0,6
BRDA:50,2,1,8
BRDA:64,3,0,8
BRDA:67,4,0,8
BRDA:67,4,1,11
BRDA:72,5,0,6
BRDA:72,5,1,13
BRDA:72,6,0,19
BRDA:72,6,1,19
BRDA:74,7,0,2
BRDA:74,7,1,11
BRDA:77,8,0,2
BRDA:77,8,1,0
BRDA:77,9,0,2
BRDA:77,9,1,2
BRDA:81,10,0,0
BRDA:81,10,1,0
BRDA:83,11,0,6
BRDA:83,11,1,5
BRDA:83,12,0,11
BRDA:83,12,1,7
BRDA:83,12,2,7
BRF:26
BRH:23
end_of_record
TN:
SF:src/dom/valueHandler/TextareaValueHandler.ts
FN:19,getInitValue
FN:40,getTextareaPropsWithoutValue
FN:47,updateTextareaValue
FNF:3
FNH:3
FNDA:11,getInitValue
FNDA:27,getTextareaPropsWithoutValue
FNDA:19,updateTextareaValue
DA:20,11
DA:22,11
DA:23,8
DA:24,8
DA:27,8
DA:29,1
DA:33,8
DA:34,8
DA:36,3
DA:41,27
DA:48,19
DA:49,11
DA:50,11
DA:51,11
DA:55,8
DA:56,8
DA:57,5
DA:59,5
DA:60,5
LF:19
LH:19
BRDA:22,0,0,8
BRDA:22,0,1,3
BRDA:27,1,0,1
BRDA:27,1,1,7
BRDA:27,2,0,8
BRDA:27,2,1,8
BRDA:29,3,0,0
BRDA:29,3,1,1
BRDA:33,4,0,8
BRDA:33,4,1,0
BRDA:47,5,0,8
BRDA:48,6,0,11
BRDA:48,6,1,8
BRDA:50,7,0,11
BRDA:50,7,1,0
BRDA:56,8,0,5
BRDA:56,8,1,3
BRDA:56,9,0,8
BRDA:56,9,1,8
BRDA:59,10,0,5
BRDA:59,10,1,0
BRF:21
BRH:17
end_of_record
TN:
SF:src/dom/valueHandler/ValueChangeHandler.ts
FN:24,isCheckType
FN:38,watchValueChange
FN:55,(anonymous_2)
FN:62,(anonymous_3)
FN:65,(anonymous_4)
FN:73,updateInputHandlerIfChanged
FNF:6
FNH:6
FNDA:75,isCheckType
FNDA:63,watchValueChange
FNDA:53,(anonymous_2)
FNDA:12,(anonymous_3)
FNDA:11,(anonymous_4)
FNDA:12,updateInputHandlerIfChanged
DA:25,75
DA:26,75
DA:27,64
DA:30,11
DA:39,63
DA:41,63
DA:43,63
DA:45,63
DA:46,0
DA:50,63
DA:52,63
DA:53,63
DA:56,53
DA:57,53
DA:61,63
DA:63,12
DA:66,11
DA:74,12
DA:75,12
DA:76,0
DA:80,12
DA:81,6
DA:83,6
DA:86,12
DA:87,12
DA:88,11
DA:89,11
DA:92,1
LF:28
LH:26
BRDA:26,0,0,64
BRDA:26,0,1,11
BRDA:26,1,0,75
BRDA:26,1,1,75
BRDA:27,2,0,64
BRDA:27,2,1,59
BRDA:39,3,0,63
BRDA:39,3,1,0
BRDA:41,4,0,14
BRDA:41,4,1,49
BRDA:45,5,0,0
BRDA:45,5,1,63
BRDA:75,6,0,0
BRDA:75,6,1,12
BRDA:80,7,0,6
BRDA:80,7,1,6
BRDA:81,8,0,3
BRDA:81,8,1,3
BRDA:87,9,0,11
BRDA:87,9,1,1
BRF:20
BRH:17
end_of_record
TN:
SF:src/dom/valueHandler/index.ts
FN:28,getPropsWithoutValue
FN:44,setInitValue
FN:61,updateValue
FNF:3
FNH:3
FNDA:1968,getPropsWithoutValue
FNDA:652,setInitValue
FNDA:316,updateValue
DA:29,1968
DA:31,92
DA:33,78
DA:35,27
DA:37,27
DA:39,1744
DA:45,652
DA:47,52
DA:48,52
DA:50,11
DA:51,11
DA:53,11
DA:54,11
DA:56,578
DA:62,316
DA:64,20
DA:65,20
DA:67,8
DA:68,8
DA:70,8
DA:71,8
DA:73,280
LF:22
LH:22
BRDA:29,0,0,92
BRDA:29,0,1,78
BRDA:29,0,2,27
BRDA:29,0,3,27
BRDA:29,0,4,1744
BRDA:45,1,0,52
BRDA:45,1,1,11
BRDA:45,1,2,11
BRDA:45,1,3,578
BRDA:62,2,0,20
BRDA:62,2,1,8
BRDA:62,2,2,8
BRDA:62,2,3,280
BRF:13
BRH:13
end_of_record
TN:
SF:src/event/EventBinding.ts
FN:28,triggerDelegatedEvent
FN:44,listenToNativeEvent
FN:58,isCaptureEvent
FN:66,lazyDelegateOnRoot
FN:72,(anonymous_4)
FN:86,listenSimulatedDelegatedEvents
FN:93,listenPortalEvents
FN:100,getNativeEvtName
FN:114,getWrapperListener
FN:115,(anonymous_9)
FN:117,(anonymous_10)
FN:124,listenNonDelegatedEvent
FNF:12
FNH:12
FNDA:193,triggerDelegatedEvent
FNDA:808,listenToNativeEvent
FNDA:816,isCaptureEvent
FNDA:814,lazyDelegateOnRoot
FNDA:1426,(anonymous_4)
FNDA:283,listenSimulatedDelegatedEvents
FNDA:18,listenPortalEvents
FNDA:2,getNativeEvtName
FNDA:2,getWrapperListener
FNDA:4,(anonymous_9)
FNDA:4,(anonymous_10)
FNDA:2,listenNonDelegatedEvent
DA:35,193
DA:37,193
DA:38,193
DA:40,193
DA:45,808
DA:47,808
DA:48,0
DA:51,808
DA:52,808
DA:54,808
DA:59,816
DA:60,0
DA:62,816
DA:67,814
DA:69,814
DA:70,814
DA:72,814
DA:73,1426
DA:76,1426
DA:77,1426
DA:79,1426
DA:80,808
DA:87,283
DA:88,566
DA:94,18
DA:95,126
DA:102,2
DA:103,1
DA:105,1
DA:107,2
DA:108,0
DA:110,2
DA:115,2
DA:116,4
DA:117,4
DA:118,4
DA:125,2
DA:126,2
DA:129,2
DA:130,2
DA:131,2
DA:132,0
DA:133,0
DA:136,2
DA:137,0
DA:141,2
DA:143,2
DA:144,2
LF:48
LH:42
BRDA:37,0,0,193
BRDA:37,0,1,0
BRDA:47,1,0,0
BRDA:47,1,1,808
BRDA:47,2,0,808
BRDA:47,2,1,0
BRDA:59,3,0,0
BRDA:59,3,1,816
BRDA:59,4,0,816
BRDA:59,4,1,816
BRDA:73,5,0,11
BRDA:73,5,1,1415
BRDA:76,6,0,1426
BRDA:76,6,1,263
BRDA:79,7,0,808
BRDA:79,7,1,618
BRDA:102,8,0,1
BRDA:102,8,1,1
BRDA:107,9,0,0
BRDA:107,9,1,2
BRDA:131,10,0,0
BRDA:131,10,1,2
BRDA:136,11,0,0
BRDA:136,11,1,2
BRF:24
BRH:17
end_of_record
TN:
SF:src/event/EventHub.ts
FN:109,(anonymous_0)
FN:113,(anonymous_1)
FN:118,transformToInulaEvent
FNF:3
FNH:3
FNDA:2006,(anonymous_0)
FNDA:2301,(anonymous_1)
FNDA:192,transformToInulaEvent
DA:17,59
DA:24,59
DA:27,59
DA:29,59
DA:32,59
DA:70,59
DA:104,59
DA:105,59
DA:106,59
DA:107,59
DA:109,59
DA:110,2006
DA:111,2006
DA:113,2006
DA:114,2301
DA:119,192
DA:121,192
LF:17
LH:17
BRDA:121,0,0,3
BRDA:121,0,1,189
BRF:2
BRH:2
end_of_record
TN:
SF:src/event/EventWrapper.ts
FN:29,(anonymous_0)
FN:47,(anonymous_1)
FN:56,(anonymous_2)
FN:61,(anonymous_3)
FN:65,(anonymous_4)
FN:70,(anonymous_5)
FN:88,(anonymous_6)
FN:94,decorateNativeEvent
FNF:8
FNH:8
FNDA:2,(anonymous_0)
FNDA:200,(anonymous_1)
FNDA:232,(anonymous_2)
FNDA:1,(anonymous_3)
FNDA:6,(anonymous_4)
FNDA:4,(anonymous_5)
FNDA:8,(anonymous_6)
FNDA:202,decorateNativeEvent
DA:19,59
DA:29,59
DA:38,232
DA:46,232
DA:47,232
DA:49,232
DA:54,232
DA:57,232
DA:58,8755
DA:59,8755
DA:60,211
DA:61,211
DA:65,232
DA:66,6
DA:67,6
DA:70,232
DA:71,4
DA:72,4
DA:76,232
DA:77,232
DA:79,232
DA:81,232
DA:84,232
DA:85,232
DA:89,8
DA:99,202
LF:26
LH:26
BRDA:59,0,0,211
BRDA:59,0,1,8544
BRDA:84,1,0,232
BRDA:84,1,1,221
BRDA:85,2,0,232
BRDA:85,2,1,232
BRF:6
BRH:6
end_of_record
TN:
SF:src/event/FormValueController.ts
FN:27,recordChangeEventTargets
FN:36,shouldControlValue
FN:40,controlInputValue
FN:63,controlValue
FN:81,tryControlValue
FN:85,(anonymous_5)
FNF:6
FNH:6
FNDA:9,recordChangeEventTargets
FNDA:192,shouldControlValue
FNDA:9,controlInputValue
FNDA:9,controlValue
FNDA:9,tryControlValue
FNDA:9,(anonymous_5)
DA:24,59
DA:28,9
DA:29,0
DA:31,9
DA:37,192
DA:41,9
DA:44,9
DA:45,3
DA:46,3
DA:47,6
DA:48,6
DA:49,3
DA:51,3
DA:52,0
DA:55,3
DA:58,6
DA:64,9
DA:65,9
DA:66,9
DA:67,9
DA:69,9
DA:70,9
DA:72,0
DA:73,0
DA:75,0
DA:82,9
DA:83,0
DA:85,9
DA:86,9
DA:88,9
LF:30
LH:24
BRDA:28,0,0,0
BRDA:28,0,1,9
BRDA:37,1,0,192
BRDA:37,1,1,9
BRDA:44,2,0,3
BRDA:44,2,1,6
BRDA:44,3,0,9
BRDA:44,3,1,3
BRDA:48,4,0,3
BRDA:48,4,1,3
BRDA:51,5,0,0
BRDA:51,5,1,3
BRDA:51,6,0,3
BRDA:51,6,1,0
BRDA:51,6,2,0
BRDA:65,7,0,9
BRDA:65,7,1,0
BRDA:67,8,0,9
BRDA:67,8,1,0
BRDA:67,8,2,0
BRDA:82,9,0,0
BRDA:82,9,1,9
BRF:22
BRH:14
end_of_record
TN:
SF:src/event/InulaEventMain.ts
FN:45,shouldTriggerChangeEvent
FN:67,getChangeListeners
FN:90,getCommonListeners
FN:121,processListeners
FN:122,(anonymous_4)
FN:136,triggerInulaEvents
FN:172,handleEventMain
FN:196,(anonymous_7)
FNF:8
FNH:8
FNDA:146,shouldTriggerChangeEvent
FNDA:146,getChangeListeners
FNDA:192,getCommonListeners
FNDA:192,processListeners
FNDA:192,(anonymous_4)
FNDA:192,triggerInulaEvents
FNDA:193,handleEventMain
FNDA:192,(anonymous_7)
DA:37,59
DA:46,146
DA:47,146
DA:49,146
DA:50,0
DA:51,146
DA:52,9
DA:53,3
DA:55,137
DA:56,9
DA:57,6
DA:60,137
DA:73,146
DA:74,0
DA:76,146
DA:79,146
DA:80,9
DA:82,9
DA:83,9
DA:86,137
DA:97,192
DA:99,192
DA:100,3
DA:104,189
DA:105,0
DA:108,189
DA:109,2
DA:112,189
DA:113,2
DA:116,189
DA:117,189
DA:122,192
DA:123,192
DA:124,192
DA:125,4
DA:128,188
DA:129,188
DA:130,188
DA:131,188
DA:142,192
DA:145,192
DA:153,192
DA:154,192
DA:155,17
DA:158,192
DA:160,192
DA:161,146
DA:165,192
DA:169,59
DA:179,193
DA:180,193
DA:181,193
DA:182,193
DA:183,1
DA:188,192
DA:189,0
DA:190,0
DA:194,192
DA:195,192
DA:196,192
DA:198,192
DA:199,192
DA:200,9
DA:201,9
LF:64
LH:59
BRDA:49,0,0,0
BRDA:49,0,1,146
BRDA:49,1,0,146
BRDA:49,1,1,146
BRDA:49,1,2,18
BRDA:51,2,0,9
BRDA:51,2,1,137
BRDA:51,3,0,146
BRDA:51,3,1,18
BRDA:51,3,2,18
BRDA:52,4,0,3
BRDA:52,4,1,6
BRDA:55,5,0,9
BRDA:55,5,1,128
BRDA:56,6,0,6
BRDA:56,6,1,3
BRDA:56,7,0,9
BRDA:56,7,1,3
BRDA:73,8,0,0
BRDA:73,8,1,146
BRDA:79,9,0,9
BRDA:79,9,1,137
BRDA:99,10,0,3
BRDA:99,10,1,189
BRDA:104,11,0,0
BRDA:104,11,1,189
BRDA:104,12,0,189
BRDA:104,12,1,163
BRDA:104,12,2,134
BRDA:108,13,0,2
BRDA:108,13,1,187
BRDA:112,14,0,2
BRDA:112,14,1,187
BRDA:117,15,0,14
BRDA:117,15,1,175
BRDA:124,16,0,4
BRDA:124,16,1,188
BRDA:142,17,0,192
BRDA:142,17,1,0
BRDA:154,18,0,17
BRDA:154,18,1,175
BRDA:160,19,0,146
BRDA:160,19,1,46
BRDA:160,20,0,192
BRDA:160,20,1,178
BRDA:180,21,0,193
BRDA:180,21,1,0
BRDA:182,22,0,1
BRDA:182,22,1,192
BRDA:188,23,0,0
BRDA:188,23,1,192
BRDA:199,24,0,9
BRDA:199,24,1,183
BRF:53
BRH:47
end_of_record
TN:
SF:src/event/ListenerGetter.ts
FN:23,getListenerFromVNode
FN:41,getListenersFromTree
FN:91,getParent
FN:102,getCommonAncestor
FN:115,getMouseListenersFromTree
FN:144,collectMouseListeners
FNF:6
FNH:6
FNDA:412,getListenerFromVNode
FNDA:198,getListenersFromTree
FNDA:13,getParent
FNDA:6,getCommonAncestor
FNDA:19,getMouseListenersFromTree
FNDA:17,collectMouseListeners
DA:24,412
DA:25,412
DA:26,412
DA:30,412
DA:32,412
DA:33,412
DA:34,1
DA:36,411
DA:47,198
DA:48,0
DA:51,198
DA:53,198
DA:56,198
DA:57,853
DA:58,853
DA:59,383
DA:60,32
DA:61,32
DA:62,32
DA:63,20
DA:72,383
DA:73,363
DA:74,363
DA:75,164
DA:84,853
DA:87,198
DA:92,13
DA:93,0
DA:95,13
DA:96,32
DA:98,13
DA:103,6
DA:104,6
DA:105,6
DA:107,6
DA:108,10
DA:109,3
DA:112,3
DA:116,19
DA:117,19
DA:119,19
DA:120,19
DA:122,41
DA:123,6
DA:125,35
DA:126,35
DA:127,17
DA:128,17
DA:129,17
DA:130,8
DA:138,35
DA:140,19
DA:151,17
DA:152,17
DA:153,17
DA:155,10
DA:157,17
DA:158,17
DA:160,9
DA:162,17
LF:60
LH:58
BRDA:30,0,0,412
BRDA:30,0,1,319
BRDA:30,0,2,1
BRDA:33,1,0,1
BRDA:33,1,1,411
BRDA:47,2,0,0
BRDA:47,2,1,198
BRDA:58,3,0,383
BRDA:58,3,1,470
BRDA:58,4,0,853
BRDA:58,4,1,383
BRDA:59,5,0,32
BRDA:59,5,1,351
BRDA:59,6,0,383
BRDA:59,6,1,371
BRDA:62,7,0,20
BRDA:62,7,1,12
BRDA:72,8,0,363
BRDA:72,8,1,20
BRDA:72,9,0,383
BRDA:72,9,1,371
BRDA:74,10,0,164
BRDA:74,10,1,199
BRDA:92,11,0,0
BRDA:92,11,1,13
BRDA:97,12,0,32
BRDA:97,12,1,23
BRDA:98,13,0,13
BRDA:98,13,1,9
BRDA:108,14,0,3
BRDA:108,14,1,7
BRDA:122,15,0,6
BRDA:122,15,1,35
BRDA:126,16,0,17
BRDA:126,16,1,18
BRDA:126,17,0,35
BRDA:126,17,1,17
BRDA:129,18,0,8
BRDA:129,18,1,9
BRDA:151,19,0,6
BRDA:151,19,1,11
BRDA:151,20,0,17
BRDA:151,20,1,12
BRDA:153,21,0,10
BRDA:153,21,1,7
BRDA:153,22,0,17
BRDA:153,22,1,12
BRDA:158,23,0,9
BRDA:158,23,1,8
BRDA:158,24,0,17
BRDA:158,24,1,11
BRF:51
BRH:49
end_of_record
TN:
SF:src/event/MouseEvent.ts
FN:42,getWrapperEvents
FN:66,getEndpointVNode
FN:90,checkIsInulaNode
FN:97,getMouseEnterListeners
FNF:4
FNH:3
FNDA:17,getWrapperEvents
FNDA:17,getEndpointVNode
FNDA:0,checkIsInulaNode
FNDA:17,getMouseEnterListeners
DA:44,17
DA:47,17
DA:48,17
DA:49,17
DA:50,17
DA:51,17
DA:54,17
DA:55,15
DA:56,15
DA:57,15
DA:59,15
DA:60,15
DA:61,15
DA:63,17
DA:73,17
DA:74,5
DA:75,5
DA:77,12
DA:78,12
DA:79,12
DA:80,12
DA:81,6
DA:82,6
DA:83,0
DA:87,17
DA:91,0
DA:92,0
DA:94,0
DA:104,17
DA:107,5
DA:108,5
DA:109,0
DA:114,17
DA:115,17
DA:116,0
DA:120,17
DA:123,17
LF:37
LH:31
BRDA:44,0,0,0
BRDA:44,0,1,17
BRDA:47,1,0,17
BRDA:47,1,1,5
BRDA:48,2,0,17
BRDA:48,2,1,6
BRDA:54,3,0,15
BRDA:54,3,1,2
BRDA:73,4,0,5
BRDA:73,4,1,12
BRDA:77,5,0,12
BRDA:77,5,1,4
BRDA:79,6,0,8
BRDA:79,6,1,4
BRDA:80,7,0,6
BRDA:80,7,1,6
BRDA:82,8,0,0
BRDA:82,8,1,6
BRDA:82,9,0,6
BRDA:82,9,1,6
BRDA:82,9,2,0
BRDA:91,10,0,0
BRDA:91,10,1,0
BRDA:91,11,0,0
BRDA:91,11,1,0
BRDA:104,12,0,5
BRDA:104,12,1,12
BRDA:107,13,0,5
BRDA:107,13,1,5
BRDA:108,14,0,0
BRDA:108,14,1,5
BRDA:108,15,0,5
BRDA:108,15,1,0
BRDA:115,16,0,0
BRDA:115,16,1,17
BRF:35
BRH:25
end_of_record
TN:
SF:src/event/utils.ts
FN:20,isInputElement
FN:24,setPropertyWritable
FN:32,getNearestMountedVNode
FNF:3
FNH:3
FNDA:137,isInputElement
FNDA:188,setPropertyWritable
FNDA:6,getNearestMountedVNode
DA:21,137
DA:25,188
DA:26,188
DA:27,0
DA:33,6
DA:34,6
DA:36,6
DA:38,17
DA:39,0
DA:41,17
DA:44,6
DA:45,6
DA:48,0
LF:13
LH:10
BRDA:21,0,0,137
BRDA:21,0,1,128
BRDA:26,1,0,0
BRDA:26,1,1,188
BRDA:26,2,0,188
BRDA:26,2,1,188
BRDA:38,3,0,0
BRDA:38,3,1,17
BRDA:44,4,0,6
BRDA:44,4,1,0
BRF:10
BRH:7
end_of_record
TN:
SF:src/external/ChildrenUtil.ts
FN:26,getItemKey
FN:34,processArrayChildren
FN:42,callMapFun
FN:46,(anonymous_3)
FN:68,mapChildrenToArray
FN:99,mapChildren
FN:105,(anonymous_6)
FN:110,(anonymous_7)
FN:116,(anonymous_8)
FN:118,(anonymous_9)
FN:123,(anonymous_10)
FN:127,(anonymous_11)
FN:129,(anonymous_12)
FNF:13
FNH:5
FNDA:0,getItemKey
FNDA:0,processArrayChildren
FNDA:78,callMapFun
FNDA:0,(anonymous_3)
FNDA:78,mapChildrenToArray
FNDA:78,mapChildren
FNDA:78,(anonymous_6)
FNDA:78,(anonymous_7)
FNDA:0,(anonymous_8)
FNDA:0,(anonymous_9)
FNDA:0,(anonymous_10)
FNDA:0,(anonymous_11)
FNDA:0,(anonymous_12)
DA:27,0
DA:28,0
DA:31,0
DA:35,0
DA:36,0
DA:37,0
DA:38,0
DA:43,78
DA:44,78
DA:46,0
DA:47,78
DA:49,0
DA:50,0
DA:51,0
DA:53,0
DA:55,0
DA:64,0
DA:69,78
DA:70,78
DA:74,0
DA:75,0
DA:78,78
DA:79,78
DA:81,0
DA:82,0
DA:83,0
DA:85,0
DA:86,0
DA:87,0
DA:89,0
DA:90,0
DA:91,0
DA:93,0
DA:100,78
DA:101,0
DA:103,78
DA:104,78
DA:105,78
DA:106,78
DA:109,59
DA:112,78
DA:117,0
DA:118,0
DA:119,0
DA:121,0
DA:124,0
DA:125,0
DA:128,0
DA:129,0
DA:130,0
LF:50
LH:14
BRDA:27,0,0,0
BRDA:27,0,1,0
BRDA:27,1,0,0
BRDA:27,1,1,0
BRDA:27,1,2,0
BRDA:27,1,3,0
BRDA:44,2,0,0
BRDA:44,2,1,78
BRDA:47,3,0,0
BRDA:47,3,1,78
BRDA:47,4,0,78
BRDA:47,4,1,78
BRDA:49,5,0,0
BRDA:49,5,1,0
BRDA:50,6,0,0
BRDA:50,6,1,0
BRDA:53,7,0,0
BRDA:53,7,1,0
BRDA:53,8,0,0
BRDA:53,8,1,0
BRDA:70,9,0,0
BRDA:70,9,1,0
BRDA:70,9,2,0
BRDA:70,9,3,78
BRDA:70,9,4,0
BRDA:81,10,0,0
BRDA:81,10,1,0
BRDA:85,11,0,0
BRDA:85,11,1,0
BRDA:85,12,0,0
BRDA:85,12,1,0
BRDA:89,13,0,0
BRDA:89,13,1,0
BRDA:100,14,0,0
BRDA:100,14,1,78
BRDA:100,15,0,78
BRDA:100,15,1,78
BRF:37
BRH:8
end_of_record
TN:
SF:src/external/InulaIs.ts
FN:28,isObject
FN:32,isBuiltinTag
FN:36,isBuiltinComponent
FN:47,getType
FN:68,isElement
FN:72,isFragment
FN:76,isForwardRef
FN:80,isLazy
FN:84,isMemo
FN:88,isPortal
FN:92,isContextProvider
FN:97,isContextConsumer
FN:101,isValidElementType
FNF:13
FNH:12
FNDA:21,isObject
FNDA:9,isBuiltinTag
FNDA:8,isBuiltinComponent
FNDA:9,getType
FNDA:12,isElement
FNDA:1,isFragment
FNDA:1,isForwardRef
FNDA:1,isLazy
FNDA:1,isMemo
FNDA:1,isPortal
FNDA:2,isContextProvider
FNDA:2,isContextConsumer
FNDA:0,isValidElementType
DA:29,21
DA:33,9
DA:37,8
DA:48,9
DA:49,9
DA:50,9
DA:51,1
DA:54,8
DA:55,8
DA:56,7
DA:59,1
DA:60,1
DA:61,1
DA:65,0
DA:69,12
DA:73,1
DA:77,1
DA:81,1
DA:85,1
DA:89,1
DA:93,2
DA:98,2
DA:102,0
DA:103,0
DA:106,0
DA:107,0
DA:108,0
DA:112,0
LF:28
LH:21
BRDA:48,0,0,9
BRDA:48,0,1,0
BRDA:50,1,0,1
BRDA:50,1,1,8
BRDA:55,2,0,7
BRDA:55,2,1,1
BRDA:60,3,0,1
BRDA:60,3,1,0
BRDA:69,4,0,12
BRDA:69,4,1,6
BRDA:102,5,0,0
BRDA:102,5,1,0
BRDA:102,6,0,0
BRDA:102,6,1,0
BRDA:102,6,2,0
BRDA:106,7,0,0
BRDA:106,7,1,0
BRDA:107,8,0,0
BRDA:107,8,1,0
BRF:19
BRH:8
end_of_record
TN:
SF:src/external/JSXElement.ts
FN:29,JSXElement
FN:65,mergeDefault
FN:66,(anonymous_2)
FN:76,buildElement
FN:113,createElement
FN:117,cloneElement
FN:122,isValidElement
FN:127,jsx
FNF:8
FNH:3
FNDA:2279,JSXElement
FNDA:0,mergeDefault
FNDA:0,(anonymous_2)
FNDA:2279,buildElement
FNDA:2279,createElement
FNDA:0,cloneElement
FNDA:0,isValidElement
FNDA:0,jsx
DA:30,2279
DA:45,2279
DA:46,0
DA:52,2279
DA:54,0
DA:62,2279
DA:66,0
DA:67,0
DA:68,0
DA:74,59
DA:78,2279
DA:79,2279
DA:80,2279
DA:81,2279
DA:83,2279
DA:84,1440
DA:85,2089
DA:86,2015
DA:89,1440
DA:90,0
DA:94,2279
DA:95,1389
DA:97,2279
DA:99,2279
DA:100,0
DA:102,2279
DA:103,2279
DA:104,0
DA:109,2279
DA:114,2279
DA:118,0
DA:123,0
DA:128,0
DA:129,0
DA:132,0
LF:35
LH:22
BRDA:45,0,0,0
BRDA:45,0,1,2279
BRDA:52,1,0,0
BRDA:52,1,1,2279
BRDA:67,2,0,0
BRDA:67,2,1,0
BRDA:78,3,0,27
BRDA:78,3,1,2252
BRDA:78,4,0,2279
BRDA:78,4,1,1440
BRDA:78,5,0,0
BRDA:78,5,1,2252
BRDA:79,6,0,47
BRDA:79,6,1,2232
BRDA:79,7,0,2279
BRDA:79,7,1,1440
BRDA:79,8,0,0
BRDA:79,8,1,2232
BRDA:80,9,0,0
BRDA:80,9,1,2279
BRDA:81,10,0,0
BRDA:81,10,1,2279
BRDA:83,11,0,1440
BRDA:83,11,1,839
BRDA:83,12,0,2279
BRDA:83,12,1,1441
BRDA:85,13,0,2015
BRDA:85,13,1,74
BRDA:89,14,0,0
BRDA:89,14,1,1440
BRDA:89,15,0,1440
BRDA:89,15,1,47
BRDA:94,16,0,1389
BRDA:94,16,1,890
BRDA:95,17,0,1156
BRDA:95,17,1,233
BRDA:97,18,0,0
BRDA:97,18,1,2279
BRDA:99,19,0,0
BRDA:99,19,1,2279
BRDA:99,20,0,2279
BRDA:99,20,1,2275
BRDA:103,21,0,0
BRDA:103,21,1,2279
BRDA:123,22,0,0
BRDA:123,22,1,0
BRDA:128,23,0,0
BRDA:128,23,1,0
BRDA:128,24,0,0
BRDA:128,24,1,0
BRF:50
BRH:32
end_of_record
TN:
SF:src/external/JSXElementType.ts
FNF:0
FNH:0
DA:18,59
DA:19,59
DA:20,59
DA:21,59
DA:22,59
DA:23,59
DA:24,59
DA:25,59
DA:26,59
DA:27,59
DA:28,59
LF:11
LH:11
BRF:0
BRH:0
end_of_record
TN:
SF:src/external/TestUtil.ts
FN:28,callRenderQueue
FN:40,act
FN:49,(anonymous_2)
FN:51,(anonymous_3)
FN:54,(anonymous_4)
FN:63,(anonymous_5)
FN:71,(anonymous_6)
FNF:7
FNH:2
FNDA:179,callRenderQueue
FNDA:179,act
FNDA:0,(anonymous_2)
FNDA:0,(anonymous_3)
FNDA:0,(anonymous_4)
FNDA:0,(anonymous_5)
FNDA:0,(anonymous_6)
DA:26,55
DA:27,55
DA:29,179
DA:31,179
DA:32,67
DA:33,67
DA:35,67
DA:41,179
DA:43,179
DA:46,179
DA:48,0
DA:50,0
DA:52,0
DA:54,0
DA:55,0
DA:56,0
DA:59,0
DA:60,0
DA:64,0
DA:70,179
DA:72,0
LF:21
LH:11
BRDA:31,0,0,246
BRDA:31,0,1,67
BRDA:46,1,0,0
BRDA:46,1,1,179
BRDA:52,2,0,0
BRDA:52,2,1,0
BRF:6
BRH:3
end_of_record
TN:
SF:src/external/devtools.ts
FN:25,(anonymous_0)
FN:26,(anonymous_1)
FN:27,(anonymous_2)
FN:28,(anonymous_3)
FN:41,(anonymous_4)
FN:45,(anonymous_5)
FN:68,(anonymous_6)
FN:72,(anonymous_7)
FN:76,(anonymous_8)
FN:89,(anonymous_9)
FN:100,(anonymous_10)
FN:110,(anonymous_11)
FN:125,(anonymous_12)
FN:130,injectUpdater
FNF:14
FNH:1
FNDA:0,(anonymous_0)
FNDA:0,(anonymous_1)
FNDA:0,(anonymous_2)
FNDA:0,(anonymous_3)
FNDA:0,(anonymous_4)
FNDA:0,(anonymous_5)
FNDA:0,(anonymous_6)
FNDA:0,(anonymous_7)
FNDA:0,(anonymous_8)
FNDA:0,(anonymous_9)
FNDA:0,(anonymous_10)
FNDA:0,(anonymous_11)
FNDA:0,(anonymous_12)
FNDA:59,injectUpdater
DA:25,59
DA:26,59
DA:27,59
DA:28,59
DA:30,59
DA:40,59
DA:42,0
DA:46,0
DA:47,0
DA:48,0
DA:49,0
DA:50,0
DA:51,0
DA:53,0
DA:54,0
DA:55,0
DA:57,0
DA:60,0
DA:61,0
DA:62,0
DA:63,0
DA:64,0
DA:66,0
DA:69,0
DA:70,0
DA:73,0
DA:74,0
DA:77,0
DA:78,0
DA:79,0
DA:80,0
DA:82,0
DA:83,0
DA:86,0
DA:90,0
DA:91,0
DA:92,0
DA:93,0
DA:95,0
DA:96,0
DA:98,0
DA:99,0
DA:100,0
DA:101,0
DA:102,0
DA:103,0
DA:106,0
DA:108,0
DA:111,0
DA:113,0
DA:114,0
DA:115,0
DA:117,0
DA:123,0
DA:126,0
DA:131,59
DA:132,59
DA:133,0
DA:137,59
LF:59
LH:9
BRDA:41,0,0,0
BRDA:47,1,0,0
BRDA:47,1,1,0
BRDA:48,2,0,0
BRDA:48,2,1,0
BRDA:50,3,0,0
BRDA:50,3,1,0
BRDA:53,4,0,0
BRDA:53,4,1,0
BRDA:55,5,0,0
BRDA:55,5,1,0
BRDA:57,6,0,0
BRDA:57,6,1,0
BRDA:57,7,0,0
BRDA:57,7,1,0
BRDA:61,8,0,0
BRDA:61,8,1,0
BRDA:63,9,0,0
BRDA:63,9,1,0
BRDA:78,10,0,0
BRDA:78,10,1,0
BRDA:82,11,0,0
BRDA:82,11,1,0
BRDA:82,12,0,0
BRDA:82,12,1,0
BRDA:92,13,0,0
BRDA:92,13,1,0
BRDA:92,14,0,0
BRDA:92,14,1,0
BRDA:95,15,0,0
BRDA:95,15,1,0
BRDA:95,16,0,0
BRDA:95,16,1,0
BRDA:98,17,0,0
BRDA:98,17,1,0
BRDA:98,18,0,0
BRDA:98,18,1,0
BRDA:102,19,0,0
BRDA:102,19,1,0
BRDA:102,20,0,0
BRDA:102,20,1,0
BRDA:111,21,0,0
BRDA:111,21,1,0
BRDA:132,22,0,0
BRDA:132,22,1,59
BRF:45
BRH:1
end_of_record
TN:
SF:src/inulax/CommonUtils.ts
FN:16,isObject
FN:21,isSet
FN:28,isWeakSet
FN:35,isMap
FN:42,isWeakMap
FN:49,isArray
FN:53,isCollection
FN:57,isString
FN:62,isValidIntegerKey
FN:66,isPromise
FN:70,isSame
FN:117,getDetailedType
FN:129,resolveMutation
FN:161,(anonymous_13)
FN:170,(anonymous_14)
FN:174,(anonymous_15)
FN:177,(anonymous_16)
FN:203,omit
FN:205,(anonymous_18)
FNF:19
FNH:17
FNDA:6749,isObject
FNDA:4001,isSet
FNDA:3999,isWeakSet
FNDA:3987,isMap
FNDA:4001,isWeakMap
FNDA:4812,isArray
FNDA:121,isCollection
FNDA:453,isString
FNDA:453,isValidIntegerKey
FNDA:4666,isPromise
FNDA:383,isSame
FNDA:5166,getDetailedType
FNDA:1870,resolveMutation
FNDA:159,(anonymous_13)
FNDA:117,(anonymous_14)
FNDA:825,(anonymous_15)
FNDA:825,(anonymous_16)
FNDA:0,omit
FNDA:0,(anonymous_18)
DA:17,6749
DA:18,6749
DA:22,4001
DA:29,3999
DA:36,3987
DA:43,4001
DA:50,4812
DA:54,121
DA:58,453
DA:63,453
DA:67,4666
DA:72,383
DA:73,38
DA:76,345
DA:77,94
DA:81,251
DA:82,2
DA:85,249
DA:86,165
DA:89,84
DA:90,18
DA:91,15
DA:93,3
DA:94,5
DA:95,1
DA:98,2
DA:101,66
DA:102,66
DA:103,66
DA:104,66
DA:105,0
DA:107,66
DA:108,50
DA:109,39
DA:112,27
DA:114,0
DA:118,5166
DA:119,5100
DA:120,4662
DA:121,4662
DA:122,3888
DA:123,3877
DA:124,3856
DA:125,3851
DA:126,3848
DA:130,1870
DA:131,444
DA:134,1426
DA:136,208
DA:137,208
DA:138,208
DA:139,208
DA:140,525
DA:141,160
DA:142,160
DA:143,365
DA:144,58
DA:145,58
DA:147,307
DA:148,307
DA:153,208
DA:157,465
DA:158,132
DA:159,87
DA:160,87
DA:161,159
DA:168,45
DA:169,45
DA:170,117
DA:174,825
DA:175,333
DA:176,333
DA:177,333
DA:178,825
DA:179,0
DA:180,0
DA:181,0
DA:184,825
DA:185,1
DA:186,1
DA:187,1
DA:189,824
DA:190,824
DA:192,333
DA:196,753
DA:198,3
DA:204,0
DA:205,0
DA:206,0
LF:89
LH:81
BRDA:18,0,0,6749
BRDA:18,0,1,0
BRDA:18,0,2,6749
BRDA:18,0,3,3605
BRDA:23,1,0,4001
BRDA:23,1,1,0
BRDA:23,1,2,4001
BRDA:23,1,3,3980
BRDA:30,2,0,3999
BRDA:30,2,1,0
BRDA:30,2,2,3999
BRDA:30,2,3,3990
BRDA:37,3,0,3987
BRDA:37,3,1,0
BRDA:37,3,2,3987
BRDA:37,3,3,3949
BRDA:44,4,0,4001
BRDA:44,4,1,0
BRDA:44,4,2,4001
BRDA:44,4,3,3984
BRDA:54,5,0,121
BRDA:54,5,1,112
BRDA:54,5,2,110
BRDA:54,5,3,93
BRDA:63,6,0,453
BRDA:63,6,1,453
BRDA:63,6,2,453
BRDA:63,6,3,453
BRDA:67,7,0,4666
BRDA:67,7,1,2489
BRDA:72,8,0,38
BRDA:72,8,1,345
BRDA:76,9,0,94
BRDA:76,9,1,251
BRDA:81,10,0,2
BRDA:81,10,1,249
BRDA:81,11,0,251
BRDA:81,11,1,251
BRDA:85,12,0,165
BRDA:85,12,1,84
BRDA:89,13,0,18
BRDA:89,13,1,66
BRDA:89,14,0,84
BRDA:89,14,1,18
BRDA:90,15,0,15
BRDA:90,15,1,3
BRDA:94,16,0,1
BRDA:94,16,1,4
BRDA:101,17,0,66
BRDA:101,17,1,0
BRDA:101,18,0,66
BRDA:101,18,1,66
BRDA:104,19,0,0
BRDA:104,19,1,66
BRDA:108,20,0,39
BRDA:108,20,1,11
BRDA:118,21,0,66
BRDA:118,21,1,5100
BRDA:119,22,0,438
BRDA:119,22,1,4662
BRDA:120,23,0,0
BRDA:120,23,1,4662
BRDA:121,24,0,774
BRDA:121,24,1,3888
BRDA:122,25,0,11
BRDA:122,25,1,3877
BRDA:123,26,0,21
BRDA:123,26,1,3856
BRDA:124,27,0,5
BRDA:124,27,1,3851
BRDA:125,28,0,3
BRDA:125,28,1,3848
BRDA:130,29,0,444
BRDA:130,29,1,1426
BRDA:134,30,0,208
BRDA:134,30,1,465
BRDA:134,30,2,753
BRDA:140,31,0,160
BRDA:140,31,1,365
BRDA:143,32,0,58
BRDA:143,32,1,307
BRDA:148,33,0,1
BRDA:148,33,1,306
BRDA:157,34,0,132
BRDA:157,34,1,333
BRDA:157,35,0,465
BRDA:157,35,1,132
BRDA:158,36,0,87
BRDA:158,36,1,45
BRDA:168,37,0,45
BRDA:168,37,1,0
BRDA:178,38,0,0
BRDA:178,38,1,825
BRDA:184,39,0,1
BRDA:184,39,1,824
BRDA:190,40,0,233
BRDA:190,40,1,591
BRDA:196,41,0,750
BRDA:196,41,1,3
BRF:99
BRH:89
end_of_record
TN:
SF:src/inulax/Constants.ts
FNF:0
FNH:0
DA:16,59
DA:18,59
LF:2
LH:2
BRDA:16,0,0,59
BRDA:16,0,1,0
BRF:2
BRH:1
end_of_record
TN:
SF:src/inulax/adapters/redux.ts
FN:59,mergeData
FN:67,(anonymous_1)
FN:76,(anonymous_2)
FN:82,(anonymous_3)
FN:93,createStore
FN:102,(anonymous_5)
FN:124,(anonymous_6)
FN:127,(anonymous_7)
FN:130,(anonymous_8)
FN:134,(anonymous_9)
FN:152,combineReducers
FN:153,(anonymous_11)
FN:156,(anonymous_12)
FN:163,applyMiddlewares
FN:164,(anonymous_14)
FN:169,(anonymous_15)
FN:177,applyMiddleware
FN:178,(anonymous_17)
FN:189,bindActionCreators
FN:191,(anonymous_19)
FN:192,(anonymous_20)
FN:200,compose
FN:201,(anonymous_22)
FN:203,(anonymous_23)
FN:215,batch
FNF:25
FNH:18
FNDA:0,mergeData
FNDA:0,(anonymous_1)
FNDA:0,(anonymous_2)
FNDA:0,(anonymous_3)
FNDA:19,createStore
FNDA:55,(anonymous_5)
FNDA:49,(anonymous_6)
FNDA:6,(anonymous_7)
FNDA:1,(anonymous_8)
FNDA:1,(anonymous_9)
FNDA:1,combineReducers
FNDA:3,(anonymous_11)
FNDA:6,(anonymous_12)
FNDA:3,applyMiddlewares
FNDA:3,(anonymous_14)
FNDA:4,(anonymous_15)
FNDA:3,applyMiddleware
FNDA:3,(anonymous_17)
FNDA:1,bindActionCreators
FNDA:1,(anonymous_19)
FNDA:1,(anonymous_20)
FNDA:0,compose
FNDA:0,(anonymous_22)
FNDA:0,(anonymous_23)
FNDA:1,batch
DA:60,0
DA:61,0
DA:62,0
DA:65,0
DA:66,0
DA:67,0
DA:68,0
DA:69,0
DA:72,0
DA:75,0
DA:76,0
DA:77,0
DA:78,0
DA:82,0
DA:83,0
DA:84,0
DA:87,0
DA:90,0
DA:94,19
DA:95,0
DA:96,0
DA:98,19
DA:104,55
DA:105,42
DA:107,13
DA:110,55
DA:111,0
DA:113,55
DA:114,55
DA:122,19
DA:125,49
DA:128,6
DA:130,6
DA:131,1
DA:135,1
DA:141,19
DA:143,19
DA:145,19
DA:146,3
DA:149,16
DA:153,1
DA:154,3
DA:155,3
DA:156,3
DA:157,6
DA:159,3
DA:164,3
DA:165,3
DA:166,3
DA:167,3
DA:168,3
DA:169,3
DA:170,4
DA:172,3
DA:173,3
DA:178,3
DA:179,3
DA:190,1
DA:191,1
DA:192,1
DA:193,1
DA:197,1
DA:201,0
DA:203,0
DA:204,0
DA:205,0
DA:206,0
DA:208,0
DA:210,0
DA:216,1
LF:70
LH:42
BRDA:60,0,0,0
BRDA:60,0,1,0
BRDA:65,1,0,0
BRDA:65,1,1,0
BRDA:65,2,0,0
BRDA:65,2,1,0
BRDA:68,3,0,0
BRDA:68,3,1,0
BRDA:75,4,0,0
BRDA:75,4,1,0
BRDA:75,5,0,0
BRDA:75,5,1,0
BRDA:77,6,0,0
BRDA:77,6,1,0
BRDA:83,7,0,0
BRDA:83,7,1,0
BRDA:94,8,0,0
BRDA:94,8,1,19
BRDA:94,9,0,19
BRDA:94,9,1,0
BRDA:104,10,0,42
BRDA:104,10,1,13
BRDA:104,11,0,55
BRDA:104,11,1,44
BRDA:110,12,0,0
BRDA:110,12,1,55
BRDA:145,13,0,3
BRDA:145,13,1,16
BRDA:154,14,0,3
BRDA:154,14,1,1
BRDA:204,15,0,0
BRDA:204,15,1,0
BRF:32
BRH:11
end_of_record
TN:
SF:src/inulax/adapters/reduxReact.ts
FN:25,Provider
FN:38,createStoreHook
FN:39,(anonymous_2)
FN:44,createSelectorHook
FN:46,useSelector
FN:46,(anonymous_5)
FN:47,(anonymous_6)
FN:49,(anonymous_7)
FN:50,(anonymous_8)
FN:53,(anonymous_9)
FN:60,createDispatchHook
FN:62,useDispatch
FN:67,(anonymous_12)
FN:71,(anonymous_13)
FN:75,(anonymous_14)
FN:98,connect
FN:99,(anonymous_16)
FN:100,(anonymous_17)
FN:101,(anonymous_18)
FN:109,(anonymous_19)
FN:113,(anonymous_20)
FN:115,(anonymous_21)
FN:117,(anonymous_22)
FN:118,(anonymous_23)
FN:121,(anonymous_24)
FN:144,(anonymous_25)
FN:145,(anonymous_26)
FN:157,(anonymous_27)
FN:168,(anonymous_28)
FNF:29
FNH:20
FNDA:8,Provider
FNDA:20,createStoreHook
FNDA:23,(anonymous_2)
FNDA:8,createSelectorHook
FNDA:8,useSelector
FNDA:4,(anonymous_5)
FNDA:4,(anonymous_6)
FNDA:4,(anonymous_7)
FNDA:14,(anonymous_8)
FNDA:0,(anonymous_9)
FNDA:9,createDispatchHook
FNDA:9,useDispatch
FNDA:4,(anonymous_12)
FNDA:5,(anonymous_13)
FNDA:2,(anonymous_14)
FNDA:1,connect
FNDA:0,(anonymous_16)
FNDA:0,(anonymous_17)
FNDA:0,(anonymous_18)
FNDA:1,(anonymous_19)
FNDA:4,(anonymous_20)
FNDA:1,(anonymous_21)
FNDA:1,(anonymous_22)
FNDA:2,(anonymous_23)
FNDA:0,(anonymous_24)
FNDA:0,(anonymous_25)
FNDA:0,(anonymous_26)
FNDA:0,(anonymous_27)
FNDA:0,(anonymous_28)
DA:22,57
DA:34,8
DA:35,8
DA:39,20
DA:40,23
DA:45,8
DA:46,8
DA:47,8
DA:49,8
DA:50,4
DA:51,14
DA:53,4
DA:56,8
DA:61,9
DA:62,9
DA:63,9
DA:67,57
DA:68,4
DA:71,57
DA:72,5
DA:75,57
DA:76,2
DA:99,0
DA:100,0
DA:105,0
DA:109,1
DA:110,1
DA:113,1
DA:114,4
DA:115,4
DA:117,4
DA:118,1
DA:119,2
DA:121,1
DA:124,4
DA:130,4
DA:131,0
DA:132,0
DA:134,0
DA:135,0
DA:138,4
DA:139,4
DA:141,4
DA:142,4
DA:143,4
DA:144,0
DA:145,0
DA:146,0
DA:147,0
DA:151,4
DA:154,4
DA:155,4
DA:158,0
DA:162,4
DA:164,4
DA:167,1
DA:168,0
DA:169,0
DA:171,0
DA:174,1
LF:60
LH:45
BRDA:27,0,0,6
BRDA:46,1,0,4
BRDA:99,2,0,0
BRDA:100,3,0,0
BRDA:101,4,0,0
BRDA:106,5,0,0
BRDA:110,6,0,1
BRDA:110,6,1,1
BRDA:130,7,0,0
BRDA:130,7,1,4
BRDA:131,8,0,0
BRDA:131,8,1,0
BRDA:134,9,0,0
BRDA:134,9,1,0
BRDA:138,10,0,4
BRDA:138,10,1,0
BRDA:142,11,0,4
BRDA:142,11,1,0
BRDA:143,12,0,0
BRDA:143,12,1,4
BRDA:156,13,0,4
BRDA:156,13,1,0
BRDA:167,14,0,0
BRDA:167,14,1,1
BRF:24
BRH:10
end_of_record
TN:
SF:src/inulax/adapters/reduxThunk.ts
FN:18,createThunkMiddleware
FN:19,(anonymous_1)
FN:20,(anonymous_2)
FN:21,(anonymous_3)
FNF:4
FNH:4
FNDA:57,createThunkMiddleware
FNDA:1,(anonymous_1)
FNDA:1,(anonymous_2)
FNDA:15,(anonymous_3)
DA:19,57
DA:20,1
DA:21,1
DA:28,15
DA:29,10
DA:33,5
DA:37,57
DA:39,57
LF:8
LH:8
BRDA:28,0,0,10
BRDA:28,0,1,5
BRF:2
BRH:2
end_of_record
TN:
SF:src/inulax/devtools/constants.ts
FNF:0
FNH:0
DA:16,59
DA:17,59
DA:18,59
DA:19,59
DA:20,59
DA:21,59
DA:22,59
DA:23,59
DA:24,59
DA:25,59
LF:10
LH:10
BRF:0
BRH:0
end_of_record
TN:
SF:src/inulax/devtools/index.ts
FN:24,isPanelActive
FN:29,getType
FN:43,makeProxySnapshot
FN:82,(anonymous_3)
FN:92,(anonymous_4)
FN:97,(anonymous_5)
FN:99,(anonymous_6)
FN:104,(anonymous_7)
FN:106,(anonymous_8)
FN:117,makeStoreSnapshot
FN:119,(anonymous_10)
FN:133,(anonymous_11)
FN:141,(anonymous_12)
FN:157,getAffectedComponents
FN:161,(anonymous_14)
FN:174,(anonymous_15)
FN:177,(anonymous_16)
FN:192,(anonymous_17)
FN:195,(anonymous_18)
FNF:19
FNH:3
FNDA:1473,isPanelActive
FNDA:0,getType
FNDA:0,makeProxySnapshot
FNDA:0,(anonymous_3)
FNDA:0,(anonymous_4)
FNDA:0,(anonymous_5)
FNDA:0,(anonymous_6)
FNDA:0,(anonymous_7)
FNDA:0,(anonymous_8)
FNDA:0,makeStoreSnapshot
FNDA:0,(anonymous_10)
FNDA:145,(anonymous_11)
FNDA:678,(anonymous_12)
FNDA:0,getAffectedComponents
FNDA:0,(anonymous_14)
FNDA:0,(anonymous_15)
FNDA:0,(anonymous_16)
FNDA:0,(anonymous_17)
FNDA:0,(anonymous_18)
DA:21,59
DA:25,1473
DA:30,0
DA:31,0
DA:32,0
DA:33,0
DA:34,0
DA:35,0
DA:36,0
DA:37,0
DA:38,0
DA:39,0
DA:40,0
DA:44,0
DA:47,0
DA:49,0
DA:50,0
DA:53,0
DA:55,0
DA:56,0
DA:59,0
DA:60,0
DA:67,0
DA:68,0
DA:73,0
DA:74,0
DA:79,0
DA:80,0
DA:82,0
DA:89,0
DA:90,0
DA:92,0
DA:96,0
DA:97,0
DA:98,0
DA:99,0
DA:100,0
DA:103,0
DA:104,0
DA:105,0
DA:106,0
DA:107,0
DA:110,0
DA:112,0
DA:118,0
DA:119,0
DA:120,0
DA:122,0
DA:123,0
DA:128,0
DA:131,59
DA:134,145
DA:135,145
DA:137,0
DA:138,0
DA:142,678
DA:143,678
DA:145,0
DA:158,0
DA:159,0
DA:160,0
DA:161,0
DA:162,0
DA:163,0
DA:164,0
DA:166,0
DA:167,0
DA:168,0
DA:169,0
DA:170,0
DA:171,0
DA:173,0
DA:174,0
DA:177,0
DA:178,0
DA:188,0
DA:192,59
DA:193,0
DA:195,0
DA:196,0
DA:208,0
DA:209,0
DA:210,0
DA:211,0
DA:213,0
DA:214,0
DA:215,0
DA:219,0
DA:220,0
DA:221,0
DA:222,0
DA:224,0
DA:225,0
DA:226,0
DA:230,0
DA:231,0
DA:232,0
DA:233,0
DA:234,0
DA:235,0
DA:236,0
DA:237,0
DA:239,0
DA:240,0
DA:243,0
DA:245,0
LF:106
LH:8
BRDA:30,0,0,0
BRDA:30,0,1,0
BRDA:31,1,0,0
BRDA:31,1,1,0
BRDA:32,2,0,0
BRDA:32,2,1,0
BRDA:33,3,0,0
BRDA:33,3,1,0
BRDA:34,4,0,0
BRDA:34,4,1,0
BRDA:35,5,0,0
BRDA:35,5,1,0
BRDA:36,6,0,0
BRDA:36,6,1,0
BRDA:37,7,0,0
BRDA:37,7,1,0
BRDA:38,8,0,0
BRDA:38,8,1,0
BRDA:39,9,0,0
BRDA:39,9,1,0
BRDA:43,10,0,0
BRDA:49,11,0,0
BRDA:49,11,1,0
BRDA:53,12,0,0
BRDA:53,12,1,0
BRDA:55,13,0,0
BRDA:55,13,1,0
BRDA:59,14,0,0
BRDA:59,14,1,0
BRDA:67,15,0,0
BRDA:67,15,1,0
BRDA:73,16,0,0
BRDA:73,16,1,0
BRDA:79,17,0,0
BRDA:79,17,1,0
BRDA:89,18,0,0
BRDA:89,18,1,0
BRDA:96,19,0,0
BRDA:96,19,1,0
BRDA:97,20,0,0
BRDA:97,20,1,0
BRDA:103,21,0,0
BRDA:103,21,1,0
BRDA:104,22,0,0
BRDA:104,22,1,0
BRDA:134,23,0,145
BRDA:134,23,1,0
BRDA:142,24,0,678
BRDA:142,24,1,0
BRDA:162,25,0,0
BRDA:162,25,1,0
BRDA:170,26,0,0
BRDA:170,26,1,0
BRDA:173,27,0,0
BRDA:173,27,1,0
BRDA:193,28,0,0
BRDA:193,28,1,0
BRDA:208,29,0,0
BRDA:208,29,1,0
BRDA:211,30,0,0
BRDA:211,30,1,0
BRDA:219,31,0,0
BRDA:219,31,1,0
BRDA:222,32,0,0
BRDA:222,32,1,0
BRDA:230,33,0,0
BRDA:230,33,1,0
BRDA:233,34,0,0
BRDA:233,34,1,0
BRDA:235,35,0,0
BRDA:235,35,1,0
BRF:71
BRH:2
end_of_record
TN:
SF:src/inulax/proxy/HooklessObserver.ts
FN:24,(anonymous_0)
FN:26,(anonymous_1)
FN:30,(anonymous_2)
FN:31,(anonymous_3)
FN:34,(anonymous_4)
FN:38,(anonymous_5)
FN:42,(anonymous_6)
FN:43,(anonymous_7)
FN:48,(anonymous_8)
FN:50,(anonymous_9)
FN:52,(anonymous_10)
FNF:11
FNH:5
FNDA:190,(anonymous_0)
FNDA:19,(anonymous_1)
FNDA:0,(anonymous_2)
FNDA:0,(anonymous_3)
FNDA:0,(anonymous_4)
FNDA:68,(anonymous_5)
FNDA:68,(anonymous_6)
FNDA:68,(anonymous_7)
FNDA:0,(anonymous_8)
FNDA:0,(anonymous_9)
FNDA:0,(anonymous_10)
DA:22,19
DA:27,19
DA:31,0
DA:35,0
DA:39,68
DA:43,68
DA:44,68
LF:7
LH:5
BRF:0
BRH:0
end_of_record
TN:
SF:src/inulax/proxy/Observer.ts
FN:52,(anonymous_0)
FN:80,(anonymous_1)
FN:84,(anonymous_2)
FN:99,(anonymous_3)
FN:104,(anonymous_4)
FN:108,(anonymous_5)
FN:109,(anonymous_6)
FN:112,(anonymous_7)
FN:114,(anonymous_8)
FN:117,(anonymous_9)
FN:136,(anonymous_10)
FN:146,(anonymous_11)
FN:149,(anonymous_12)
FNF:13
FNH:11
FNDA:2054,(anonymous_0)
FNDA:348,(anonymous_1)
FNDA:200,(anonymous_2)
FNDA:195,(anonymous_3)
FNDA:150,(anonymous_4)
FNDA:0,(anonymous_5)
FNDA:0,(anonymous_6)
FNDA:347,(anonymous_7)
FNDA:347,(anonymous_8)
FNDA:145,(anonymous_9)
FNDA:17,(anonymous_10)
FNDA:581,(anonymous_11)
FNDA:800,(anonymous_12)
DA:43,150
DA:45,150
DA:47,150
DA:49,150
DA:53,2054
DA:54,2054
DA:56,357
DA:60,1697
DA:63,1697
DA:64,1697
DA:65,822
DA:66,822
DA:68,1697
DA:71,1697
DA:72,1697
DA:73,606
DA:74,606
DA:76,1697
DA:81,348
DA:83,348
DA:84,348
DA:85,200
DA:87,5
DA:89,195
DA:92,195
DA:96,347
DA:101,195
DA:105,150
DA:109,0
DA:113,347
DA:114,347
DA:115,347
DA:118,145
DA:119,145
DA:120,145
DA:121,59
DA:122,59
DA:124,145
DA:137,17
DA:138,17
DA:139,17
DA:140,17
DA:141,17
DA:147,581
DA:148,581
DA:149,581
DA:150,800
DA:151,800
DA:152,800
DA:153,794
DA:158,581
LF:51
LH:50
BRDA:54,0,0,357
BRDA:54,0,1,1697
BRDA:54,1,0,2054
BRDA:54,1,1,1697
BRDA:64,2,0,822
BRDA:64,2,1,875
BRDA:72,3,0,606
BRDA:72,3,1,1091
BRDA:83,4,0,348
BRDA:83,4,1,150
BRDA:85,5,0,5
BRDA:85,5,1,195
BRDA:113,6,0,197
BRDA:113,6,1,150
BRDA:148,7,0,581
BRDA:148,7,1,0
BRDA:152,8,0,794
BRDA:152,8,1,6
BRF:18
BRH:17
end_of_record
TN:
SF:src/inulax/proxy/ProxyHandler.ts
FN:30,getObserver
FN:36,(anonymous_1)
FN:43,(anonymous_2)
FN:47,createProxy
FN:79,(anonymous_4)
FN:88,(anonymous_5)
FN:97,(anonymous_6)
FN:108,(anonymous_7)
FN:122,toRaw
FNF:9
FNH:7
FNDA:2884,getObserver
FNDA:0,(anonymous_1)
FNDA:169,(anonymous_2)
FNDA:2164,createProxy
FNDA:68,(anonymous_4)
FNDA:81,(anonymous_5)
FNDA:129,(anonymous_6)
FNDA:363,(anonymous_7)
FNDA:0,toRaw
DA:26,59
DA:28,59
DA:31,2884
DA:35,59
DA:37,0
DA:44,169
DA:49,2164
DA:50,1495
DA:54,669
DA:55,669
DA:56,500
DA:60,169
DA:61,0
DA:65,169
DA:66,169
DA:67,169
DA:68,169
DA:71,169
DA:75,169
DA:76,19
DA:80,68
DA:85,150
DA:87,29
DA:89,81
DA:92,121
DA:94,31
DA:98,129
DA:105,90
DA:109,363
DA:116,169
DA:117,169
DA:119,169
DA:123,0
LF:33
LH:30
BRDA:35,0,0,0
BRDA:35,0,1,59
BRDA:47,1,0,4
BRDA:49,2,0,1495
BRDA:49,2,1,669
BRDA:49,3,0,2164
BRDA:49,3,1,2041
BRDA:55,4,0,500
BRDA:55,4,1,169
BRDA:60,5,0,0
BRDA:60,5,1,169
BRDA:66,6,0,169
BRDA:66,6,1,0
BRDA:67,7,0,150
BRDA:67,7,1,19
BRDA:75,8,0,19
BRDA:75,8,1,150
BRDA:85,9,0,29
BRDA:85,9,1,121
BRDA:92,10,0,31
BRDA:92,10,1,90
BRDA:123,11,0,0
BRDA:123,11,1,0
BRF:23
BRH:18
end_of_record
TN:
SF:src/inulax/proxy/readonlyProxy.ts
FN:18,readonlyProxy
FN:20,(anonymous_1)
FN:33,(anonymous_2)
FN:37,(anonymous_3)
FNF:4
FNH:4
FNDA:24,readonlyProxy
FNDA:42,(anonymous_1)
FNDA:2,(anonymous_2)
FNDA:1,(anonymous_3)
DA:19,24
DA:21,42
DA:23,42
DA:24,42
DA:25,13
DA:30,29
DA:34,2
DA:38,1
LF:8
LH:8
BRDA:24,0,0,13
BRDA:24,0,1,29
BRF:2
BRH:2
end_of_record
TN:
SF:src/inulax/proxy/watch.ts
FN:16,watch
FN:20,(anonymous_1)
FNF:2
FNH:1
FNDA:2,watch
FNDA:0,(anonymous_1)
DA:17,2
DA:18,2
DA:20,2
DA:21,0
LF:4
LH:3
BRF:0
BRH:0
end_of_record
TN:
SF:src/inulax/proxy/handlers/ArrayProxyHandler.ts
FN:22,set
FN:39,(anonymous_1)
FN:56,createArrayProxy
FN:59,objectGet
FN:68,(anonymous_4)
FN:73,(anonymous_5)
FN:74,(anonymous_6)
FN:80,(anonymous_7)
FN:86,(anonymous_8)
FN:87,(anonymous_9)
FN:103,(anonymous_10)
FN:111,(anonymous_11)
FN:123,get
FN:127,(anonymous_13)
FN:132,(anonymous_14)
FN:133,(anonymous_15)
FN:154,(anonymous_16)
FN:158,(anonymous_17)
FNF:18
FNH:8
FNDA:66,set
FNDA:1,(anonymous_1)
FNDA:29,createArrayProxy
FNDA:375,objectGet
FNDA:0,(anonymous_4)
FNDA:0,(anonymous_5)
FNDA:0,(anonymous_6)
FNDA:0,(anonymous_7)
FNDA:0,(anonymous_8)
FNDA:0,(anonymous_9)
FNDA:5,(anonymous_10)
FNDA:0,(anonymous_11)
FNDA:454,get
FNDA:1,(anonymous_13)
FNDA:0,(anonymous_14)
FNDA:0,(anonymous_15)
FNDA:76,(anonymous_16)
FNDA:0,(anonymous_17)
DA:23,66
DA:24,66
DA:25,66
DA:27,66
DA:29,66
DA:31,66
DA:32,66
DA:34,66
DA:36,66
DA:38,52
DA:39,1
DA:40,1
DA:45,52
DA:48,66
DA:50,24
DA:53,66
DA:57,29
DA:61,375
DA:62,0
DA:65,375
DA:67,375
DA:68,0
DA:69,0
DA:70,0
DA:72,0
DA:73,0
DA:74,0
DA:79,375
DA:80,0
DA:81,0
DA:85,375
DA:86,0
DA:87,0
DA:91,375
DA:93,375
DA:96,375
DA:98,375
DA:104,5
DA:105,5
DA:106,5
DA:110,5
DA:111,5
DA:117,375
DA:120,0
DA:124,454
DA:125,1
DA:127,1
DA:128,1
DA:129,1
DA:131,1
DA:132,1
DA:133,0
DA:138,453
DA:139,375
DA:142,78
DA:143,0
DA:146,78
DA:149,29
DA:154,29
DA:155,76
DA:156,76
DA:157,76
DA:158,76
DA:161,29
LF:64
LH:50
BRDA:27,0,0,0
BRDA:27,0,1,66
BRDA:34,1,0,0
BRDA:34,1,1,66
BRDA:36,2,0,52
BRDA:36,2,1,14
BRDA:38,3,0,1
BRDA:38,3,1,51
BRDA:48,4,0,24
BRDA:48,4,1,42
BRDA:59,5,0,375
BRDA:61,6,0,0
BRDA:61,6,1,375
BRDA:67,7,0,0
BRDA:67,7,1,375
BRDA:69,8,0,0
BRDA:69,8,1,0
BRDA:79,9,0,0
BRDA:79,9,1,375
BRDA:85,10,0,0
BRDA:85,10,1,375
BRDA:96,11,0,375
BRDA:96,11,1,0
BRDA:98,12,0,0
BRDA:98,12,1,375
BRDA:104,13,0,0
BRDA:104,13,1,5
BRDA:124,14,0,1
BRDA:124,14,1,453
BRDA:128,15,0,1
BRDA:128,15,1,0
BRDA:138,16,0,375
BRDA:138,16,1,78
BRDA:138,17,0,453
BRDA:138,17,1,246
BRDA:142,18,0,0
BRDA:142,18,1,78
BRDA:155,19,0,76
BRDA:155,19,1,0
BRF:39
BRH:25
end_of_record
TN:
SF:src/inulax/proxy/handlers/CollectionProxyHandler.ts
FN:22,createCollectionProxy
FNF:1
FNH:1
FNDA:31,createCollectionProxy
DA:27,31
DA:28,2
DA:30,29
DA:31,9
DA:33,20
DA:34,3
DA:36,17
LF:7
LH:7
BRDA:25,0,0,0
BRDA:27,1,0,2
BRDA:27,1,1,29
BRDA:30,2,0,9
BRDA:30,2,1,20
BRDA:33,3,0,3
BRDA:33,3,1,17
BRF:7
BRH:6
end_of_record
TN:
SF:src/inulax/proxy/handlers/MapProxy.ts
FN:24,createMapProxy
FN:34,getFun
FN:45,(anonymous_2)
FN:53,(anonymous_3)
FN:63,set
FN:83,(anonymous_5)
FN:95,(anonymous_6)
FN:104,(anonymous_7)
FN:126,(anonymous_8)
FN:137,has
FN:146,clear
FN:157,deleteFun
FN:185,forEach
FN:191,(anonymous_13)
FN:195,(anonymous_14)
FN:204,(anonymous_15)
FN:212,(anonymous_16)
FN:221,(anonymous_17)
FN:231,wrapIterator
FN:237,(anonymous_19)
FN:244,(anonymous_20)
FN:252,(anonymous_21)
FN:269,(anonymous_22)
FN:277,(anonymous_23)
FN:285,(anonymous_24)
FN:293,(anonymous_25)
FN:304,(anonymous_26)
FN:312,(anonymous_27)
FN:322,(anonymous_28)
FN:329,size
FN:335,keys
FN:339,values
FN:343,entries
FN:347,forOf
FN:368,get
FN:385,(anonymous_35)
FN:390,(anonymous_36)
FN:391,(anonymous_37)
FN:397,(anonymous_38)
FN:403,(anonymous_39)
FN:404,(anonymous_40)
FN:416,(anonymous_41)
FN:417,(anonymous_42)
FN:422,(anonymous_43)
FN:426,(anonymous_44)
FNF:45
FNH:25
FNDA:17,createMapProxy
FNDA:4,getFun
FNDA:2,(anonymous_2)
FNDA:0,(anonymous_3)
FNDA:19,set
FNDA:1,(anonymous_5)
FNDA:1,(anonymous_6)
FNDA:0,(anonymous_7)
FNDA:0,(anonymous_8)
FNDA:5,has
FNDA:12,clear
FNDA:13,deleteFun
FNDA:8,forEach
FNDA:14,(anonymous_13)
FNDA:0,(anonymous_14)
FNDA:0,(anonymous_15)
FNDA:0,(anonymous_16)
FNDA:0,(anonymous_17)
FNDA:34,wrapIterator
FNDA:92,(anonymous_19)
FNDA:0,(anonymous_20)
FNDA:0,(anonymous_21)
FNDA:0,(anonymous_22)
FNDA:0,(anonymous_23)
FNDA:1,(anonymous_24)
FNDA:0,(anonymous_25)
FNDA:0,(anonymous_26)
FNDA:0,(anonymous_27)
FNDA:26,(anonymous_28)
FNDA:8,size
FNDA:9,keys
FNDA:8,values
FNDA:9,entries
FNDA:8,forOf
FNDA:104,get
FNDA:1,(anonymous_35)
FNDA:0,(anonymous_36)
FNDA:0,(anonymous_37)
FNDA:0,(anonymous_38)
FNDA:0,(anonymous_39)
FNDA:0,(anonymous_40)
FNDA:153,(anonymous_41)
FNDA:104,(anonymous_42)
FNDA:72,(anonymous_43)
FNDA:0,(anonymous_44)
DA:22,59
DA:29,17
DA:30,17
DA:31,17
DA:35,4
DA:36,4
DA:37,3
DA:38,3
DA:39,3
DA:42,3
DA:46,2
DA:47,2
DA:48,2
DA:52,2
DA:53,2
DA:59,3
DA:73,19
DA:75,3
DA:76,3
DA:77,1
DA:78,1
DA:79,1
DA:80,1
DA:82,1
DA:83,1
DA:84,1
DA:88,1
DA:89,1
DA:92,16
DA:97,1
DA:98,1
DA:99,1
DA:103,1
DA:104,1
DA:109,16
DA:111,16
DA:112,16
DA:113,16
DA:123,16
DA:125,16
DA:126,0
DA:127,0
DA:130,16
DA:131,16
DA:134,17
DA:138,5
DA:139,5
DA:140,5
DA:141,3
DA:143,2
DA:147,12
DA:148,12
DA:150,12
DA:151,12
DA:152,12
DA:153,12
DA:161,13
DA:162,13
DA:164,13
DA:165,13
DA:175,13
DA:176,13
DA:178,13
DA:179,13
DA:182,0
DA:189,8
DA:190,8
DA:191,8
DA:192,14
DA:197,0
DA:198,0
DA:199,0
DA:203,0
DA:204,0
DA:209,14
DA:214,0
DA:215,0
DA:216,0
DA:220,0
DA:221,0
DA:227,14
DA:232,34
DA:233,34
DA:234,34
DA:236,34
DA:238,92
DA:239,92
DA:240,34
DA:245,0
DA:246,0
DA:247,0
DA:251,0
DA:252,0
DA:261,58
DA:263,58
DA:265,29
DA:270,0
DA:271,0
DA:272,0
DA:276,0
DA:277,0
DA:286,1
DA:287,1
DA:288,1
DA:292,1
DA:293,1
DA:301,29
DA:305,0
DA:306,0
DA:307,0
DA:311,0
DA:312,0
DA:319,58
DA:323,26
DA:330,8
DA:331,8
DA:332,8
DA:336,9
DA:340,8
DA:344,9
DA:351,8
DA:354,17
DA:369,104
DA:370,8
DA:373,96
DA:374,4
DA:377,92
DA:378,91
DA:379,91
DA:382,1
DA:383,1
DA:385,1
DA:386,1
DA:387,1
DA:389,1
DA:390,1
DA:391,0
DA:396,0
DA:397,0
DA:398,0
DA:402,0
DA:403,0
DA:404,0
DA:408,0
DA:409,0
DA:412,0
DA:415,17
DA:416,17
DA:417,153
DA:418,104
DA:422,17
DA:423,72
DA:424,72
DA:425,72
DA:426,72
DA:428,17
LF:156
LH:118
BRDA:27,0,0,0
BRDA:35,1,0,3
BRDA:35,1,1,1
BRDA:36,2,0,1
BRDA:36,2,1,3
BRDA:46,3,0,0
BRDA:46,3,1,2
BRDA:73,4,0,3
BRDA:73,4,1,16
BRDA:73,5,0,19
BRDA:73,5,1,18
BRDA:76,6,0,2
BRDA:76,6,1,1
BRDA:78,7,0,0
BRDA:78,7,1,1
BRDA:82,8,0,1
BRDA:82,8,1,0
BRDA:97,9,0,0
BRDA:97,9,1,1
BRDA:125,10,0,0
BRDA:125,10,1,16
BRDA:140,11,0,3
BRDA:140,11,1,2
BRDA:150,12,0,12
BRDA:150,12,1,0
BRDA:161,13,0,13
BRDA:161,13,1,0
BRDA:161,14,0,13
BRDA:161,14,1,0
BRDA:162,15,0,13
BRDA:162,15,1,0
BRDA:197,16,0,0
BRDA:197,16,1,0
BRDA:214,17,0,0
BRDA:214,17,1,0
BRDA:239,18,0,34
BRDA:239,18,1,58
BRDA:245,19,0,0
BRDA:245,19,1,0
BRDA:263,20,0,29
BRDA:263,20,1,29
BRDA:270,21,0,0
BRDA:270,21,1,0
BRDA:286,22,0,0
BRDA:286,22,1,1
BRDA:305,23,0,0
BRDA:305,23,1,0
BRDA:308,24,0,0
BRDA:308,24,1,0
BRDA:309,25,0,0
BRDA:309,25,1,0
BRDA:322,26,0,34
BRDA:322,26,1,0
BRDA:365,27,0,17
BRDA:365,27,1,0
BRDA:369,28,0,8
BRDA:369,28,1,96
BRDA:373,29,0,4
BRDA:373,29,1,92
BRDA:377,30,0,91
BRDA:377,30,1,1
BRDA:382,31,0,1
BRDA:382,31,1,0
BRDA:386,32,0,1
BRDA:386,32,1,0
BRDA:396,33,0,0
BRDA:396,33,1,0
BRDA:402,34,0,0
BRDA:402,34,1,0
BRDA:408,35,0,0
BRDA:408,35,1,0
BRDA:423,36,0,72
BRDA:423,36,1,0
BRF:73
BRH:37
end_of_record
TN:
SF:src/inulax/proxy/handlers/ObjectProxyHandler.ts
FN:21,set
FN:33,(anonymous_1)
FN:42,createObjectProxy
FN:49,get
FN:58,(anonymous_4)
FN:63,(anonymous_5)
FN:64,(anonymous_6)
FN:70,(anonymous_7)
FN:76,(anonymous_8)
FN:77,(anonymous_9)
FN:97,(anonymous_10)
FN:105,(anonymous_11)
FN:122,(anonymous_12)
FN:126,(anonymous_13)
FNF:14
FNH:9
FNDA:256,set
FNDA:4,(anonymous_1)
FNDA:109,createObjectProxy
FNDA:1663,get
FNDA:2,(anonymous_4)
FNDA:0,(anonymous_5)
FNDA:0,(anonymous_6)
FNDA:2,(anonymous_7)
FNDA:0,(anonymous_8)
FNDA:0,(anonymous_9)
FNDA:212,(anonymous_10)
FNDA:0,(anonymous_11)
FNDA:219,(anonymous_12)
FNDA:7,(anonymous_13)
DA:22,256
DA:23,256
DA:25,256
DA:26,256
DA:28,256
DA:29,256
DA:31,256
DA:32,220
DA:33,4
DA:34,4
DA:37,220
DA:39,255
DA:47,109
DA:51,1663
DA:52,5
DA:55,1658
DA:57,1658
DA:58,2
DA:59,2
DA:60,2
DA:62,2
DA:63,2
DA:64,0
DA:69,1656
DA:70,2
DA:71,2
DA:75,1654
DA:76,0
DA:77,0
DA:81,1654
DA:82,0
DA:85,1654
DA:87,1654
DA:90,1654
DA:92,1653
DA:98,212
DA:99,212
DA:100,212
DA:104,212
DA:105,212
DA:111,1653
DA:114,1
DA:117,109
DA:122,109
DA:123,219
DA:124,219
DA:125,219
DA:126,219
DA:129,109
LF:49
LH:45
BRDA:22,0,0,0
BRDA:22,0,1,256
BRDA:29,1,0,0
BRDA:29,1,1,256
BRDA:31,2,0,220
BRDA:31,2,1,36
BRDA:32,3,0,4
BRDA:32,3,1,216
BRDA:45,4,0,0
BRDA:51,5,0,5
BRDA:51,5,1,1658
BRDA:57,6,0,2
BRDA:57,6,1,1656
BRDA:59,7,0,2
BRDA:59,7,1,0
BRDA:69,8,0,2
BRDA:69,8,1,1654
BRDA:75,9,0,0
BRDA:75,9,1,1654
BRDA:81,10,0,0
BRDA:81,10,1,1654
BRDA:90,11,0,1653
BRDA:90,11,1,1
BRDA:92,12,0,190
BRDA:92,12,1,1463
BRDA:98,13,0,5
BRDA:98,13,1,207
BRDA:123,14,0,219
BRDA:123,14,1,0
BRF:29
BRH:22
end_of_record
TN:
SF:src/inulax/proxy/handlers/SetProxy.ts
FN:22,createSetProxy
FN:31,add
FN:39,(anonymous_2)
FN:50,(anonymous_3)
FN:85,has
FN:92,deleteFun
FN:124,clear
FN:134,size
FN:154,get
FN:165,(anonymous_9)
FN:171,(anonymous_10)
FN:172,(anonymous_11)
FN:178,(anonymous_12)
FN:183,(anonymous_13)
FN:184,(anonymous_14)
FN:197,wrapIterator
FN:203,(anonymous_16)
FN:205,(anonymous_17)
FN:216,(anonymous_18)
FN:236,(anonymous_19)
FN:242,keys
FN:246,values
FN:250,entries
FN:254,forOf
FN:262,forEach
FN:268,(anonymous_25)
FN:270,(anonymous_26)
FN:281,(anonymous_27)
FN:296,(anonymous_28)
FN:300,(anonymous_29)
FN:304,(anonymous_30)
FN:305,(anonymous_31)
FNF:32
FNH:21
FNDA:9,createSetProxy
FNDA:11,add
FNDA:2,(anonymous_2)
FNDA:0,(anonymous_3)
FNDA:5,has
FNDA:6,deleteFun
FNDA:5,clear
FNDA:4,size
FNDA:62,get
FNDA:0,(anonymous_9)
FNDA:0,(anonymous_10)
FNDA:0,(anonymous_11)
FNDA:0,(anonymous_12)
FNDA:0,(anonymous_13)
FNDA:0,(anonymous_14)
FNDA:27,wrapIterator
FNDA:71,(anonymous_16)
FNDA:2,(anonymous_17)
FNDA:0,(anonymous_18)
FNDA:13,(anonymous_19)
FNDA:8,keys
FNDA:7,values
FNDA:4,entries
FNDA:8,forOf
FNDA:4,forEach
FNDA:7,(anonymous_25)
FNDA:0,(anonymous_26)
FNDA:0,(anonymous_27)
FNDA:35,(anonymous_28)
FNDA:0,(anonymous_29)
FNDA:90,(anonymous_30)
FNDA:62,(anonymous_31)
DA:20,59
DA:27,9
DA:28,9
DA:35,11
DA:36,9
DA:40,2
DA:41,2
DA:42,2
DA:46,2
DA:50,2
DA:51,0
DA:60,9
DA:62,9
DA:64,9
DA:66,9
DA:67,9
DA:78,9
DA:79,9
DA:82,11
DA:86,5
DA:87,5
DA:89,5
DA:96,6
DA:97,6
DA:98,6
DA:99,6
DA:101,6
DA:103,6
DA:104,6
DA:115,6
DA:116,6
DA:118,6
DA:121,0
DA:125,5
DA:126,5
DA:128,5
DA:129,5
DA:130,5
DA:135,4
DA:136,4
DA:137,4
DA:140,9
DA:155,62
DA:156,58
DA:157,58
DA:160,4
DA:161,4
DA:164,0
DA:165,0
DA:166,0
DA:170,0
DA:171,0
DA:172,0
DA:175,0
DA:176,0
DA:178,0
DA:179,0
DA:180,0
DA:182,0
DA:183,0
DA:184,0
DA:189,0
DA:190,0
DA:193,0
DA:198,27
DA:199,27
DA:200,27
DA:202,27
DA:204,71
DA:206,2
DA:207,2
DA:208,2
DA:212,2
DA:216,2
DA:217,0
DA:224,71
DA:225,71
DA:226,24
DA:229,47
DA:231,47
DA:233,47
DA:237,13
DA:243,8
DA:247,7
DA:251,4
DA:258,8
DA:259,8
DA:266,4
DA:267,4
DA:268,4
DA:269,7
DA:271,0
DA:272,0
DA:273,0
DA:277,0
DA:281,0
DA:282,0
DA:289,7
DA:290,7
DA:292,7
DA:296,9
DA:297,35
DA:298,35
DA:299,35
DA:300,35
DA:303,9
DA:304,9
DA:305,90
DA:306,62
DA:309,9
LF:110
LH:84
BRDA:25,0,0,0
BRDA:35,1,0,9
BRDA:35,1,1,2
BRDA:40,2,0,0
BRDA:40,2,1,2
BRDA:96,3,0,6
BRDA:96,3,1,0
BRDA:97,4,0,6
BRDA:97,4,1,0
BRDA:128,5,0,5
BRDA:128,5,1,0
BRDA:151,6,0,9
BRDA:151,6,1,0
BRDA:155,7,0,58
BRDA:155,7,1,4
BRDA:160,8,0,4
BRDA:160,8,1,0
BRDA:164,9,0,0
BRDA:164,9,1,0
BRDA:170,10,0,0
BRDA:170,10,1,0
BRDA:175,11,0,0
BRDA:175,11,1,0
BRDA:179,12,0,0
BRDA:179,12,1,0
BRDA:189,13,0,0
BRDA:189,13,1,0
BRDA:206,14,0,0
BRDA:206,14,1,2
BRDA:225,15,0,24
BRDA:225,15,1,47
BRDA:236,16,0,27
BRDA:236,16,1,0
BRDA:271,17,0,0
BRDA:271,17,1,0
BRDA:297,18,0,35
BRDA:297,18,1,0
BRF:37
BRH:15
end_of_record
TN:
SF:src/inulax/proxy/handlers/WeakMapProxy.ts
FN:24,createWeakMapProxy
FN:40,getFun
FN:49,(anonymous_2)
FN:57,(anonymous_3)
FN:66,get
FN:79,(anonymous_5)
FN:84,(anonymous_6)
FN:85,(anonymous_7)
FN:91,(anonymous_8)
FN:97,(anonymous_9)
FN:98,(anonymous_10)
FN:110,set
FN:129,(anonymous_12)
FN:141,add
FN:160,has
FN:167,clear
FN:177,deleteFun
FN:195,(anonymous_17)
FN:199,(anonymous_18)
FN:203,(anonymous_19)
FN:204,(anonymous_20)
FNF:21
FNH:10
FNDA:3,createWeakMapProxy
FNDA:3,getFun
FNDA:1,(anonymous_2)
FNDA:0,(anonymous_3)
FNDA:10,get
FNDA:0,(anonymous_5)
FNDA:0,(anonymous_6)
FNDA:0,(anonymous_7)
FNDA:0,(anonymous_8)
FNDA:0,(anonymous_9)
FNDA:0,(anonymous_10)
FNDA:3,set
FNDA:0,(anonymous_12)
FNDA:0,add
FNDA:3,has
FNDA:0,clear
FNDA:1,deleteFun
FNDA:8,(anonymous_17)
FNDA:0,(anonymous_18)
FNDA:18,(anonymous_19)
FNDA:10,(anonymous_20)
DA:22,59
DA:29,3
DA:31,3
DA:41,3
DA:42,3
DA:44,3
DA:46,3
DA:50,1
DA:51,1
DA:52,1
DA:56,1
DA:57,1
DA:63,3
DA:67,10
DA:68,3
DA:71,7
DA:72,7
DA:73,7
DA:76,0
DA:77,0
DA:79,0
DA:80,0
DA:81,0
DA:83,0
DA:84,0
DA:85,0
DA:90,0
DA:91,0
DA:92,0
DA:96,0
DA:97,0
DA:98,0
DA:102,0
DA:103,0
DA:106,0
DA:115,3
DA:116,3
DA:117,3
DA:118,3
DA:119,3
DA:121,3
DA:123,3
DA:124,3
DA:127,3
DA:128,3
DA:129,0
DA:130,0
DA:134,3
DA:137,3
DA:145,0
DA:146,0
DA:147,0
DA:149,0
DA:150,0
DA:153,0
DA:154,0
DA:157,0
DA:161,3
DA:162,3
DA:164,3
DA:168,0
DA:169,0
DA:171,0
DA:172,0
DA:173,0
DA:178,1
DA:179,1
DA:180,1
DA:182,1
DA:183,1
DA:186,1
DA:187,1
DA:189,1
DA:192,0
DA:195,3
DA:196,8
DA:197,8
DA:198,8
DA:199,8
DA:202,3
DA:203,3
DA:204,18
DA:205,10
DA:208,3
LF:84
LH:51
BRDA:27,0,0,0
BRDA:50,1,0,0
BRDA:50,1,1,1
BRDA:67,2,0,3
BRDA:67,2,1,7
BRDA:71,3,0,7
BRDA:71,3,1,0
BRDA:76,4,0,0
BRDA:76,4,1,0
BRDA:80,5,0,0
BRDA:80,5,1,0
BRDA:90,6,0,0
BRDA:90,6,1,0
BRDA:96,7,0,0
BRDA:96,7,1,0
BRDA:102,8,0,0
BRDA:102,8,1,0
BRDA:121,9,0,0
BRDA:121,9,1,3
BRDA:123,10,0,3
BRDA:123,10,1,0
BRDA:123,11,0,3
BRDA:123,11,1,0
BRDA:127,12,0,3
BRDA:127,12,1,0
BRDA:128,13,0,0
BRDA:128,13,1,3
BRDA:145,14,0,0
BRDA:145,14,1,0
BRDA:146,15,0,0
BRDA:146,15,1,0
BRDA:150,16,0,0
BRDA:150,16,1,0
BRDA:171,17,0,0
BRDA:171,17,1,0
BRDA:178,18,0,0
BRDA:178,18,1,1
BRDA:179,19,0,1
BRDA:179,19,1,0
BRDA:183,20,0,0
BRDA:183,20,1,1
BRDA:196,21,0,8
BRDA:196,21,1,0
BRF:43
BRH:13
end_of_record
TN:
SF:src/inulax/proxy/handlers/WeakSetProxy.ts
FN:20,createWeakSetProxy
FN:35,get
FN:41,(anonymous_2)
FN:47,(anonymous_3)
FN:48,(anonymous_4)
FN:54,(anonymous_5)
FN:59,(anonymous_6)
FN:60,(anonymous_7)
FN:73,add
FN:78,(anonymous_9)
FN:86,(anonymous_10)
FN:105,has
FN:112,deleteFun
FN:129,(anonymous_13)
FN:133,(anonymous_14)
FN:137,(anonymous_15)
FN:138,(anonymous_16)
FNF:17
FNH:8
FNDA:2,createWeakSetProxy
FNDA:13,get
FNDA:0,(anonymous_2)
FNDA:0,(anonymous_3)
FNDA:0,(anonymous_4)
FNDA:0,(anonymous_5)
FNDA:0,(anonymous_6)
FNDA:0,(anonymous_7)
FNDA:5,add
FNDA:0,(anonymous_9)
FNDA:0,(anonymous_10)
FNDA:6,has
FNDA:2,deleteFun
FNDA:5,(anonymous_13)
FNDA:0,(anonymous_14)
FNDA:8,(anonymous_15)
FNDA:13,(anonymous_16)
DA:25,2
DA:26,2
DA:28,2
DA:36,13
DA:37,13
DA:38,13
DA:40,0
DA:41,0
DA:42,0
DA:46,0
DA:47,0
DA:48,0
DA:51,0
DA:52,0
DA:54,0
DA:55,0
DA:56,0
DA:58,0
DA:59,0
DA:60,0
DA:65,0
DA:66,0
DA:69,0
DA:74,5
DA:75,3
DA:79,0
DA:80,0
DA:81,0
DA:85,0
DA:86,0
DA:92,3
DA:94,3
DA:96,3
DA:97,3
DA:99,3
DA:102,5
DA:106,6
DA:107,6
DA:109,6
DA:113,2
DA:114,2
DA:116,2
DA:118,2
DA:119,2
DA:121,2
DA:123,2
DA:126,0
DA:129,2
DA:130,5
DA:131,5
DA:132,5
DA:133,5
DA:136,2
DA:137,2
DA:138,8
DA:139,13
DA:142,2
LF:57
LH:34
BRDA:23,0,0,0
BRDA:36,1,0,13
BRDA:36,1,1,0
BRDA:40,2,0,0
BRDA:40,2,1,0
BRDA:46,3,0,0
BRDA:46,3,1,0
BRDA:51,4,0,0
BRDA:51,4,1,0
BRDA:55,5,0,0
BRDA:55,5,1,0
BRDA:65,6,0,0
BRDA:65,6,1,0
BRDA:74,7,0,3
BRDA:74,7,1,2
BRDA:79,8,0,0
BRDA:79,8,1,0
BRDA:113,9,0,2
BRDA:113,9,1,0
BRDA:130,10,0,5
BRDA:130,10,1,0
BRF:21
BRH:5
end_of_record
TN:
SF:src/inulax/store/StoreHandler.ts
FN:49,(anonymous_0)
FN:57,tryNextAction
FN:78,(anonymous_2)
FN:89,clearVNodeObservers
FN:94,(anonymous_4)
FN:102,registerDestroyFunction
FN:118,(anonymous_6)
FN:119,(anonymous_7)
FN:127,(anonymous_8)
FN:136,createGetStore
FN:139,(anonymous_10)
FN:150,createStore
FN:161,(anonymous_12)
FN:179,(anonymous_13)
FN:186,(anonymous_14)
FN:190,(anonymous_15)
FN:192,(anonymous_16)
FN:196,(anonymous_17)
FN:197,(anonymous_18)
FN:204,(anonymous_19)
FN:207,(anonymous_20)
FN:216,(anonymous_21)
FN:227,(anonymous_22)
FN:247,Wrapped
FN:262,(anonymous_24)
FN:278,(anonymous_25)
FN:291,(anonymous_26)
FN:293,(anonymous_27)
FN:297,(anonymous_28)
FN:314,useStore
FN:326,getStore
FN:330,getAllStores
FN:334,clearStore
FNF:33
FNH:30
FNDA:17,(anonymous_0)
FNDA:4,tryNextAction
FNDA:0,(anonymous_2)
FNDA:262,clearVNodeObservers
FNDA:581,(anonymous_4)
FNDA:839,registerDestroyFunction
FNDA:59,(anonymous_6)
FNDA:40,(anonymous_7)
FNDA:31,(anonymous_8)
FNDA:54,createGetStore
FNDA:838,(anonymous_10)
FNDA:54,createStore
FNDA:54,(anonymous_12)
FNDA:361,(anonymous_13)
FNDA:11,(anonymous_14)
FNDA:1,(anonymous_15)
FNDA:2,(anonymous_16)
FNDA:361,(anonymous_17)
FNDA:390,(anonymous_18)
FNDA:87,(anonymous_19)
FNDA:4,(anonymous_20)
FNDA:4,(anonymous_21)
FNDA:2,(anonymous_22)
FNDA:56,Wrapped
FNDA:185,(anonymous_24)
FNDA:10,(anonymous_25)
FNDA:126,(anonymous_26)
FNDA:852,(anonymous_27)
FNDA:2,(anonymous_28)
FNDA:20,useStore
FNDA:0,getStore
FNDA:0,getAllStores
FNDA:36,clearStore
DA:47,59
DA:50,17
DA:54,59
DA:58,4
DA:59,3
DA:60,3
DA:61,3
DA:62,3
DA:63,3
DA:69,3
DA:72,1
DA:73,1
DA:77,1
DA:78,0
DA:79,0
DA:80,0
DA:83,1
DA:84,1
DA:90,262
DA:91,1
DA:94,261
DA:95,581
DA:98,261
DA:103,839
DA:106,839
DA:107,52
DA:110,787
DA:111,88
DA:115,787
DA:116,144
DA:118,144
DA:119,59
DA:120,40
DA:121,40
DA:124,643
DA:126,643
DA:127,31
DA:128,31
DA:129,31
DA:139,54
DA:140,838
DA:141,819
DA:144,838
DA:147,54
DA:154,54
DA:155,0
DA:158,54
DA:160,54
DA:164,54
DA:166,54
DA:168,54
DA:169,54
DA:170,54
DA:171,54
DA:180,361
DA:187,11
DA:188,11
DA:191,1
DA:192,2
DA:196,54
DA:197,390
DA:200,54
DA:203,54
DA:204,48
DA:207,87
DA:208,4
DA:216,4
DA:217,4
DA:218,3
DA:219,3
DA:224,3
DA:226,3
DA:227,2
DA:228,2
DA:229,2
DA:232,1
DA:233,1
DA:237,1
DA:247,87
DA:248,56
DA:256,56
DA:260,87
DA:263,185
DA:271,185
DA:277,54
DA:278,7
DA:280,10
DA:283,10
DA:290,54
DA:291,54
DA:292,126
DA:295,852
DA:298,2
DA:304,54
DA:306,54
DA:310,54
DA:317,20
DA:319,20
DA:320,20
DA:323,20
DA:327,0
DA:331,0
DA:335,36
LF:103
LH:97
BRDA:58,0,0,3
BRDA:58,0,1,1
BRDA:59,1,0,3
BRDA:59,1,1,0
BRDA:73,2,0,1
BRDA:73,2,1,0
BRDA:77,3,0,0
BRDA:77,3,1,1
BRDA:90,4,0,1
BRDA:90,4,1,261
BRDA:106,5,0,52
BRDA:106,5,1,787
BRDA:110,6,0,88
BRDA:110,6,1,699
BRDA:115,7,0,144
BRDA:115,7,1,643
BRDA:124,8,0,643
BRDA:124,8,1,0
BRDA:126,9,0,31
BRDA:126,9,1,612
BRDA:140,10,0,819
BRDA:140,10,1,19
BRDA:154,11,0,0
BRDA:154,11,1,54
BRDA:158,12,0,54
BRDA:158,12,1,17
BRDA:203,13,0,48
BRDA:203,13,1,6
BRDA:217,14,0,3
BRDA:217,14,1,1
BRDA:226,15,0,2
BRDA:226,15,1,1
BRDA:277,16,0,7
BRDA:277,16,1,47
BRDA:290,17,0,54
BRDA:290,17,1,0
BRDA:319,18,0,20
BRDA:319,18,1,0
BRDA:319,19,0,20
BRDA:319,19,1,20
BRF:40
BRH:33
end_of_record
TN:
SF:src/renderer/ContextSaver.ts
FN:31,setNamespaceCtx
FN:40,resetNamespaceCtx
FN:44,getNamespaceCtx
FN:48,setContext
FN:56,resetContext
FNF:5
FNH:5
FNDA:2237,setNamespaceCtx
FNDA:2235,resetNamespaceCtx
FNDA:915,getNamespaceCtx
FNDA:74,setContext
FNDA:74,resetContext
DA:28,59
DA:32,2237
DA:34,2237
DA:36,2237
DA:41,2235
DA:45,915
DA:49,74
DA:51,74
DA:53,74
DA:57,74
DA:59,74
LF:11
LH:11
BRF:0
BRH:0
end_of_record
TN:
SF:src/renderer/ErrorHandler.ts
FN:32,consoleError
FN:41,handleRootError
FN:47,createClassErrorUpdate
FN:53,(anonymous_3)
FN:61,callback
FN:75,isPromise
FN:79,handleRenderThrowError
FN:137,triggerUpdate
FN:149,handleSubmitError
FNF:9
FNH:7
FNDA:6,consoleError
FNDA:4,handleRootError
FNDA:2,createClassErrorUpdate
FNDA:1,(anonymous_3)
FNDA:1,callback
FNDA:189,isPromise
FNDA:10,handleRenderThrowError
FNDA:0,triggerUpdate
FNDA:0,handleSubmitError
DA:33,6
DA:35,6
DA:37,0
DA:43,4
DA:44,4
DA:48,2
DA:49,2
DA:51,2
DA:52,2
DA:53,1
DA:54,1
DA:55,1
DA:59,2
DA:60,2
DA:61,1
DA:62,1
DA:64,1
DA:68,1
DA:73,2
DA:76,189
DA:81,10
DA:83,10
DA:86,10
DA:88,4
DA:89,4
DA:90,4
DA:95,6
DA:98,6
DA:99,6
DA:100,12
DA:102,4
DA:103,4
DA:104,4
DA:105,4
DA:108,2
DA:109,2
DA:110,2
DA:115,2
DA:118,2
DA:119,2
DA:121,2
DA:124,2
DA:126,2
DA:128,0
DA:130,6
DA:132,6
DA:138,0
DA:139,0
DA:140,0
DA:142,0
DA:143,0
DA:144,0
DA:150,0
DA:151,0
DA:152,0
DA:155,0
DA:157,0
DA:158,0
DA:159,0
DA:160,0
DA:161,0
DA:163,0
DA:164,0
DA:165,0
DA:166,0
DA:167,0
DA:169,0
DA:171,0
DA:172,0
DA:175,0
DA:180,0
DA:181,0
DA:184,0
DA:187,0
DA:192,0
DA:195,0
LF:76
LH:44
BRDA:33,0,0,6
BRDA:33,0,1,0
BRDA:52,1,0,1
BRDA:52,1,1,1
BRDA:60,2,0,1
BRDA:60,2,1,1
BRDA:60,3,0,2
BRDA:60,3,1,2
BRDA:62,4,0,1
BRDA:62,4,1,0
BRDA:76,5,0,189
BRDA:76,5,1,187
BRDA:76,5,2,10
BRDA:86,6,0,4
BRDA:86,6,1,6
BRDA:89,7,0,4
BRDA:89,7,1,0
BRDA:100,8,0,4
BRDA:100,8,1,2
BRDA:100,8,2,6
BRDA:110,9,0,2
BRDA:110,9,1,0
BRDA:111,10,0,2
BRDA:111,10,1,2
BRDA:111,10,2,1
BRDA:111,10,3,1
BRDA:143,11,0,0
BRDA:143,11,1,0
BRDA:150,12,0,0
BRDA:150,12,1,0
BRDA:158,13,0,0
BRDA:158,13,1,0
BRDA:161,14,0,0
BRDA:161,14,1,0
BRDA:165,15,0,0
BRDA:165,15,1,0
BRDA:165,16,0,0
BRDA:165,16,1,0
BRDA:167,17,0,0
BRDA:167,17,1,0
BRDA:172,18,0,0
BRDA:172,18,1,0
BRDA:180,19,0,0
BRDA:180,19,1,0
BRDA:180,20,0,0
BRDA:180,20,1,0
BRDA:181,21,0,0
BRDA:181,21,1,0
BRF:48
BRH:22
end_of_record
TN:
SF:src/renderer/ExecuteMode.ts
FN:31,changeMode
FN:35,checkMode
FN:39,isExecuting
FN:43,copyExecuteMode
FN:47,setExecuteMode
FNF:5
FNH:5
FNDA:4331,changeMode
FNDA:1851,checkMode
FNDA:1308,isExecuting
FNDA:3823,copyExecuteMode
FNDA:3823,setExecuteMode
DA:16,59
DA:17,59
DA:18,59
DA:19,59
DA:24,59
DA:32,4331
DA:36,1851
DA:40,1308
DA:44,3823
DA:48,3823
LF:10
LH:10
BRDA:31,0,0,0
BRDA:40,1,0,1308
BRDA:40,1,1,1308
BRDA:40,1,2,1293
BRDA:40,1,3,1215
BRF:5
BRH:4
end_of_record
TN:
SF:src/renderer/GlobalVar.ts
FN:20,getProcessingClassVNode
FN:23,setProcessingClassVNode
FN:29,getProcessingVNode
FN:32,setProcessingVNode
FN:38,getStartVNode
FN:41,setStartVNode
FN:52,setBuildResult
FN:56,getBuildResult
FNF:8
FNH:8
FNDA:2279,getProcessingClassVNode
FNDA:1124,setProcessingClassVNode
FNDA:4412,getProcessingVNode
FNDA:6348,setProcessingVNode
FNDA:6719,getStartVNode
FNDA:908,setStartVNode
FNDA:1816,setBuildResult
FNDA:1814,getBuildResult
DA:19,59
DA:21,2279
DA:24,1124
DA:28,59
DA:30,4412
DA:33,6348
DA:37,59
DA:39,6719
DA:42,908
DA:46,59
DA:47,59
DA:48,59
DA:49,59
DA:51,59
DA:53,1816
DA:57,1814
LF:16
LH:16
BRF:0
BRH:0
end_of_record
TN:
SF:src/renderer/Renderer.ts
FN:27,startUpdate
FN:40,getFirstCustomDom
FNF:2
FNH:2
FNDA:628,startUpdate
FNDA:902,getFirstCustomDom
DA:28,628
DA:29,628
DA:31,628
DA:32,280
DA:35,628
DA:37,628
DA:41,902
DA:42,403
DA:44,499
LF:9
LH:9
BRDA:31,0,0,280
BRDA:31,0,1,348
BRDA:41,1,0,403
BRDA:41,1,1,499
BRF:4
BRH:4
end_of_record
TN:
SF:src/renderer/RootStack.ts
FN:20,getCurrentRoot
FN:24,pushCurrentRoot
FN:29,popCurrentRoot
FNF:3
FNH:3
FNDA:918,getCurrentRoot
FNDA:930,pushCurrentRoot
FNDA:922,popCurrentRoot
DA:18,59
DA:19,59
DA:21,918
DA:25,930
DA:26,930
DA:30,922
DA:31,922
DA:32,922
DA:33,922
LF:9
LH:9
BRF:0
BRH:0
end_of_record
TN:
SF:src/renderer/TreeBuilder.ts
FN:67,setProcessing
FN:72,resetProcessingVariables
FN:80,collectDirtyNodes
FN:110,bubbleVNode
FN:158,handleError
FN:175,isEqualByIndex
FN:187,getChildByIndex
FN:201,calcStartUpdateVNode
FN:222,(anonymous_8)
FN:245,recoverTreeContext
FN:260,(anonymous_10)
FN:263,(anonymous_11)
FN:269,resetTreeContext
FN:284,buildVNodeTree
FN:355,renderFromRoot
FN:385,tryRenderFromRoot
FN:393,launchUpdateFromVNode
FN:428,runDiscreteUpdates
FN:439,asyncUpdates
FN:455,syncUpdates
FNF:20
FNH:19
FNDA:0,setProcessing
FNDA:908,resetProcessingVariables
FNDA:2316,collectDirtyNodes
FNDA:1251,bubbleVNode
FNDA:12,handleError
FNDA:26,isEqualByIndex
FNDA:14,getChildByIndex
FNDA:908,calcStartUpdateVNode
FNDA:14,(anonymous_8)
FNDA:273,recoverTreeContext
FNDA:2,(anonymous_10)
FNDA:12,(anonymous_11)
FNDA:273,resetTreeContext
FNDA:908,buildVNodeTree
FNDA:908,renderFromRoot
FNDA:1335,tryRenderFromRoot
FNDA:935,launchUpdateFromVNode
FNDA:202,runDiscreteUpdates
FNDA:375,asyncUpdates
FNDA:508,syncUpdates
DA:59,59
DA:62,59
DA:65,59
DA:68,0
DA:74,908
DA:75,908
DA:76,908
DA:82,2316
DA:83,2316
DA:84,773
DA:85,750
DA:88,23
DA:89,0
DA:91,23
DA:93,23
DA:95,773
DA:98,2316
DA:99,785
DA:100,594
DA:102,191
DA:111,1251
DA:113,1251
DA:114,3225
DA:116,3225
DA:118,3221
DA:121,3221
DA:123,3221
DA:124,2316
DA:129,3225
DA:130,906
DA:132,273
DA:135,906
DA:136,906
DA:139,2319
DA:140,2319
DA:142,345
DA:143,345
DA:147,1974
DA:149,1974
DA:153,906
DA:154,900
DA:159,12
DA:161,2
DA:162,2
DA:164,2
DA:165,2
DA:169,10
DA:171,10
DA:176,26
DA:177,26
DA:178,32
DA:179,32
DA:180,6
DA:184,20
DA:188,14
DA:189,14
DA:191,2
DA:192,0
DA:195,2
DA:197,14
DA:202,908
DA:204,908
DA:205,5
DA:208,903
DA:209,897
DA:210,897
DA:211,0
DA:213,897
DA:218,6
DA:219,0
DA:222,14
DA:224,6
DA:225,6
DA:226,20
DA:229,6
DA:231,6
DA:232,6
DA:233,14
DA:234,14
DA:236,14
DA:237,0
DA:241,6
DA:246,273
DA:247,273
DA:248,273
DA:249,273
DA:250,945
DA:251,12
DA:252,933
DA:253,2
DA:255,945
DA:256,2
DA:258,945
DA:260,273
DA:261,2
DA:263,273
DA:264,12
DA:270,273
DA:272,273
DA:273,945
DA:274,12
DA:276,945
DA:277,2
DA:279,945
DA:285,908
DA:286,908
DA:289,908
DA:291,908
DA:294,908
DA:296,908
DA:299,273
DA:300,273
DA:301,331
DA:302,331
DA:303,125
DA:304,206
DA:305,148
DA:307,58
DA:311,273
DA:312,273
DA:313,273
DA:317,273
DA:321,908
DA:323,908
DA:324,0
DA:325,0
DA:328,908
DA:329,3227
DA:331,3227
DA:333,3215
DA:335,1241
DA:337,1974
DA:340,12
DA:343,908
DA:346,273
DA:349,908
DA:351,908
DA:356,908
DA:357,908
DA:360,908
DA:363,908
DA:364,2
DA:368,906
DA:370,902
DA:371,902
DA:372,0
DA:375,0
DA:376,0
DA:378,0
DA:379,0
DA:381,902
DA:386,1335
DA:388,403
DA:395,935
DA:398,934
DA:399,934
DA:402,4
DA:406,930
DA:408,930
DA:416,505
DA:418,425
DA:420,425
DA:422,155
DA:429,202
DA:431,4
DA:434,198
DA:440,375
DA:441,375
DA:442,375
DA:443,375
DA:445,375
DA:446,375
DA:448,274
DA:456,508
DA:458,508
DA:459,508
DA:461,508
DA:462,508
DA:464,508
DA:465,508
DA:467,476
LF:181
LH:168
BRDA:83,0,0,773
BRDA:83,0,1,1543
BRDA:83,1,0,2316
BRDA:83,1,1,773
BRDA:84,2,0,750
BRDA:84,2,1,23
BRDA:88,3,0,0
BRDA:88,3,1,23
BRDA:98,4,0,785
BRDA:98,4,1,1531
BRDA:99,5,0,594
BRDA:99,5,1,191
BRDA:116,6,0,3221
BRDA:116,6,1,4
BRDA:123,7,0,2316
BRDA:123,7,1,905
BRDA:123,8,0,3221
BRDA:123,8,1,2588
BRDA:123,8,2,2316
BRDA:129,9,0,906
BRDA:129,9,1,2319
BRDA:130,10,0,273
BRDA:130,10,1,633
BRDA:140,11,0,345
BRDA:140,11,1,1974
BRDA:153,12,0,900
BRDA:153,12,1,6
BRDA:159,13,0,2
BRDA:159,13,1,10
BRDA:159,14,0,12
BRDA:159,14,1,12
BRDA:179,15,0,6
BRDA:179,15,1,26
BRDA:179,16,0,32
BRDA:179,16,1,31
BRDA:191,17,0,0
BRDA:191,17,1,2
BRDA:191,18,0,2
BRDA:191,18,1,2
BRDA:204,19,0,5
BRDA:204,19,1,903
BRDA:208,20,0,897
BRDA:208,20,1,6
BRDA:210,21,0,0
BRDA:210,21,1,897
BRDA:218,22,0,0
BRDA:218,22,1,6
BRDA:236,23,0,0
BRDA:236,23,1,14
BRDA:250,24,0,12
BRDA:250,24,1,933
BRDA:252,25,0,2
BRDA:252,25,1,931
BRDA:255,26,0,2
BRDA:255,26,1,943
BRDA:273,27,0,12
BRDA:273,27,1,933
BRDA:276,28,0,2
BRDA:276,28,1,943
BRDA:296,29,0,273
BRDA:296,29,1,635
BRDA:302,30,0,125
BRDA:302,30,1,206
BRDA:304,31,0,148
BRDA:304,31,1,58
BRDA:304,32,0,206
BRDA:304,32,1,60
BRDA:311,33,0,273
BRDA:311,33,1,0
BRDA:323,34,0,0
BRDA:323,34,1,908
BRDA:333,35,0,1241
BRDA:333,35,1,1974
BRDA:343,36,0,273
BRDA:343,36,1,635
BRDA:363,37,0,2
BRDA:363,37,1,906
BRDA:371,38,0,0
BRDA:371,38,1,902
BRDA:375,39,0,0
BRDA:375,39,1,0
BRDA:386,40,0,403
BRDA:386,40,1,932
BRDA:386,41,0,1335
BRDA:386,41,1,499
BRDA:399,42,0,4
BRDA:399,42,1,930
BRDA:408,43,0,505
BRDA:408,43,1,425
BRDA:409,44,0,930
BRDA:409,44,1,517
BRDA:420,45,0,155
BRDA:420,45,1,270
BRDA:429,46,0,4
BRDA:429,46,1,198
BRDA:429,47,0,202
BRDA:429,47,1,202
BRDA:446,48,0,274
BRDA:446,48,1,101
BRDA:465,49,0,476
BRDA:465,49,1,32
BRF:101
BRH:91
end_of_record
TN:
SF:src/renderer/UpdateHandler.ts
FN:35,newUpdate
FN:44,pushUpdate
FN:54,calcState
FN:75,collectCallbacks
FN:87,calcUpdates
FN:90,(anonymous_5)
FN:100,processUpdates
FN:113,pushForceUpdate
FNF:8
FNH:7
FNDA:638,newUpdate
FNDA:638,pushUpdate
FNDA:638,calcState
FNDA:638,collectCallbacks
FNDA:638,calcUpdates
FNDA:638,(anonymous_5)
FNDA:931,processUpdates
FNDA:0,pushForceUpdate
DA:36,638
DA:45,638
DA:46,638
DA:47,630
DA:49,8
DA:55,638
DA:57,1
DA:58,1
DA:60,1
DA:61,1
DA:63,2
DA:64,2
DA:66,636
DA:67,636
DA:68,636
DA:70,0
DA:76,638
DA:77,281
DA:78,281
DA:79,281
DA:81,0
DA:88,638
DA:90,638
DA:91,638
DA:92,638
DA:95,638
DA:96,638
DA:101,931
DA:102,931
DA:104,931
DA:105,638
DA:106,638
DA:107,638
DA:108,638
[...]
FNF:26
FNH:24
FNDA:4,callComponentWillUnmount
FNDA:5,callBeforeSubmitLifeCycles
FNDA:300,callStateCallback
FNDA:281,(anonymous_3)
FNDA:786,callAfterSubmitLifeCycles
FNDA:8,hideOrUnhideAllChildren
FNDA:23,(anonymous_6)
FNDA:728,handleRef
FNDA:31,attachRef
FNDA:697,detachRef
FNDA:313,unmountNestedVNodes
FNDA:782,(anonymous_11)
FNDA:329,(anonymous_12)
FNDA:292,unmountDomComponents
FNDA:656,(anonymous_14)
FNDA:423,(anonymous_15)
FNDA:142,(anonymous_16)
FNDA:1112,unmountVNode
FNDA:335,insertDom
FNDA:710,insertOrAppendPlacementNode
FNDA:326,submitAddition
FNDA:0,submitClear
FNDA:286,submitDeletion
FNDA:8,submitSuspenseComponent
FNDA:505,submitUpdate
FNDA:0,submitResetTextContent
DA:58,4
DA:59,4
DA:61,0
DA:67,5
DA:69,5
DA:70,5
DA:71,5
DA:73,5
DA:76,5
DA:82,300
DA:83,300
DA:84,300
DA:85,281
DA:86,281
DA:87,281
DA:95,786
DA:99,149
DA:101,149
DA:102,149
DA:105,20
DA:106,20
DA:107,19
DA:108,11
DA:110,8
DA:111,8
DA:113,8
DA:117,20
DA:118,20
DA:121,280
DA:122,280
DA:123,280
DA:126,316
DA:128,0
DA:129,0
DA:139,8
DA:142,23
DA:144,23
DA:145,6
DA:146,0
DA:148,6
DA:159,728
DA:160,50
DA:162,50
DA:163,9
DA:164,41
DA:165,37
DA:167,4
DA:168,4
DA:175,31
DA:177,31
DA:181,697
DA:183,697
DA:188,313
DA:191,782
DA:195,329
DA:203,292
DA:208,292
DA:211,656
DA:212,294
DA:214,294
DA:215,324
DA:216,324
DA:217,292
DA:218,292
DA:220,32
DA:222,294
DA:225,656
DA:227,313
DA:230,313
DA:231,343
DA:232,13
DA:233,11
DA:236,330
DA:241,423
DA:244,142
DA:246,6
DA:254,1112
DA:258,325
DA:259,325
DA:262,76
DA:264,76
DA:267,76
DA:268,4
DA:272,76
DA:273,31
DA:274,31
DA:276,76
DA:279,618
DA:280,618
DA:284,6
DA:285,6
DA:288,87
DA:294,335
DA:295,2
DA:297,333
DA:302,710
DA:304,710
DA:305,335
DA:306,375
DA:310,367
DA:311,367
DA:312,384
DA:313,384
DA:319,326
DA:322,326
DA:323,362
DA:324,362
DA:325,326
DA:326,326
DA:328,36
DA:331,326
DA:333,0
DA:334,0
DA:337,326
DA:338,0
DA:339,0
DA:340,0
DA:342,326
DA:343,326
DA:347,0
DA:348,0
DA:352,0
DA:353,0
DA:354,0
DA:355,0
DA:358,0
DA:359,0
DA:363,0
DA:366,0
DA:367,0
DA:368,0
DA:369,0
DA:370,0
DA:372,0
DA:374,0
DA:376,0
DA:378,0
DA:379,0
DA:380,0
DA:384,0
DA:385,0
DA:386,0
DA:387,0
DA:388,0
DA:389,0
DA:390,0
DA:395,286
DA:398,286
DA:402,8
DA:403,8
DA:404,8
DA:409,505
DA:414,149
DA:415,149
DA:419,329
DA:420,329
DA:423,8
DA:424,8
DA:425,8
DA:428,19
DA:434,0
LF:161
LH:124
BRDA:67,0,0,5
BRDA:67,0,1,0
BRDA:67,1,0,5
BRDA:67,1,1,5
BRDA:69,2,0,0
BRDA:69,2,1,5
BRDA:84,3,0,281
BRDA:84,3,1,19
BRDA:86,4,0,281
BRDA:86,4,1,0
BRDA:95,5,0,138
BRDA:95,5,1,149
BRDA:95,5,2,20
BRDA:95,5,3,280
BRDA:95,5,4,316
BRDA:106,6,0,19
BRDA:106,6,1,1
BRDA:107,7,0,11
BRDA:107,7,1,8
BRDA:110,8,0,0
BRDA:110,8,1,8
BRDA:121,9,0,28
BRDA:121,9,1,252
BRDA:126,10,0,0
BRDA:126,10,1,316
BRDA:126,11,0,316
BRDA:126,11,1,0
BRDA:128,12,0,0
BRDA:128,12,1,0
BRDA:144,13,0,6
BRDA:144,13,1,17
BRDA:144,14,0,23
BRDA:144,14,1,17
BRDA:145,15,0,0
BRDA:145,15,1,6
BRDA:159,16,0,50
BRDA:159,16,1,678
BRDA:159,17,0,728
BRDA:159,17,1,50
BRDA:162,18,0,9
BRDA:162,18,1,41
BRDA:164,19,0,37
BRDA:164,19,1,4
BRDA:167,20,0,4
BRDA:167,20,1,0
BRDA:167,21,0,4
BRDA:167,21,1,4
BRDA:181,22,0,3
BRDA:181,22,1,694
BRDA:211,23,0,294
BRDA:211,23,1,362
BRDA:216,24,0,292
BRDA:216,24,1,32
BRDA:216,25,0,324
BRDA:216,25,1,312
BRDA:216,25,2,35
BRDA:225,26,0,313
BRDA:225,26,1,343
BRDA:225,27,0,656
BRDA:225,27,1,358
BRDA:231,28,0,13
BRDA:231,28,1,330
BRDA:232,29,0,11
BRDA:232,29,1,2
BRDA:241,30,0,423
BRDA:241,30,1,337
BRDA:244,31,0,6
BRDA:244,31,1,136
BRDA:254,32,0,309
BRDA:254,32,1,317
BRDA:254,32,2,325
BRDA:254,32,3,76
BRDA:254,32,4,618
BRDA:254,32,5,6
BRDA:254,32,6,87
BRDA:267,33,0,4
BRDA:267,33,1,72
BRDA:267,34,0,76
BRDA:267,34,1,76
BRDA:267,34,2,4
BRDA:272,35,0,31
BRDA:272,35,1,45
BRDA:294,36,0,2
BRDA:294,36,1,333
BRDA:304,37,0,335
BRDA:304,37,1,375
BRDA:306,38,0,8
BRDA:306,38,1,367
BRDA:324,39,0,326
BRDA:324,39,1,36
BRDA:324,40,0,362
BRDA:324,40,1,355
BRDA:324,40,2,55
BRDA:331,41,0,0
BRDA:331,41,1,326
BRDA:337,42,0,0
BRDA:337,42,1,326
BRDA:358,43,0,0
BRDA:358,43,1,0
BRDA:368,44,0,0
BRDA:368,44,1,0
BRDA:368,45,0,0
BRDA:368,45,1,0
BRDA:368,45,2,0
BRDA:403,46,0,8
BRDA:403,46,1,0
BRDA:409,47,0,138
BRDA:409,47,1,149
BRDA:409,47,2,149
BRDA:409,47,3,316
BRDA:409,47,4,329
BRDA:409,47,5,8
BRDA:409,47,6,19
BRF:113
BRH:93
end_of_record
TN:
SF:src/renderer/submit/Submit.ts
FN:44,beforeSubmit
FN:59,submit
FN:110,afterSubmit
FN:129,setRootThrowError
FN:136,countLoopingUpdate
FN:149,checkLoopingUpdateLimit
FN:161,submitToRender
FNF:7
FNH:7
FNDA:859,beforeSubmit
FNDA:859,submit
FNDA:859,afterSubmit
FNDA:4,setRootThrowError
FNDA:906,countLoopingUpdate
FNDA:935,checkLoopingUpdateLimit
FNDA:906,submitToRender
DA:37,59
DA:40,59
DA:41,59
DA:42,59
DA:46,859
DA:47,859
DA:48,1367
DA:49,1367
DA:50,1367
DA:51,5
DA:54,0
DA:61,859
DA:66,859
DA:67,1367
DA:68,1367
DA:69,1367
DA:70,0
DA:73,1367
DA:74,31
DA:76,3
DA:80,1367
DA:81,1367
DA:82,1367
DA:84,55
DA:85,55
DA:88,55
DA:90,1312
DA:91,1312
DA:92,1312
DA:93,271
DA:94,271
DA:95,1041
DA:96,450
DA:97,591
DA:98,286
DA:100,1312
DA:101,0
DA:105,0
DA:112,859
DA:113,859
DA:114,1367
DA:115,1367
DA:116,1367
DA:117,786
DA:120,1367
DA:121,31
DA:124,0
DA:130,4
DA:131,4
DA:137,906
DA:138,70
DA:139,57
DA:141,13
DA:142,13
DA:145,836
DA:150,935
DA:151,1
DA:152,1
DA:154,1
DA:162,906
DA:164,906
DA:166,906
DA:168,906
DA:170,296
DA:171,17
DA:173,279
DA:177,906
DA:178,906
DA:179,859
DA:180,859
DA:182,859
DA:184,859
DA:187,859
DA:189,859
DA:192,859
DA:194,859
DA:195,859
DA:196,859
DA:199,906
DA:200,150
DA:204,906
DA:207,906
DA:209,906
DA:210,4
DA:211,4
DA:212,4
DA:215,902
LF:87
LH:82
BRDA:50,0,0,5
BRDA:50,0,1,1362
BRDA:69,1,0,0
BRDA:69,1,1,1367
BRDA:73,2,0,31
BRDA:73,2,1,1336
BRDA:74,3,0,3
BRDA:74,3,1,28
BRDA:82,4,0,55
BRDA:82,4,1,1312
BRDA:82,5,0,1367
BRDA:82,5,1,326
BRDA:92,6,0,271
BRDA:92,6,1,1041
BRDA:95,7,0,450
BRDA:95,7,1,591
BRDA:97,8,0,286
BRDA:97,8,1,305
BRDA:100,9,0,0
BRDA:100,9,1,1312
BRDA:116,10,0,786
BRDA:116,10,1,581
BRDA:116,11,0,1367
BRDA:116,11,1,862
BRDA:120,12,0,31
BRDA:120,12,1,1336
BRDA:130,13,0,4
BRDA:130,13,1,0
BRDA:137,14,0,70
BRDA:137,14,1,836
BRDA:138,15,0,57
BRDA:138,15,1,13
BRDA:150,16,0,1
BRDA:150,16,1,934
BRDA:168,17,0,296
BRDA:168,17,1,610
BRDA:170,18,0,17
BRDA:170,18,1,279
BRDA:178,19,0,859
BRDA:178,19,1,47
BRDA:178,20,0,906
BRDA:178,20,1,859
BRDA:199,21,0,150
BRDA:199,21,1,756
BRDA:209,22,0,4
BRDA:209,22,1,902
BRF:46
BRH:43
end_of_record
TN:
SF:src/renderer/taskExecutor/BrowserAsync.ts
FN:26,isOverTime
FN:30,asyncCall
FN:39,(anonymous_2)
FN:72,requestBrowserCallback
FNF:4
FNH:2
FNDA:0,isOverTime
FNDA:46,asyncCall
FNDA:0,(anonymous_2)
FNDA:46,requestBrowserCallback
DA:20,59
DA:21,59
DA:22,59
DA:23,59
DA:24,59
DA:27,0
DA:31,46
DA:32,0
DA:34,46
DA:39,59
DA:40,0
DA:41,0
DA:44,0
DA:46,0
DA:48,0
DA:50,0
DA:51,0
DA:54,0
DA:57,0
DA:58,0
DA:62,59
DA:63,59
DA:64,59
DA:65,59
DA:66,59
DA:69,0
DA:73,46
DA:75,46
DA:76,46
DA:77,46
LF:30
LH:17
BRDA:31,0,0,0
BRDA:31,0,1,46
BRDA:40,1,0,0
BRDA:40,1,1,0
BRDA:48,2,0,0
BRDA:48,2,1,0
BRDA:62,3,0,59
BRDA:62,3,1,0
BRDA:75,4,0,46
BRDA:75,4,1,0
BRF:10
BRH:3
end_of_record
TN:
SF:src/renderer/taskExecutor/RenderQueue.ts
FN:31,callRenderQueue
FN:51,callRenderQueueImmediate
FN:61,pushRenderCallback
FNF:3
FNH:3
FNDA:1151,callRenderQueue
FNDA:1151,callRenderQueueImmediate
FNDA:403,pushRenderCallback
DA:24,59
DA:26,59
DA:28,59
DA:32,1151
DA:34,337
DA:36,337
DA:38,337
DA:39,403
DA:42,335
DA:44,2
DA:46,337
DA:52,1151
DA:54,335
DA:55,335
DA:58,1151
DA:62,403
DA:63,335
DA:65,335
DA:68,68
DA:72,403
LF:20
LH:20
BRDA:32,0,0,337
BRDA:32,0,1,814
BRDA:32,1,0,1151
BRDA:32,1,1,1151
BRDA:52,2,0,335
BRDA:52,2,1,816
BRDA:62,3,0,335
BRDA:62,3,1,68
BRF:8
BRH:8
end_of_record
TN:
SF:src/renderer/taskExecutor/TaskExecutor.ts
FN:37,callTasks
FN:78,runAsync
FN:106,cancelTask
FNF:3
FNH:2
FNDA:0,callTasks
FNDA:485,runAsync
FNDA:335,cancelTask
DA:25,59
DA:26,59
DA:29,59
DA:32,59
DA:35,59
DA:38,0
DA:39,0
DA:41,0
DA:42,0
DA:43,0
DA:46,0
DA:47,0
DA:49,0
DA:52,0
DA:53,0
DA:54,0
DA:56,0
DA:58,0
DA:59,0
DA:62,0
DA:65,0
DA:68,0
DA:72,0
DA:74,0
DA:80,485
DA:82,335
DA:83,335
DA:86,150
DA:87,150
DA:90,485
DA:96,485
DA:98,485
DA:99,46
DA:100,46
DA:103,485
DA:107,335
LF:36
LH:17
BRDA:47,0,0,0
BRDA:47,0,1,0
BRDA:53,1,0,0
BRDA:53,1,1,0
BRDA:58,2,0,0
BRDA:58,2,1,0
BRDA:78,3,0,150
BRDA:80,4,0,335
BRDA:80,4,1,150
BRDA:80,4,2,150
BRDA:98,5,0,46
BRDA:98,5,1,439
BRDA:98,6,0,485
BRDA:98,6,1,46
BRF:14
BRH:8
end_of_record
TN:
SF:src/renderer/taskExecutor/TaskQueue.ts
FN:30,compare
FN:37,getBiggerIdx
FN:54,add
FN:65,first
FN:70,shift
FN:75,remove
FNF:6
FNH:3
FNDA:1552,compare
FNDA:485,getBiggerIdx
FNDA:485,add
FNDA:0,first
FNDA:0,shift
FNDA:0,remove
DA:28,59
DA:32,1552
DA:33,1552
DA:38,485
DA:39,485
DA:41,485
DA:42,1552
DA:44,1552
DA:45,245
DA:47,1307
DA:51,485
DA:56,485
DA:58,485
DA:59,341
DA:61,144
DA:66,0
DA:67,0
DA:71,0
DA:72,0
DA:76,0
LF:20
LH:15
BRDA:33,0,0,1552
BRDA:33,0,1,0
BRDA:44,1,0,245
BRDA:44,1,1,1307
BRDA:51,2,0,144
BRDA:51,2,1,341
BRDA:58,3,0,341
BRDA:58,3,1,144
BRDA:67,4,0,0
BRDA:67,4,1,0
BRDA:72,5,0,0
BRDA:72,5,1,0
BRF:12
BRH:7
end_of_record
TN:
SF:src/renderer/utils/compare.ts
FN:19,isSame
FN:33,isArrayEqual
FN:45,shallowCompare
FN:61,(anonymous_3)
FNF:4
FNH:4
FNDA:199,isSame
FNDA:118,isArrayEqual
FNDA:5,shallowCompare
FNDA:1,(anonymous_3)
DA:20,199
DA:21,0
DA:23,0
DA:26,0
DA:29,199
DA:34,118
DA:35,0
DA:37,118
DA:38,21
DA:39,12
DA:42,106
DA:46,5
DA:47,0
DA:51,5
DA:52,5
DA:53,5
DA:56,5
DA:57,0
DA:60,5
DA:61,1
DA:65,0
LF:21
LH:14
BRDA:20,0,0,0
BRDA:20,0,1,199
BRDA:21,1,0,0
BRDA:21,1,1,0
BRDA:23,2,0,0
BRDA:23,2,1,0
BRDA:26,3,0,0
BRDA:26,3,1,0
BRDA:34,4,0,0
BRDA:34,4,1,118
BRDA:34,5,0,118
BRDA:34,5,1,118
BRDA:38,6,0,12
BRDA:38,6,1,9
BRDA:46,7,0,0
BRDA:46,7,1,5
BRDA:51,8,0,5
BRDA:51,8,1,0
BRDA:51,9,0,5
BRDA:51,9,1,5
BRDA:51,9,2,5
BRDA:51,9,3,5
BRDA:56,10,0,0
BRDA:56,10,1,5
BRDA:61,11,0,1
BRDA:61,11,1,1
BRF:26
BRH:15
end_of_record
TN:
SF:src/renderer/utils/throwIfTrue.ts
FN:18,throwIfTrue
FN:21,(anonymous_1)
FNF:2
FNH:1
FNDA:628,throwIfTrue
FNDA:0,(anonymous_1)
DA:19,628
DA:21,0
DA:23,0
DA:24,0
DA:26,0
LF:5
LH:1
BRDA:19,0,0,0
BRDA:19,0,1,628
BRDA:23,1,0,0
BRDA:23,1,1,0
BRF:4
BRH:1
end_of_record
TN:
SF:src/renderer/utils/vNodePath.ts
FN:24,markVNodePath
FN:28,getPathArr
FNF:2
FNH:2
FNDA:2325,markVNodePath
FNDA:14,getPathArr
DA:18,59
DA:25,2325
DA:29,14
LF:3
LH:3
BRF:0
BRH:0
end_of_record
TN:
SF:src/renderer/vnode/VNode.ts
FN:111,(anonymous_0)
FNF:1
FNH:1
FNDA:1463,(anonymous_0)
DA:41,59
DA:47,1463
DA:51,1463
DA:52,1463
DA:53,1463
DA:54,1463
DA:55,1463
DA:57,1463
DA:58,1463
DA:61,1463
DA:67,1463
DA:72,1463
DA:73,1463
DA:74,1463
DA:84,1463
DA:87,1463
DA:90,1463
DA:91,1463
DA:96,1463
DA:103,1463
DA:107,1463
DA:112,1463
DA:113,1463
DA:115,1463
DA:117,1463
DA:119,265
DA:120,265
DA:121,265
DA:122,265
DA:123,265
DA:124,265
DA:125,265
DA:126,265
DA:127,265
DA:128,265
DA:130,335
DA:131,335
DA:132,335
DA:133,335
DA:134,335
DA:135,335
DA:136,335
DA:137,335
DA:138,335
DA:139,335
DA:140,335
DA:142,79
DA:143,79
DA:144,79
DA:145,79
DA:146,79
DA:147,79
DA:148,79
DA:149,79
DA:150,79
DA:151,79
DA:152,79
DA:153,79
DA:154,79
DA:155,79
DA:157,15
DA:158,15
DA:159,15
DA:160,15
DA:161,15
DA:163,652
DA:164,652
DA:165,652
DA:166,652
DA:167,652
DA:169,34
DA:170,34
DA:172,6
DA:173,6
DA:180,6
DA:181,6
DA:183,25
DA:184,25
DA:185,25
DA:187,7
DA:188,7
DA:189,7
DA:191,6
DA:192,6
DA:193,6
DA:194,6
DA:195,6
DA:196,6
DA:197,6
DA:199,21
DA:201,10
DA:203,8
DA:205,0
DA:207,0
LF:94
LH:92
BRDA:41,0,0,59
BRDA:41,0,1,0
BRDA:117,1,0,265
BRDA:117,1,1,335
BRDA:117,1,2,79
BRDA:117,1,3,15
BRDA:117,1,4,652
BRDA:117,1,5,34
BRDA:117,1,6,6
BRDA:117,1,7,25
BRDA:117,1,8,7
BRDA:117,1,9,6
BRDA:117,1,10,21
BRDA:117,1,11,10
BRDA:117,1,12,8
BRDA:117,1,13,0
BRDA:117,1,14,0
BRF:17
BRH:14
end_of_record
TN:
SF:src/renderer/vnode/VNodeCreator.ts
FN:59,newVirtualNode
FN:63,isClassComponent
FN:71,getLazyVNodeTag
FN:81,updateVNode
FN:103,createFragmentVNode
FN:109,createDomTextVNode
FN:115,createPortalVNode
FN:123,createUndeterminedVNode
FN:154,getElementTag
FN:179,createTreeRootVNode
FN:187,createVNode
FN:204,createVNodeFromElement
FN:215,onlyUpdateChildVNodes
FN:238,(anonymous_13)
FNF:14
FNH:12
FNDA:1463,newVirtualNode
FNDA:419,isClassComponent
FNDA:6,getLazyVNodeTag
FNDA:2029,updateVNode
FNDA:21,createFragmentVNode
FNDA:34,createDomTextVNode
FNDA:15,createPortalVNode
FNDA:1132,createUndeterminedVNode
FNDA:0,getElementTag
FNDA:265,createTreeRootVNode
FNDA:0,createVNode
FNDA:1124,createVNodeFromElement
FNDA:89,onlyUpdateChildVNodes
FNDA:6,(anonymous_13)
DA:48,59
DA:52,59
DA:60,1463
DA:67,419
DA:72,6
DA:73,5
DA:74,1
DA:75,1
DA:77,0
DA:82,2029
DA:83,147
DA:86,2029
DA:87,9
DA:88,9
DA:91,2029
DA:92,2029
DA:94,2029
DA:96,2029
DA:97,2029
DA:98,2029
DA:100,2029
DA:104,21
DA:105,21
DA:106,21
DA:110,34
DA:111,34
DA:112,34
DA:116,15
DA:117,15
DA:118,15
DA:119,15
DA:120,15
DA:124,1132
DA:125,1132
DA:126,1132
DA:127,1132
DA:128,414
DA:129,79
DA:131,718
DA:132,652
DA:133,66
DA:134,6
DA:135,60
DA:136,56
DA:137,56
DA:139,4
DA:142,1128
DA:143,1128
DA:144,1128
DA:146,1128
DA:147,6
DA:150,1128
DA:151,1128
DA:155,0
DA:157,0
DA:158,0
DA:160,0
DA:161,0
DA:163,0
DA:164,0
DA:165,0
DA:167,0
DA:168,0
DA:169,0
DA:170,0
DA:171,0
DA:172,0
DA:175,0
DA:180,265
DA:181,265
DA:182,265
DA:183,265
DA:188,0
DA:189,0
DA:192,0
DA:193,0
DA:195,0
DA:196,0
DA:198,0
DA:201,0
DA:205,1124
DA:207,1124
DA:208,0
DA:210,1124
DA:217,89
DA:219,24
DA:221,24
DA:222,24
DA:223,28
DA:224,28
DA:225,28
DA:230,24
DA:234,65
DA:236,1
DA:238,1
DA:239,6
DA:240,6
DA:241,5
DA:242,5
DA:243,5
DA:244,0
DA:245,0
DA:250,1
DA:252,1
DA:253,5
DA:255,5
DA:257,5
DA:261,65
LF:108
LH:81
BRDA:72,0,0,5
BRDA:72,0,1,1
BRDA:73,1,0,2
BRDA:73,1,1,3
BRDA:74,2,0,1
BRDA:74,2,1,0
BRDA:74,3,0,1
BRDA:74,3,1,1
BRDA:74,3,2,1
BRDA:82,4,0,147
BRDA:82,4,1,1882
BRDA:86,5,0,9
BRDA:86,5,1,2020
BRDA:116,6,0,15
BRDA:116,6,1,1
BRDA:127,7,0,414
BRDA:127,7,1,718
BRDA:128,8,0,79
BRDA:128,8,1,335
BRDA:131,9,0,652
BRDA:131,9,1,66
BRDA:133,10,0,6
BRDA:133,10,1,60
BRDA:135,11,0,56
BRDA:135,11,1,4
BRDA:135,12,0,60
BRDA:135,12,1,58
BRDA:135,12,2,56
BRDA:139,13,0,4
BRDA:139,13,1,0
BRDA:139,14,0,4
BRDA:139,14,1,2
BRDA:146,15,0,6
BRDA:146,15,1,1122
BRDA:150,16,0,0
BRDA:150,16,1,1128
BRDA:157,17,0,0
BRDA:157,17,1,0
BRDA:157,18,0,0
BRDA:157,18,1,0
BRDA:157,18,2,0
BRDA:163,19,0,0
BRDA:163,19,1,0
BRDA:164,20,0,0
BRDA:164,20,1,0
BRDA:167,21,0,0
BRDA:167,21,1,0
BRDA:169,22,0,0
BRDA:169,22,1,0
BRDA:171,23,0,0
BRDA:171,23,1,0
BRDA:171,24,0,0
BRDA:171,24,1,0
BRDA:171,24,2,0
BRDA:189,25,0,0
BRDA:189,25,1,0
BRDA:207,26,0,0
BRDA:207,26,1,1124
BRDA:207,27,0,1124
BRDA:207,27,1,1124
BRDA:207,27,2,1124
BRDA:217,28,0,24
BRDA:217,28,1,65
BRDA:219,29,0,24
BRDA:219,29,1,0
BRDA:219,30,0,24
BRDA:219,30,1,24
BRDA:234,31,0,1
BRDA:234,31,1,64
BRDA:234,32,0,65
BRDA:234,32,1,31
BRDA:240,33,0,5
BRDA:240,33,1,1
BRF:73
BRH:48
end_of_record
TN:
SF:src/renderer/vnode/VNodeFlags.ts
FN:40,(anonymous_0)
FN:44,(anonymous_1)
FN:48,(anonymous_2)
FN:53,(anonymous_3)
FN:57,(anonymous_4)
FN:61,(anonymous_5)
FN:65,(anonymous_6)
FN:69,(anonymous_7)
FN:72,(anonymous_8)
FN:75,(anonymous_9)
FN:78,(anonymous_10)
FN:81,(anonymous_11)
FN:84,(anonymous_12)
FN:87,(anonymous_13)
FN:90,(anonymous_14)
FN:93,(anonymous_15)
FN:96,(anonymous_16)
FN:99,(anonymous_17)
FN:103,(anonymous_18)
FNF:19
FNH:15
FNDA:334,(anonymous_0)
FNDA:4,(anonymous_1)
FNDA:3222,(anonymous_2)
FNDA:17,(anonymous_3)
FNDA:2029,(anonymous_4)
FNDA:8,(anonymous_5)
FNDA:318,(anonymous_6)
FNDA:0,(anonymous_7)
FNDA:516,(anonymous_8)
FNDA:286,(anonymous_9)
FNDA:0,(anonymous_10)
FNDA:281,(anonymous_11)
FNDA:2,(anonymous_12)
FNDA:2,(anonymous_13)
FNDA:62,(anonymous_14)
FNDA:5,(anonymous_15)
FNDA:10,(anonymous_16)
FNDA:0,(anonymous_17)
FNDA:0,(anonymous_18)
DA:22,59
DA:24,59
DA:25,59
DA:26,59
DA:27,59
DA:28,59
DA:29,59
DA:30,59
DA:31,59
DA:32,59
DA:33,59
DA:34,59
DA:35,59
DA:36,59
DA:37,59
DA:39,59
DA:41,334
DA:45,4
DA:50,3222
DA:54,17
DA:58,2029
DA:62,8
DA:66,318
DA:70,0
DA:73,516
DA:76,286
DA:79,0
DA:82,281
DA:85,2
DA:88,2
DA:91,62
DA:94,5
DA:97,10
DA:100,0
DA:104,0
LF:35
LH:31
BRF:0
BRH:0
end_of_record
TN:
SF:src/renderer/vnode/VNodeShouldUpdate.ts
FN:20,updateShouldUpdateOfTree
FN:42,updateChildShouldUpdate
FN:56,setParentsChildShouldUpdate
FN:69,updateParentsChildShouldUpdate
FNF:4
FNH:4
FNDA:938,updateShouldUpdateOfTree
FNDA:4107,updateChildShouldUpdate
FNDA:70,setParentsChildShouldUpdate
FNDA:273,updateParentsChildShouldUpdate
DA:21,938
DA:24,938
DA:25,938
DA:26,938
DA:27,1036
DA:28,1036
DA:29,1036
DA:32,938
DA:33,934
DA:35,934
DA:38,4
DA:43,4107
DA:44,4107
DA:45,3543
DA:46,50
DA:47,50
DA:49,3493
DA:52,4057
DA:57,70
DA:58,70
DA:59,116
DA:60,65
DA:62,51
DA:64,51
DA:70,273
DA:71,273
DA:73,273
DA:76,55
DA:78,218
DA:79,886
DA:80,886
LF:31
LH:31
BRDA:32,0,0,934
BRDA:32,0,1,4
BRDA:45,1,0,50
BRDA:45,1,1,3493
BRDA:45,2,0,3543
BRDA:45,2,1,3519
BRDA:59,3,0,65
BRDA:59,3,1,51
BRDA:71,4,0,273
BRDA:71,4,1,222
BRDA:73,5,0,55
BRDA:73,5,1,218
BRF:12
BRH:12
end_of_record
TN:
SF:src/renderer/vnode/VNodeTags.ts
FNF:0
FNH:0
DA:21,59
DA:22,59
DA:23,59
DA:24,59
DA:25,59
DA:26,59
DA:27,59
DA:28,59
DA:29,59
DA:30,59
DA:31,59
DA:32,59
DA:33,59
DA:34,59
DA:35,59
LF:15
LH:15
BRF:0
BRH:0
end_of_record
TN:
SF:src/renderer/vnode/VNodeUtils.ts
FN:27,travelChildren
FN:46,travelVNodeTree
FN:97,clearVNode
FN:101,(anonymous_3)
FN:135,isDomVNode
FN:140,isDomContainer
FN:144,findDomVNode
FN:147,(anonymous_7)
FN:161,findDOMByClassInst
FN:172,getTreeRootVNode
FN:181,isMounted
FN:188,getSiblingDom
FN:229,isPortalRoot
FN:249,findRoot
FNF:14
FNH:9
FNDA:307,travelChildren
FNDA:836,travelVNodeTree
FNDA:286,clearVNode
FNDA:248,(anonymous_3)
FNDA:733,isDomVNode
FNDA:360,isDomContainer
FNDA:0,findDomVNode
FNDA:0,(anonymous_7)
FNDA:0,findDOMByClassInst
FNDA:0,getTreeRootVNode
FNDA:0,isMounted
FNDA:326,getSiblingDom
FNDA:3,isPortalRoot
FNDA:195,findRoot
DA:32,307
DA:34,307
DA:35,272
DA:36,2
DA:39,270
DA:41,270
DA:53,836
DA:55,836
DA:56,2001
DA:59,2001
DA:60,0
DA:64,2001
DA:65,2001
DA:66,836
DA:67,836
DA:68,836
DA:72,1165
DA:73,324
DA:76,841
DA:79,841
DA:80,1059
DA:81,512
DA:83,547
DA:85,547
DA:86,142
DA:90,329
DA:91,329
DA:92,329
DA:98,286
DA:101,286
DA:102,248
DA:104,286
DA:106,286
DA:107,286
DA:108,286
DA:109,286
DA:110,286
DA:111,286
DA:112,286
DA:113,286
DA:114,286
DA:115,286
DA:116,286
DA:117,286
DA:119,286
DA:120,286
DA:121,286
DA:122,286
DA:123,286
DA:125,286
DA:127,286
DA:128,286
DA:129,0
DA:130,0
DA:136,733
DA:141,360
DA:145,0
DA:148,0
DA:149,0
DA:151,0
DA:158,0
DA:162,0
DA:163,0
DA:164,0
DA:167,0
DA:169,0
DA:173,0
DA:174,0
DA:175,0
DA:177,0
DA:182,0
DA:184,0
DA:189,326
DA:191,326
DA:193,345
DA:195,360
DA:196,324
DA:198,36
DA:201,21
DA:202,21
DA:203,21
DA:206,21
DA:208,11
DA:209,9
DA:213,2
DA:214,0
DA:216,2
DA:217,2
DA:218,2
DA:222,12
DA:224,2
DA:230,3
DA:231,0
DA:232,0
DA:233,0
DA:234,0
DA:235,0
DA:237,0
DA:238,0
DA:241,0
DA:243,0
DA:245,3
DA:251,195
DA:252,195
DA:253,811
DA:254,195
DA:255,195
DA:256,192
DA:258,3
DA:259,0
DA:262,3
DA:263,3
DA:264,3
DA:265,1
DA:267,2
DA:268,2
DA:270,0
DA:273,616
DA:275,192
DA:276,0
DA:278,192
LF:121
LH:89
BRDA:35,0,0,2
BRDA:35,0,1,270
BRDA:35,1,0,272
BRDA:35,1,1,11
BRDA:59,2,0,0
BRDA:59,2,1,2001
BRDA:65,3,0,836
BRDA:65,3,1,1165
BRDA:65,4,0,2001
BRDA:65,4,1,1056
BRDA:65,4,2,1043
BRDA:72,5,0,324
BRDA:72,5,1,841
BRDA:80,6,0,512
BRDA:80,6,1,547
BRDA:80,7,0,1059
BRDA:80,7,1,1059
BRDA:85,8,0,142
BRDA:85,8,1,405
BRDA:128,9,0,0
BRDA:128,9,1,286
BRDA:136,10,0,733
BRDA:136,10,1,404
BRDA:141,11,0,360
BRDA:141,11,1,355
BRDA:141,11,2,55
BRDA:148,12,0,0
BRDA:148,12,1,0
BRDA:148,13,0,0
BRDA:148,13,1,0
BRDA:163,14,0,0
BRDA:163,14,1,0
BRDA:169,15,0,0
BRDA:169,15,1,0
BRDA:195,16,0,324
BRDA:195,16,1,36
BRDA:195,17,0,360
BRDA:195,17,1,360
BRDA:208,18,0,9
BRDA:208,18,1,2
BRDA:213,19,0,0
BRDA:213,19,1,2
BRDA:213,20,0,2
BRDA:213,20,1,2
BRDA:222,21,0,2
BRDA:222,21,1,10
BRDA:230,22,0,0
BRDA:230,22,1,3
BRDA:234,23,0,0
BRDA:234,23,1,0
BRDA:234,24,0,0
BRDA:234,24,1,0
BRDA:237,25,0,0
BRDA:237,25,1,0
BRDA:253,26,0,195
BRDA:253,26,1,616
BRDA:253,27,0,811
BRDA:253,27,1,621
BRDA:255,28,0,192
BRDA:255,28,1,3
BRDA:258,29,0,0
BRDA:258,29,1,3
BRDA:264,30,0,1
BRDA:264,30,1,2
BRDA:267,31,0,2
BRDA:267,31,1,0
BRDA:267,32,0,2
BRDA:267,32,1,0
BRDA:275,33,0,0
BRDA:275,33,1,192
BRF:70
BRH:48
end_of_record
